<?xml version="1.0" encoding="UTF-8"?>
<coverage generated="1719318874747" clover="3.2.0">
  <project timestamp="1719318874748" name="All files">
    <metrics statements="979" coveredstatements="524" conditionals="327" coveredconditionals="149" methods="330" coveredmethods="151" elements="1636" coveredelements="824" complexity="0" loc="979" ncloc="979" packages="14" files="41" classes="41"/>
    <package name="src">
      <metrics statements="2" coveredstatements="0" conditionals="0" coveredconditionals="0" methods="1" coveredmethods="0"/>
      <file name="App.jsx" path="C:\Users\hp\Downloads\diplreact\dipl\Frontend\src\App.jsx">
        <metrics statements="1" coveredstatements="0" conditionals="0" coveredconditionals="0" methods="1" coveredmethods="0"/>
        <line num="19" count="0" type="stmt"/>
      </file>
      <file name="main.jsx" path="C:\Users\hp\Downloads\diplreact\dipl\Frontend\src\main.jsx">
        <metrics statements="1" coveredstatements="0" conditionals="0" coveredconditionals="0" methods="0" coveredmethods="0"/>
        <line num="6" count="0" type="stmt"/>
      </file>
    </package>
    <package name="src.components.Admin">
      <metrics statements="52" coveredstatements="47" conditionals="45" coveredconditionals="35" methods="22" coveredmethods="18"/>
      <file name="AdminPannelGrid.jsx" path="C:\Users\hp\Downloads\diplreact\dipl\Frontend\src\components\Admin\AdminPannelGrid.jsx">
        <metrics statements="52" coveredstatements="47" conditionals="45" coveredconditionals="35" methods="22" coveredmethods="18"/>
        <line num="16" count="1" type="stmt"/>
        <line num="18" count="23" type="stmt"/>
        <line num="19" count="22" type="stmt"/>
        <line num="20" count="22" type="stmt"/>
        <line num="21" count="22" type="stmt"/>
        <line num="22" count="22" type="stmt"/>
        <line num="23" count="22" type="stmt"/>
        <line num="24" count="22" type="stmt"/>
        <line num="25" count="22" type="stmt"/>
        <line num="26" count="22" type="stmt"/>
        <line num="30" count="22" type="stmt"/>
        <line num="31" count="44" type="stmt"/>
        <line num="32" count="44" type="stmt"/>
        <line num="33" count="44" type="cond" truecount="2" falsecount="0"/>
        <line num="36" count="22" type="stmt"/>
        <line num="37" count="22" type="stmt"/>
        <line num="39" count="22" type="stmt"/>
        <line num="40" count="4" type="stmt"/>
        <line num="41" count="4" type="stmt"/>
        <line num="42" count="4" type="stmt"/>
        <line num="54" count="4" type="stmt"/>
        <line num="55" count="4" type="stmt"/>
        <line num="56" count="8" type="stmt"/>
        <line num="58" count="8" type="stmt"/>
        <line num="59" count="8" type="stmt"/>
        <line num="60" count="8" type="stmt"/>
        <line num="61" count="4" type="stmt"/>
        <line num="62" count="4" type="stmt"/>
        <line num="63" count="4" type="stmt"/>
        <line num="64" count="4" type="stmt"/>
        <line num="65" count="4" type="stmt"/>
        <line num="69" count="0" type="stmt"/>
        <line num="73" count="4" type="stmt"/>
        <line num="76" count="22" type="stmt"/>
        <line num="77" count="7" type="stmt"/>
        <line num="80" count="22" type="cond" truecount="0" falsecount="3"/>
        <line num="81" count="6" type="stmt"/>
        <line num="84" count="6" type="stmt"/>
        <line num="91" count="0" type="stmt"/>
        <line num="97" count="1" type="stmt"/>
        <line num="106" count="22" type="stmt"/>
        <line num="107" count="4" type="stmt"/>
        <line num="110" count="22" type="stmt"/>
        <line num="111" count="4" type="stmt"/>
        <line num="114" count="22" type="stmt"/>
        <line num="140" count="1" type="stmt"/>
        <line num="193" count="1" type="stmt"/>
        <line num="276" count="0" type="stmt"/>
        <line num="306" count="0" type="stmt"/>
        <line num="335" count="0" type="stmt"/>
        <line num="383" count="1" type="stmt"/>
        <line num="412" count="1" type="stmt"/>
      </file>
    </package>
    <package name="src.components.Common">
      <metrics statements="39" coveredstatements="22" conditionals="29" coveredconditionals="22" methods="12" coveredmethods="7"/>
      <file name="AdminRoute.jsx" path="C:\Users\hp\Downloads\diplreact\dipl\Frontend\src\components\Common\AdminRoute.jsx">
        <metrics statements="5" coveredstatements="5" conditionals="4" coveredconditionals="4" methods="1" coveredmethods="1"/>
        <line num="5" count="1" type="stmt"/>
        <line num="6" count="3" type="stmt"/>
        <line num="9" count="3" type="cond" truecount="4" falsecount="0"/>
        <line num="10" count="2" type="stmt"/>
        <line num="13" count="1" type="stmt"/>
      </file>
      <file name="Navbar2.jsx" path="C:\Users\hp\Downloads\diplreact\dipl\Frontend\src\components\Common\Navbar2.jsx">
        <metrics statements="9" coveredstatements="9" conditionals="11" coveredconditionals="10" methods="4" coveredmethods="4"/>
        <line num="7" count="1" type="stmt"/>
        <line num="8" count="10" type="stmt"/>
        <line num="9" count="10" type="stmt"/>
        <line num="10" count="10" type="cond" truecount="1" falsecount="1"/>
        <line num="13" count="1" type="stmt"/>
        <line num="16" count="10" type="stmt"/>
        <line num="17" count="10" type="stmt"/>
        <line num="65" count="1" type="stmt"/>
        <line num="70" count="1" type="stmt"/>
      </file>
      <file name="ProfileMenue.jsx" path="C:\Users\hp\Downloads\diplreact\dipl\Frontend\src\components\Common\ProfileMenue.jsx">
        <metrics statements="12" coveredstatements="0" conditionals="4" coveredconditionals="0" methods="4" coveredmethods="0"/>
        <line num="231" count="0" type="stmt"/>
        <line num="232" count="0" type="stmt"/>
        <line num="233" count="0" type="stmt"/>
        <line num="234" count="0" type="stmt"/>
        <line num="236" count="0" type="stmt"/>
        <line num="237" count="0" type="stmt"/>
        <line num="240" count="0" type="stmt"/>
        <line num="241" count="0" type="stmt"/>
        <line num="244" count="0" type="stmt"/>
        <line num="245" count="0" type="stmt"/>
        <line num="246" count="0" type="stmt"/>
        <line num="249" count="0" type="stmt"/>
      </file>
      <file name="ProtectedRoute.jsx" path="C:\Users\hp\Downloads\diplreact\dipl\Frontend\src\components\Common\ProtectedRoute.jsx">
        <metrics statements="6" coveredstatements="1" conditionals="2" coveredconditionals="0" methods="1" coveredmethods="0"/>
        <line num="5" count="1" type="stmt"/>
        <line num="6" count="0" type="stmt"/>
        <line num="8" count="0" type="stmt"/>
        <line num="10" count="0" type="cond" truecount="0" falsecount="2"/>
        <line num="11" count="0" type="stmt"/>
        <line num="14" count="0" type="stmt"/>
      </file>
      <file name="Sidebar.jsx" path="C:\Users\hp\Downloads\diplreact\dipl\Frontend\src\components\Common\Sidebar.jsx">
        <metrics statements="7" coveredstatements="7" conditionals="8" coveredconditionals="8" methods="2" coveredmethods="2"/>
        <line num="11" count="1" type="stmt"/>
        <line num="12" count="7" type="stmt"/>
        <line num="13" count="7" type="stmt"/>
        <line num="14" count="7" type="cond" truecount="2" falsecount="0"/>
        <line num="17" count="1" type="stmt"/>
        <line num="18" count="7" type="stmt"/>
        <line num="20" count="7" type="stmt"/>
      </file>
    </package>
    <package name="src.components.Common.FloatingButton">
      <metrics statements="2" coveredstatements="2" conditionals="0" coveredconditionals="0" methods="1" coveredmethods="1"/>
      <file name="TodoList.jsx" path="C:\Users\hp\Downloads\diplreact\dipl\Frontend\src\components\Common\FloatingButton\TodoList.jsx">
        <metrics statements="2" coveredstatements="2" conditionals="0" coveredconditionals="0" methods="1" coveredmethods="1"/>
        <line num="7" count="2" type="stmt"/>
        <line num="8" count="7" type="stmt"/>
      </file>
    </package>
    <package name="src.components.Companies">
      <metrics statements="130" coveredstatements="103" conditionals="42" coveredconditionals="31" methods="52" coveredmethods="38"/>
      <file name="AddCompaniesForm.jsx" path="C:\Users\hp\Downloads\diplreact\dipl\Frontend\src\components\Companies\AddCompaniesForm.jsx">
        <metrics statements="43" coveredstatements="27" conditionals="2" coveredconditionals="2" methods="25" coveredmethods="19"/>
        <line num="8" count="2" type="stmt"/>
        <line num="9" count="7" type="stmt"/>
        <line num="10" count="7" type="stmt"/>
        <line num="12" count="7" type="stmt"/>
        <line num="14" count="4" type="stmt"/>
        <line num="15" count="4" type="stmt"/>
        <line num="17" count="4" type="stmt"/>
        <line num="19" count="12" type="stmt"/>
        <line num="21" count="4" type="stmt"/>
        <line num="23" count="0" type="stmt"/>
        <line num="27" count="7" type="stmt"/>
        <line num="61" count="7" type="stmt"/>
        <line num="79" count="7" type="stmt"/>
        <line num="80" count="0" type="stmt"/>
        <line num="81" count="0" type="stmt"/>
        <line num="82" count="0" type="stmt"/>
        <line num="83" count="0" type="stmt"/>
        <line num="84" count="0" type="stmt"/>
        <line num="85" count="0" type="stmt"/>
        <line num="86" count="0" type="stmt"/>
        <line num="87" count="0" type="stmt"/>
        <line num="89" count="0" type="stmt"/>
        <line num="90" count="0" type="stmt"/>
        <line num="91" count="0" type="stmt"/>
        <line num="95" count="7" type="stmt"/>
        <line num="99" count="122" type="stmt"/>
        <line num="219" count="327" type="stmt"/>
        <line num="226" count="122" type="stmt"/>
        <line num="228" count="160" type="stmt"/>
        <line num="256" count="0" type="stmt"/>
        <line num="265" count="1" type="stmt"/>
        <line num="276" count="122" type="stmt"/>
        <line num="278" count="150" type="stmt"/>
        <line num="294" count="150" type="stmt"/>
        <line num="296" count="172" type="stmt"/>
        <line num="305" count="0" type="stmt"/>
        <line num="314" count="1" type="stmt"/>
        <line num="324" count="0" type="stmt"/>
        <line num="333" count="1" type="stmt"/>
        <line num="344" count="122" type="stmt"/>
        <line num="346" count="140" type="stmt"/>
        <line num="374" count="0" type="stmt"/>
        <line num="383" count="1" type="stmt"/>
      </file>
      <file name="CompaniesProfile.jsx" path="C:\Users\hp\Downloads\diplreact\dipl\Frontend\src\components\Companies\CompaniesProfile.jsx">
        <metrics statements="41" coveredstatements="35" conditionals="32" coveredconditionals="22" methods="12" coveredmethods="6"/>
        <line num="22" count="1" type="stmt"/>
        <line num="23" count="12" type="stmt"/>
        <line num="24" count="11" type="stmt"/>
        <line num="25" count="11" type="stmt"/>
        <line num="26" count="11" type="stmt"/>
        <line num="27" count="11" type="stmt"/>
        <line num="28" count="11" type="stmt"/>
        <line num="29" count="11" type="stmt"/>
        <line num="30" count="11" type="stmt"/>
        <line num="31" count="11" type="stmt"/>
        <line num="33" count="11" type="stmt"/>
        <line num="34" count="1" type="stmt"/>
        <line num="36" count="11" type="stmt"/>
        <line num="37" count="0" type="stmt"/>
        <line num="39" count="11" type="stmt"/>
        <line num="40" count="1" type="stmt"/>
        <line num="42" count="11" type="stmt"/>
        <line num="43" count="0" type="stmt"/>
        <line num="45" count="11" type="stmt"/>
        <line num="46" count="0" type="stmt"/>
        <line num="51" count="11" type="stmt"/>
        <line num="52" count="0" type="cond" truecount="0" falsecount="2"/>
        <line num="55" count="11" type="stmt"/>
        <line num="57" count="11" type="stmt"/>
        <line num="58" count="5" type="stmt"/>
        <line num="61" count="11" type="stmt"/>
        <line num="62" count="5" type="stmt"/>
        <line num="63" count="5" type="stmt"/>
        <line num="64" count="3" type="stmt"/>
        <line num="65" count="2" type="stmt"/>
        <line num="66" count="2" type="stmt"/>
        <line num="68" count="3" type="stmt"/>
        <line num="69" count="3" type="stmt"/>
        <line num="73" count="11" type="cond" truecount="2" falsecount="0"/>
        <line num="74" count="5" type="stmt"/>
        <line num="77" count="6" type="cond" truecount="2" falsecount="0"/>
        <line num="78" count="2" type="stmt"/>
        <line num="80" count="4" type="stmt"/>
        <line num="199" count="1" type="stmt"/>
        <line num="202" count="0" type="stmt"/>
        <line num="233" count="0" type="stmt"/>
      </file>
      <file name="CompaniesTable.jsx" path="C:\Users\hp\Downloads\diplreact\dipl\Frontend\src\components\Companies\CompaniesTable.jsx">
        <metrics statements="46" coveredstatements="41" conditionals="8" coveredconditionals="7" methods="15" coveredmethods="13"/>
        <line num="17" count="1" type="stmt"/>
        <line num="18" count="9" type="stmt"/>
        <line num="19" count="8" type="stmt"/>
        <line num="20" count="8" type="stmt"/>
        <line num="21" count="8" type="stmt"/>
        <line num="22" count="8" type="stmt"/>
        <line num="24" count="8" type="stmt"/>
        <line num="25" count="4" type="stmt"/>
        <line num="26" count="4" type="stmt"/>
        <line num="27" count="4" type="stmt"/>
        <line num="28" count="4" type="stmt"/>
        <line num="29" count="4" type="stmt"/>
        <line num="32" count="3" type="stmt"/>
        <line num="38" count="2" type="stmt"/>
        <line num="40" count="2" type="cond" truecount="3" falsecount="1"/>
        <line num="41" count="2" type="stmt"/>
        <line num="42" count="2" type="stmt"/>
        <line num="43" count="2" type="stmt"/>
        <line num="44" count="0" type="stmt"/>
        <line num="45" count="0" type="stmt"/>
        <line num="50" count="2" type="stmt"/>
        <line num="52" count="2" type="stmt"/>
        <line num="59" count="0" type="stmt"/>
        <line num="66" count="2" type="stmt"/>
        <line num="68" count="2" type="stmt"/>
        <line num="69" count="2" type="stmt"/>
        <line num="71" count="4" type="stmt"/>
        <line num="75" count="4" type="stmt"/>
        <line num="79" count="8" type="stmt"/>
        <line num="86" count="6" type="stmt"/>
        <line num="96" count="6" type="stmt"/>
        <line num="106" count="6" type="stmt"/>
        <line num="116" count="6" type="stmt"/>
        <line num="126" count="6" type="stmt"/>
        <line num="127" count="6" type="stmt"/>
        <line num="129" count="6" type="stmt"/>
        <line num="131" count="1" type="stmt"/>
        <line num="142" count="8" type="stmt"/>
        <line num="143" count="0" type="stmt"/>
        <line num="146" count="8" type="stmt"/>
        <line num="147" count="0" type="stmt"/>
        <line num="150" count="8" type="stmt"/>
        <line num="162" count="4" type="stmt"/>
        <line num="173" count="8" type="stmt"/>
        <line num="174" count="8" type="stmt"/>
        <line num="208" count="8" type="stmt"/>
      </file>
    </package>
    <package name="src.components.Home">
      <metrics statements="10" coveredstatements="10" conditionals="0" coveredconditionals="0" methods="5" coveredmethods="5"/>
      <file name="Footer.jsx" path="C:\Users\hp\Downloads\diplreact\dipl\Frontend\src\components\Home\Footer.jsx">
        <metrics statements="2" coveredstatements="2" conditionals="0" coveredconditionals="0" methods="1" coveredmethods="1"/>
        <line num="3" count="1" type="stmt"/>
        <line num="4" count="2" type="stmt"/>
      </file>
      <file name="Header.jsx" path="C:\Users\hp\Downloads\diplreact\dipl\Frontend\src\components\Home\Header.jsx">
        <metrics statements="2" coveredstatements="2" conditionals="0" coveredconditionals="0" methods="1" coveredmethods="1"/>
        <line num="3" count="1" type="stmt"/>
        <line num="4" count="1" type="stmt"/>
      </file>
      <file name="Hero_card.jsx" path="C:\Users\hp\Downloads\diplreact\dipl\Frontend\src\components\Home\Hero_card.jsx">
        <metrics statements="2" coveredstatements="2" conditionals="0" coveredconditionals="0" methods="1" coveredmethods="1"/>
        <line num="3" count="1" type="stmt"/>
        <line num="4" count="2" type="stmt"/>
      </file>
      <file name="Navbar.jsx" path="C:\Users\hp\Downloads\diplreact\dipl\Frontend\src\components\Home\Navbar.jsx">
        <metrics statements="2" coveredstatements="2" conditionals="0" coveredconditionals="0" methods="1" coveredmethods="1"/>
        <line num="6" count="1" type="stmt"/>
        <line num="7" count="2" type="stmt"/>
      </file>
      <file name="service_grid.jsx" path="C:\Users\hp\Downloads\diplreact\dipl\Frontend\src\components\Home\service_grid.jsx">
        <metrics statements="2" coveredstatements="2" conditionals="0" coveredconditionals="0" methods="1" coveredmethods="1"/>
        <line num="5" count="1" type="stmt"/>
        <line num="6" count="1" type="stmt"/>
      </file>
    </package>
    <package name="src.components.Meetings">
      <metrics statements="121" coveredstatements="64" conditionals="22" coveredconditionals="6" methods="41" coveredmethods="12"/>
      <file name="AssignMeetingsForm.jsx" path="C:\Users\hp\Downloads\diplreact\dipl\Frontend\src\components\Meetings\AssignMeetingsForm.jsx">
        <metrics statements="27" coveredstatements="1" conditionals="12" coveredconditionals="0" methods="9" coveredmethods="0"/>
        <line num="7" count="3" type="stmt"/>
        <line num="8" count="0" type="stmt"/>
        <line num="10" count="0" type="stmt"/>
        <line num="20" count="0" type="stmt"/>
        <line num="33" count="0" type="stmt"/>
        <line num="35" count="0" type="stmt"/>
        <line num="37" count="0" type="stmt"/>
        <line num="38" count="0" type="stmt"/>
        <line num="39" count="0" type="stmt"/>
        <line num="40" count="0" type="stmt"/>
        <line num="41" count="0" type="stmt"/>
        <line num="42" count="0" type="stmt"/>
        <line num="46" count="0" type="stmt"/>
        <line num="50" count="0" type="stmt"/>
        <line num="66" count="0" type="stmt"/>
        <line num="75" count="0" type="stmt"/>
        <line num="76" count="0" type="stmt"/>
        <line num="77" count="0" type="cond" truecount="0" falsecount="2"/>
        <line num="79" count="0" type="stmt"/>
        <line num="81" count="0" type="stmt"/>
        <line num="103" count="0" type="stmt"/>
        <line num="112" count="0" type="stmt"/>
        <line num="113" count="0" type="stmt"/>
        <line num="114" count="0" type="cond" truecount="0" falsecount="2"/>
        <line num="115" count="0" type="stmt"/>
        <line num="117" count="0" type="stmt"/>
        <line num="118" count="0" type="stmt"/>
      </file>
      <file name="MeetingsTable.jsx" path="C:\Users\hp\Downloads\diplreact\dipl\Frontend\src\components\Meetings\MeetingsTable.jsx">
        <metrics statements="94" coveredstatements="63" conditionals="10" coveredconditionals="6" methods="32" coveredmethods="12"/>
        <line num="8" count="3" type="stmt"/>
        <line num="9" count="20" type="stmt"/>
        <line num="10" count="20" type="stmt"/>
        <line num="11" count="20" type="stmt"/>
        <line num="12" count="20" type="stmt"/>
        <line num="13" count="20" type="stmt"/>
        <line num="14" count="20" type="stmt"/>
        <line num="15" count="20" type="stmt"/>
        <line num="23" count="20" type="stmt"/>
        <line num="24" count="20" type="stmt"/>
        <line num="26" count="20" type="stmt"/>
        <line num="28" count="10" type="stmt"/>
        <line num="29" count="10" type="stmt"/>
        <line num="32" count="20" type="stmt"/>
        <line num="33" count="10" type="stmt"/>
        <line num="34" count="10" type="stmt"/>
        <line num="35" count="100" type="stmt"/>
        <line num="36" count="100" type="stmt"/>
        <line num="45" count="100" type="stmt"/>
        <line num="47" count="10" type="stmt"/>
        <line num="50" count="20" type="stmt"/>
        <line num="51" count="354" type="stmt"/>
        <line num="54" count="20" type="stmt"/>
        <line num="55" count="100" type="stmt"/>
        <line num="56" count="100" type="stmt"/>
        <line num="57" count="100" type="stmt"/>
        <line num="58" count="100" type="stmt"/>
        <line num="61" count="20" type="stmt"/>
        <line num="62" count="100" type="stmt"/>
        <line num="63" count="100" type="stmt"/>
        <line num="64" count="100" type="stmt"/>
        <line num="67" count="20" type="stmt"/>
        <line num="68" count="100" type="stmt"/>
        <line num="69" count="100" type="stmt"/>
        <line num="70" count="100" type="stmt"/>
        <line num="73" count="20" type="stmt"/>
        <line num="74" count="54" type="stmt"/>
        <line num="75" count="54" type="stmt"/>
        <line num="76" count="54" type="stmt"/>
        <line num="77" count="200" type="stmt"/>
        <line num="79" count="54" type="stmt"/>
        <line num="81" count="20" type="stmt"/>
        <line num="83" count="20" type="stmt"/>
        <line num="84" count="0" type="stmt"/>
        <line num="87" count="20" type="stmt"/>
        <line num="88" count="0" type="stmt"/>
        <line num="91" count="20" type="stmt"/>
        <line num="92" count="0" type="stmt"/>
        <line num="93" count="0" type="stmt"/>
        <line num="96" count="20" type="stmt"/>
        <line num="97" count="0" type="stmt"/>
        <line num="100" count="20" type="stmt"/>
        <line num="101" count="0" type="stmt"/>
        <line num="102" count="0" type="stmt"/>
        <line num="105" count="20" type="stmt"/>
        <line num="106" count="0" type="stmt"/>
        <line num="109" count="20" type="stmt"/>
        <line num="110" count="0" type="stmt"/>
        <line num="111" count="0" type="stmt"/>
        <line num="114" count="20" type="stmt"/>
        <line num="115" count="0" type="stmt"/>
        <line num="116" count="0" type="stmt"/>
        <line num="126" count="20" type="stmt"/>
        <line num="127" count="0" type="stmt"/>
        <line num="128" count="0" type="stmt"/>
        <line num="134" count="20" type="stmt"/>
        <line num="136" count="0" type="stmt"/>
        <line num="140" count="0" type="stmt"/>
        <line num="141" count="0" type="stmt"/>
        <line num="142" count="0" type="stmt"/>
        <line num="145" count="20" type="stmt"/>
        <line num="146" count="0" type="stmt"/>
        <line num="147" count="0" type="stmt"/>
        <line num="150" count="20" type="stmt"/>
        <line num="151" count="0" type="stmt"/>
        <line num="154" count="20" type="stmt"/>
        <line num="155" count="0" type="cond" truecount="0" falsecount="2"/>
        <line num="157" count="0" type="stmt"/>
        <line num="158" count="0" type="stmt"/>
        <line num="159" count="0" type="stmt"/>
        <line num="160" count="0" type="stmt"/>
        <line num="163" count="20" type="stmt"/>
        <line num="175" count="200" type="stmt"/>
        <line num="176" count="0" type="stmt"/>
        <line num="200" count="20" type="stmt"/>
        <line num="207" count="30" type="stmt"/>
        <line num="216" count="20" type="stmt"/>
        <line num="217" count="20" type="stmt"/>
        <line num="250" count="20" type="stmt"/>
        <line num="363" count="0" type="stmt"/>
        <line num="365" count="0" type="stmt"/>
        <line num="372" count="0" type="stmt"/>
        <line num="390" count="100" type="stmt"/>
        <line num="437" count="0" type="stmt"/>
      </file>
    </package>
    <package name="src.components.Projects">
      <metrics statements="97" coveredstatements="54" conditionals="12" coveredconditionals="0" methods="33" coveredmethods="11"/>
      <file name="AssignProjectForm.jsx" path="C:\Users\hp\Downloads\diplreact\dipl\Frontend\src\components\Projects\AssignProjectForm.jsx">
        <metrics statements="13" coveredstatements="1" conditionals="2" coveredconditionals="0" methods="4" coveredmethods="0"/>
        <line num="6" count="3" type="stmt"/>
        <line num="7" count="0" type="stmt"/>
        <line num="9" count="0" type="stmt"/>
        <line num="16" count="0" type="stmt"/>
        <line num="23" count="0" type="stmt"/>
        <line num="25" count="0" type="stmt"/>
        <line num="26" count="0" type="stmt"/>
        <line num="27" count="0" type="stmt"/>
        <line num="28" count="0" type="stmt"/>
        <line num="29" count="0" type="stmt"/>
        <line num="30" count="0" type="stmt"/>
        <line num="34" count="0" type="stmt"/>
        <line num="38" count="0" type="stmt"/>
      </file>
      <file name="ProjectTable.jsx" path="C:\Users\hp\Downloads\diplreact\dipl\Frontend\src\components\Projects\ProjectTable.jsx">
        <metrics statements="84" coveredstatements="53" conditionals="10" coveredconditionals="0" methods="29" coveredmethods="11"/>
        <line num="8" count="3" type="stmt"/>
        <line num="9" count="21" type="stmt"/>
        <line num="10" count="20" type="stmt"/>
        <line num="11" count="20" type="stmt"/>
        <line num="12" count="20" type="stmt"/>
        <line num="13" count="20" type="stmt"/>
        <line num="14" count="20" type="stmt"/>
        <line num="15" count="20" type="stmt"/>
        <line num="20" count="20" type="stmt"/>
        <line num="21" count="20" type="stmt"/>
        <line num="22" count="20" type="stmt"/>
        <line num="24" count="20" type="stmt"/>
        <line num="26" count="10" type="stmt"/>
        <line num="27" count="10" type="stmt"/>
        <line num="30" count="20" type="stmt"/>
        <line num="31" count="10" type="stmt"/>
        <line num="32" count="10" type="stmt"/>
        <line num="33" count="100" type="stmt"/>
        <line num="45" count="10" type="stmt"/>
        <line num="48" count="20" type="stmt"/>
        <line num="49" count="200" type="stmt"/>
        <line num="52" count="20" type="stmt"/>
        <line num="53" count="200" type="stmt"/>
        <line num="54" count="200" type="stmt"/>
        <line num="55" count="200" type="stmt"/>
        <line num="56" count="200" type="stmt"/>
        <line num="59" count="20" type="stmt"/>
        <line num="60" count="100" type="stmt"/>
        <line num="61" count="100" type="stmt"/>
        <line num="62" count="100" type="stmt"/>
        <line num="65" count="20" type="stmt"/>
        <line num="66" count="100" type="stmt"/>
        <line num="69" count="20" type="stmt"/>
        <line num="70" count="0" type="stmt"/>
        <line num="73" count="20" type="stmt"/>
        <line num="74" count="0" type="stmt"/>
        <line num="77" count="20" type="stmt"/>
        <line num="78" count="0" type="stmt"/>
        <line num="79" count="0" type="stmt"/>
        <line num="82" count="20" type="stmt"/>
        <line num="83" count="0" type="stmt"/>
        <line num="86" count="20" type="stmt"/>
        <line num="87" count="0" type="stmt"/>
        <line num="88" count="0" type="stmt"/>
        <line num="91" count="20" type="stmt"/>
        <line num="92" count="0" type="stmt"/>
        <line num="95" count="20" type="stmt"/>
        <line num="96" count="0" type="stmt"/>
        <line num="97" count="0" type="stmt"/>
        <line num="100" count="20" type="stmt"/>
        <line num="101" count="0" type="stmt"/>
        <line num="104" count="20" type="stmt"/>
        <line num="105" count="0" type="stmt"/>
        <line num="106" count="0" type="stmt"/>
        <line num="112" count="20" type="stmt"/>
        <line num="113" count="0" type="cond" truecount="0" falsecount="6"/>
        <line num="115" count="0" type="stmt"/>
        <line num="116" count="0" type="cond" truecount="0" falsecount="2"/>
        <line num="117" count="0" type="stmt"/>
        <line num="124" count="0" type="stmt"/>
        <line num="127" count="0" type="stmt"/>
        <line num="128" count="0" type="stmt"/>
        <line num="129" count="0" type="stmt"/>
        <line num="132" count="20" type="stmt"/>
        <line num="133" count="0" type="stmt"/>
        <line num="134" count="0" type="stmt"/>
        <line num="137" count="20" type="stmt"/>
        <line num="138" count="0" type="stmt"/>
        <line num="141" count="20" type="stmt"/>
        <line num="142" count="0" type="cond" truecount="0" falsecount="2"/>
        <line num="144" count="0" type="stmt"/>
        <line num="145" count="0" type="stmt"/>
        <line num="146" count="0" type="stmt"/>
        <line num="147" count="0" type="stmt"/>
        <line num="150" count="20" type="stmt"/>
        <line num="162" count="200" type="stmt"/>
        <line num="171" count="200" type="stmt"/>
        <line num="172" count="0" type="stmt"/>
        <line num="196" count="20" type="stmt"/>
        <line num="203" count="30" type="stmt"/>
        <line num="212" count="20" type="stmt"/>
        <line num="213" count="20" type="stmt"/>
        <line num="250" count="20" type="stmt"/>
        <line num="376" count="0" type="stmt"/>
      </file>
    </package>
    <package name="src.components.Tasks">
      <metrics statements="239" coveredstatements="109" conditionals="85" coveredconditionals="15" methods="60" coveredmethods="19"/>
      <file name="AssignTaskForm.jsx" path="C:\Users\hp\Downloads\diplreact\dipl\Frontend\src\components\Tasks\AssignTaskForm.jsx">
        <metrics statements="30" coveredstatements="27" conditionals="4" coveredconditionals="4" methods="7" coveredmethods="6"/>
        <line num="7" count="4" type="stmt"/>
        <line num="8" count="10" type="stmt"/>
        <line num="9" count="10" type="stmt"/>
        <line num="10" count="10" type="stmt"/>
        <line num="12" count="10" type="stmt"/>
        <line num="14" count="5" type="stmt"/>
        <line num="15" count="5" type="stmt"/>
        <line num="16" count="5" type="stmt"/>
        <line num="17" count="5" type="stmt"/>
        <line num="19" count="1" type="stmt"/>
        <line num="22" count="5" type="stmt"/>
        <line num="25" count="10" type="stmt"/>
        <line num="34" count="10" type="stmt"/>
        <line num="43" count="10" type="stmt"/>
        <line num="44" count="4" type="stmt"/>
        <line num="45" count="4" type="stmt"/>
        <line num="46" count="2" type="stmt"/>
        <line num="47" count="2" type="stmt"/>
        <line num="48" count="2" type="stmt"/>
        <line num="49" count="2" type="stmt"/>
        <line num="50" count="2" type="stmt"/>
        <line num="51" count="0" type="stmt"/>
        <line num="52" count="0" type="stmt"/>
        <line num="53" count="0" type="stmt"/>
        <line num="56" count="2" type="stmt"/>
        <line num="57" count="2" type="stmt"/>
        <line num="59" count="4" type="stmt"/>
        <line num="63" count="10" type="stmt"/>
        <line num="67" count="43" type="stmt"/>
        <line num="92" count="25" type="stmt"/>
      </file>
      <file name="CustomSnackbar.jsx" path="C:\Users\hp\Downloads\diplreact\dipl\Frontend\src\components\Tasks\CustomSnackbar.jsx">
        <metrics statements="3" coveredstatements="3" conditionals="2" coveredconditionals="2" methods="2" coveredmethods="2"/>
        <line num="6" count="6" type="stmt"/>
        <line num="11" count="1" type="stmt"/>
        <line num="12" count="3" type="stmt"/>
      </file>
      <file name="TaskTable.jsx" path="C:\Users\hp\Downloads\diplreact\dipl\Frontend\src\components\Tasks\TaskTable.jsx">
        <metrics statements="206" coveredstatements="79" conditionals="79" coveredconditionals="9" methods="51" coveredmethods="11"/>
        <line num="22" count="3" type="stmt"/>
        <line num="23" count="13" type="stmt"/>
        <line num="56" count="3" type="stmt"/>
        <line num="57" count="16" type="stmt"/>
        <line num="58" count="13" type="stmt"/>
        <line num="59" count="13" type="stmt"/>
        <line num="60" count="13" type="stmt"/>
        <line num="61" count="13" type="stmt"/>
        <line num="62" count="13" type="stmt"/>
        <line num="63" count="13" type="stmt"/>
        <line num="71" count="13" type="stmt"/>
        <line num="72" count="13" type="stmt"/>
        <line num="73" count="13" type="stmt"/>
        <line num="74" count="13" type="stmt"/>
        <line num="75" count="13" type="stmt"/>
        <line num="76" count="13" type="stmt"/>
        <line num="77" count="13" type="stmt"/>
        <line num="78" count="13" type="stmt"/>
        <line num="79" count="13" type="stmt"/>
        <line num="80" count="13" type="stmt"/>
        <line num="81" count="13" type="stmt"/>
        <line num="82" count="13" type="stmt"/>
        <line num="83" count="13" type="stmt"/>
        <line num="85" count="13" type="stmt"/>
        <line num="87" count="9" type="stmt"/>
        <line num="88" count="9" type="stmt"/>
        <line num="91" count="13" type="stmt"/>
        <line num="93" count="13" type="stmt"/>
        <line num="94" count="9" type="stmt"/>
        <line num="95" count="9" type="stmt"/>
        <line num="96" count="4" type="stmt"/>
        <line num="98" count="1" type="stmt"/>
        <line num="102" count="13" type="stmt"/>
        <line num="103" count="9" type="stmt"/>
        <line num="104" count="9" type="stmt"/>
        <line num="105" count="4" type="stmt"/>
        <line num="106" count="2" type="cond" truecount="1" falsecount="1"/>
        <line num="108" count="0" type="stmt"/>
        <line num="112" count="2" type="cond" truecount="1" falsecount="1"/>
        <line num="114" count="0" type="stmt"/>
        <line num="119" count="2" type="stmt"/>
        <line num="120" count="2" type="stmt"/>
        <line num="123" count="2" type="cond" truecount="0" falsecount="2"/>
        <line num="125" count="0" type="stmt"/>
        <line num="139" count="1" type="stmt"/>
        <line num="141" count="3" type="stmt"/>
        <line num="146" count="13" type="stmt"/>
        <line num="147" count="1" type="stmt"/>
        <line num="150" count="13" type="stmt"/>
        <line num="151" count="0" type="stmt"/>
        <line num="154" count="13" type="stmt"/>
        <line num="155" count="0" type="stmt"/>
        <line num="156" count="0" type="stmt"/>
        <line num="159" count="13" type="stmt"/>
        <line num="160" count="0" type="stmt"/>
        <line num="163" count="13" type="stmt"/>
        <line num="164" count="0" type="stmt"/>
        <line num="165" count="0" type="stmt"/>
        <line num="168" count="13" type="stmt"/>
        <line num="169" count="0" type="stmt"/>
        <line num="172" count="13" type="stmt"/>
        <line num="173" count="4" type="stmt"/>
        <line num="174" count="4" type="stmt"/>
        <line num="175" count="4" type="stmt"/>
        <line num="176" count="4" type="stmt"/>
        <line num="177" count="4" type="stmt"/>
        <line num="180" count="13" type="stmt"/>
        <line num="181" count="0" type="stmt"/>
        <line num="189" count="0" type="stmt"/>
        <line num="190" count="0" type="stmt"/>
        <line num="193" count="13" type="stmt"/>
        <line num="194" count="0" type="stmt"/>
        <line num="197" count="13" type="stmt"/>
        <line num="198" count="0" type="stmt"/>
        <line num="199" count="0" type="stmt"/>
        <line num="205" count="13" type="stmt"/>
        <line num="207" count="13" type="stmt"/>
        <line num="208" count="0" type="cond" truecount="0" falsecount="2"/>
        <line num="216" count="0" type="stmt"/>
        <line num="219" count="0" type="stmt"/>
        <line num="220" count="0" type="stmt"/>
        <line num="229" count="0" type="stmt"/>
        <line num="230" count="0" type="cond" truecount="0" falsecount="2"/>
        <line num="231" count="0" type="stmt"/>
        <line num="232" count="0" type="stmt"/>
        <line num="242" count="0" type="stmt"/>
        <line num="245" count="0" type="stmt"/>
        <line num="246" count="0" type="stmt"/>
        <line num="247" count="0" type="stmt"/>
        <line num="248" count="0" type="stmt"/>
        <line num="249" count="0" type="stmt"/>
        <line num="251" count="0" type="cond" truecount="0" falsecount="5"/>
        <line num="252" count="0" type="stmt"/>
        <line num="253" count="0" type="stmt"/>
        <line num="255" count="0" type="stmt"/>
        <line num="256" count="0" type="stmt"/>
        <line num="258" count="0" type="stmt"/>
        <line num="263" count="13" type="stmt"/>
        <line num="264" count="0" type="stmt"/>
        <line num="265" count="0" type="stmt"/>
        <line num="268" count="13" type="stmt"/>
        <line num="269" count="0" type="stmt"/>
        <line num="272" count="13" type="stmt"/>
        <line num="273" count="0" type="cond" truecount="0" falsecount="2"/>
        <line num="275" count="0" type="stmt"/>
        <line num="276" count="0" type="stmt"/>
        <line num="278" count="0" type="stmt"/>
        <line num="279" count="0" type="stmt"/>
        <line num="280" count="0" type="stmt"/>
        <line num="281" count="0" type="stmt"/>
        <line num="282" count="0" type="stmt"/>
        <line num="283" count="0" type="stmt"/>
        <line num="285" count="0" type="cond" truecount="0" falsecount="5"/>
        <line num="286" count="0" type="stmt"/>
        <line num="287" count="0" type="stmt"/>
        <line num="289" count="0" type="stmt"/>
        <line num="290" count="0" type="stmt"/>
        <line num="292" count="0" type="stmt"/>
        <line num="296" count="13" type="stmt"/>
        <line num="297" count="0" type="cond" truecount="0" falsecount="4"/>
        <line num="298" count="0" type="stmt"/>
        <line num="299" count="0" type="stmt"/>
        <line num="300" count="0" type="stmt"/>
        <line num="302" count="0" type="stmt"/>
        <line num="303" count="0" type="stmt"/>
        <line num="306" count="13" type="stmt"/>
        <line num="307" count="0" type="stmt"/>
        <line num="310" count="13" type="stmt"/>
        <line num="311" count="0" type="cond" truecount="0" falsecount="4"/>
        <line num="313" count="0" type="stmt"/>
        <line num="314" count="0" type="stmt"/>
        <line num="318" count="0" type="stmt"/>
        <line num="319" count="0" type="cond" truecount="0" falsecount="2"/>
        <line num="320" count="0" type="stmt"/>
        <line num="325" count="0" type="stmt"/>
        <line num="328" count="0" type="stmt"/>
        <line num="329" count="0" type="stmt"/>
        <line num="330" count="0" type="stmt"/>
        <line num="331" count="0" type="stmt"/>
        <line num="332" count="0" type="stmt"/>
        <line num="334" count="0" type="stmt"/>
        <line num="338" count="13" type="stmt"/>
        <line num="339" count="0" type="stmt"/>
        <line num="340" count="0" type="stmt"/>
        <line num="343" count="13" type="stmt"/>
        <line num="344" count="0" type="stmt"/>
        <line num="347" count="13" type="stmt"/>
        <line num="348" count="0" type="cond" truecount="0" falsecount="5"/>
        <line num="350" count="0" type="stmt"/>
        <line num="351" count="0" type="stmt"/>
        <line num="356" count="0" type="stmt"/>
        <line num="357" count="0" type="cond" truecount="0" falsecount="2"/>
        <line num="358" count="0" type="stmt"/>
        <line num="363" count="0" type="stmt"/>
        <line num="366" count="0" type="stmt"/>
        <line num="367" count="0" type="stmt"/>
        <line num="368" count="0" type="stmt"/>
        <line num="369" count="0" type="stmt"/>
        <line num="370" count="0" type="stmt"/>
        <line num="372" count="0" type="stmt"/>
        <line num="377" count="13" type="stmt"/>
        <line num="378" count="0" type="stmt"/>
        <line num="379" count="0" type="stmt"/>
        <line num="380" count="0" type="stmt"/>
        <line num="381" count="0" type="stmt"/>
        <line num="382" count="0" type="stmt"/>
        <line num="384" count="0" type="stmt"/>
        <line num="386" count="0" type="stmt"/>
        <line num="389" count="13" type="stmt"/>
        <line num="390" count="0" type="stmt"/>
        <line num="392" count="13" type="stmt"/>
        <line num="402" count="0" type="cond" truecount="0" falsecount="4"/>
        <line num="410" count="0" type="cond" truecount="0" falsecount="4"/>
        <line num="422" count="0" type="stmt"/>
        <line num="424" count="0" type="stmt"/>
        <line num="448" count="0" type="stmt"/>
        <line num="456" count="13" type="stmt"/>
        <line num="457" count="0" type="stmt"/>
        <line num="458" count="0" type="stmt"/>
        <line num="459" count="0" type="stmt"/>
        <line num="461" count="0" type="cond" truecount="0" falsecount="2"/>
        <line num="462" count="0" type="stmt"/>
        <line num="463" count="0" type="cond" truecount="0" falsecount="2"/>
        <line num="464" count="0" type="stmt"/>
        <line num="466" count="0" type="cond" truecount="0" falsecount="5"/>
        <line num="468" count="0" type="stmt"/>
        <line num="469" count="0" type="stmt"/>
        <line num="471" count="0" type="stmt"/>
        <line num="472" count="0" type="stmt"/>
        <line num="474" count="0" type="stmt"/>
        <line num="475" count="0" type="stmt"/>
        <line num="477" count="0" type="stmt"/>
        <line num="478" count="0" type="stmt"/>
        <line num="480" count="0" type="stmt"/>
        <line num="484" count="0" type="stmt"/>
        <line num="487" count="13" type="stmt"/>
        <line num="495" count="17" type="stmt"/>
        <line num="506" count="13" type="stmt"/>
        <line num="599" count="6" type="stmt"/>
        <line num="632" count="52" type="stmt"/>
        <line num="688" count="0" type="stmt"/>
        <line num="712" count="0" type="stmt"/>
        <line num="721" count="0" type="stmt"/>
        <line num="743" count="0" type="stmt"/>
        <line num="777" count="0" type="stmt"/>
        <line num="783" count="0" type="stmt"/>
      </file>
    </package>
    <package name="src.components.Tool.Meetings">
      <metrics statements="2" coveredstatements="2" conditionals="0" coveredconditionals="0" methods="1" coveredmethods="1"/>
      <file name="MeetingsSystem.jsx" path="C:\Users\hp\Downloads\diplreact\dipl\Frontend\src\components\Tool\Meetings\MeetingsSystem.jsx">
        <metrics statements="2" coveredstatements="2" conditionals="0" coveredconditionals="0" methods="1" coveredmethods="1"/>
        <line num="3" count="1" type="stmt"/>
        <line num="4" count="1" type="stmt"/>
      </file>
    </package>
    <package name="src.components.Tool.TaskManagement">
      <metrics statements="2" coveredstatements="2" conditionals="0" coveredconditionals="0" methods="1" coveredmethods="1"/>
      <file name="Taskmanajement.jsx" path="C:\Users\hp\Downloads\diplreact\dipl\Frontend\src\components\Tool\TaskManagement\Taskmanajement.jsx">
        <metrics statements="2" coveredstatements="2" conditionals="0" coveredconditionals="0" methods="1" coveredmethods="1"/>
        <line num="7" count="1" type="stmt"/>
        <line num="8" count="2" type="stmt"/>
      </file>
    </package>
    <package name="src.components.Tool.TaskManagement.components">
      <metrics statements="38" coveredstatements="38" conditionals="24" coveredconditionals="22" methods="17" coveredmethods="17"/>
      <file name="TaskCard.jsx" path="C:\Users\hp\Downloads\diplreact\dipl\Frontend\src\components\Tool\TaskManagement\components\TaskCard.jsx">
        <metrics statements="38" coveredstatements="38" conditionals="24" coveredconditionals="22" methods="17" coveredmethods="17"/>
        <line num="5" count="2" type="stmt"/>
        <line num="6" count="19" type="stmt"/>
        <line num="7" count="19" type="stmt"/>
        <line num="8" count="19" type="stmt"/>
        <line num="9" count="19" type="stmt"/>
        <line num="10" count="19" type="stmt"/>
        <line num="11" count="19" type="stmt"/>
        <line num="14" count="19" type="stmt"/>
        <line num="15" count="38" type="stmt"/>
        <line num="16" count="38" type="stmt"/>
        <line num="17" count="38" type="cond" truecount="1" falsecount="1"/>
        <line num="20" count="19" type="stmt"/>
        <line num="21" count="19" type="stmt"/>
        <line num="23" count="19" type="stmt"/>
        <line num="24" count="10" type="stmt"/>
        <line num="25" count="10" type="stmt"/>
        <line num="26" count="10" type="stmt"/>
        <line num="31" count="5" type="stmt"/>
        <line num="32" count="2" type="stmt"/>
        <line num="33" count="8" type="stmt"/>
        <line num="34" count="8" type="stmt"/>
        <line num="35" count="8" type="stmt"/>
        <line num="36" count="8" type="stmt"/>
        <line num="38" count="3" type="stmt"/>
        <line num="42" count="10" type="stmt"/>
        <line num="45" count="19" type="stmt"/>
        <line num="46" count="6" type="stmt"/>
        <line num="47" count="8" type="stmt"/>
        <line num="54" count="19" type="stmt"/>
        <line num="55" count="6" type="stmt"/>
        <line num="58" count="19" type="stmt"/>
        <line num="59" count="1" type="stmt"/>
        <line num="62" count="19" type="stmt"/>
        <line num="110" count="2" type="stmt"/>
        <line num="159" count="1" type="stmt"/>
        <line num="208" count="1" type="stmt"/>
        <line num="257" count="1" type="stmt"/>
        <line num="305" count="1" type="stmt"/>
      </file>
    </package>
    <package name="src.components.Users">
      <metrics statements="157" coveredstatements="0" conditionals="36" coveredconditionals="0" methods="60" coveredmethods="0"/>
      <file name="AddEmployeeForm.jsx" path="C:\Users\hp\Downloads\diplreact\dipl\Frontend\src\components\Users\AddEmployeeForm.jsx">
        <metrics statements="85" coveredstatements="0" conditionals="16" coveredconditionals="0" methods="41" coveredmethods="0"/>
        <line num="5" count="0" type="stmt"/>
        <line num="6" count="0" type="stmt"/>
        <line num="7" count="0" type="stmt"/>
        <line num="34" count="0" type="stmt"/>
        <line num="41" count="0" type="stmt"/>
        <line num="43" count="0" type="stmt"/>
        <line num="44" count="0" type="stmt"/>
        <line num="45" count="0" type="stmt"/>
        <line num="51" count="0" type="stmt"/>
        <line num="52" count="0" type="stmt"/>
        <line num="53" count="0" type="stmt"/>
        <line num="57" count="0" type="stmt"/>
        <line num="60" count="0" type="stmt"/>
        <line num="61" count="0" type="stmt"/>
        <line num="62" count="0" type="stmt"/>
        <line num="63" count="0" type="stmt"/>
        <line num="65" count="0" type="stmt"/>
        <line num="66" count="0" type="stmt"/>
        <line num="70" count="0" type="stmt"/>
        <line num="71" count="0" type="stmt"/>
        <line num="72" count="0" type="stmt"/>
        <line num="74" count="0" type="stmt"/>
        <line num="75" count="0" type="cond" truecount="0" falsecount="2"/>
        <line num="76" count="0" type="stmt"/>
        <line num="77" count="0" type="stmt"/>
        <line num="80" count="0" type="stmt"/>
        <line num="81" count="0" type="stmt"/>
        <line num="82" count="0" type="cond" truecount="0" falsecount="4"/>
        <line num="83" count="0" type="stmt"/>
        <line num="84" count="0" type="cond" truecount="0" falsecount="2"/>
        <line num="85" count="0" type="stmt"/>
        <line num="89" count="0" type="stmt"/>
        <line num="90" count="0" type="cond" truecount="0" falsecount="2"/>
        <line num="91" count="0" type="stmt"/>
        <line num="97" count="0" type="stmt"/>
        <line num="98" count="0" type="stmt"/>
        <line num="103" count="0" type="cond" truecount="0" falsecount="4"/>
        <line num="104" count="0" type="stmt"/>
        <line num="105" count="0" type="stmt"/>
        <line num="106" count="0" type="stmt"/>
        <line num="107" count="0" type="stmt"/>
        <line num="108" count="0" type="stmt"/>
        <line num="110" count="0" type="stmt"/>
        <line num="112" count="0" type="stmt"/>
        <line num="114" count="0" type="stmt"/>
        <line num="118" count="0" type="stmt"/>
        <line num="119" count="0" type="stmt"/>
        <line num="146" count="0" type="stmt"/>
        <line num="154" count="0" type="stmt"/>
        <line num="491" count="0" type="stmt"/>
        <line num="498" count="0" type="stmt"/>
        <line num="499" count="0" type="stmt"/>
        <line num="500" count="0" type="stmt"/>
        <line num="513" count="0" type="stmt"/>
        <line num="514" count="0" type="stmt"/>
        <line num="515" count="0" type="stmt"/>
        <line num="528" count="0" type="stmt"/>
        <line num="529" count="0" type="stmt"/>
        <line num="530" count="0" type="stmt"/>
        <line num="543" count="0" type="stmt"/>
        <line num="544" count="0" type="stmt"/>
        <line num="545" count="0" type="stmt"/>
        <line num="558" count="0" type="stmt"/>
        <line num="559" count="0" type="stmt"/>
        <line num="560" count="0" type="stmt"/>
        <line num="570" count="0" type="stmt"/>
        <line num="572" count="0" type="stmt"/>
        <line num="584" count="0" type="stmt"/>
        <line num="599" count="0" type="stmt"/>
        <line num="606" count="0" type="stmt"/>
        <line num="607" count="0" type="stmt"/>
        <line num="608" count="0" type="stmt"/>
        <line num="621" count="0" type="stmt"/>
        <line num="622" count="0" type="stmt"/>
        <line num="623" count="0" type="stmt"/>
        <line num="636" count="0" type="stmt"/>
        <line num="637" count="0" type="stmt"/>
        <line num="638" count="0" type="stmt"/>
        <line num="651" count="0" type="stmt"/>
        <line num="652" count="0" type="stmt"/>
        <line num="653" count="0" type="stmt"/>
        <line num="663" count="0" type="stmt"/>
        <line num="665" count="0" type="stmt"/>
        <line num="677" count="0" type="stmt"/>
        <line num="698" count="0" type="stmt"/>
      </file>
      <file name="UserTable.jsx" path="C:\Users\hp\Downloads\diplreact\dipl\Frontend\src\components\Users\UserTable.jsx">
        <metrics statements="24" coveredstatements="0" conditionals="2" coveredconditionals="0" methods="7" coveredmethods="0"/>
        <line num="7" count="0" type="stmt"/>
        <line num="8" count="0" type="stmt"/>
        <line num="41" count="0" type="stmt"/>
        <line num="42" count="0" type="stmt"/>
        <line num="43" count="0" type="stmt"/>
        <line num="44" count="0" type="stmt"/>
        <line num="46" count="0" type="stmt"/>
        <line num="55" count="0" type="stmt"/>
        <line num="56" count="0" type="stmt"/>
        <line num="58" count="0" type="stmt"/>
        <line num="60" count="0" type="stmt"/>
        <line num="71" count="0" type="stmt"/>
        <line num="72" count="0" type="stmt"/>
        <line num="75" count="0" type="stmt"/>
        <line num="76" count="0" type="stmt"/>
        <line num="78" count="0" type="stmt"/>
        <line num="79" count="0" type="stmt"/>
        <line num="85" count="0" type="stmt"/>
        <line num="89" count="0" type="stmt"/>
        <line num="90" count="0" type="stmt"/>
        <line num="92" count="0" type="stmt"/>
        <line num="93" count="0" type="stmt"/>
        <line num="97" count="0" type="stmt"/>
        <line num="104" count="0" type="stmt"/>
      </file>
      <file name="UsersProfile.jsx" path="C:\Users\hp\Downloads\diplreact\dipl\Frontend\src\components\Users\UsersProfile.jsx">
        <metrics statements="48" coveredstatements="0" conditionals="18" coveredconditionals="0" methods="12" coveredmethods="0"/>
        <line num="8" count="0" type="stmt"/>
        <line num="9" count="0" type="stmt"/>
        <line num="10" count="0" type="stmt"/>
        <line num="11" count="0" type="stmt"/>
        <line num="12" count="0" type="stmt"/>
        <line num="14" count="0" type="stmt"/>
        <line num="15" count="0" type="stmt"/>
        <line num="18" count="0" type="stmt"/>
        <line num="19" count="0" type="stmt"/>
        <line num="20" count="0" type="stmt"/>
        <line num="21" count="0" type="stmt"/>
        <line num="26" count="0" type="stmt"/>
        <line num="27" count="0" type="stmt"/>
        <line num="28" count="0" type="stmt"/>
        <line num="29" count="0" type="stmt"/>
        <line num="31" count="0" type="stmt"/>
        <line num="32" count="0" type="stmt"/>
        <line num="36" count="0" type="stmt"/>
        <line num="37" count="0" type="stmt"/>
        <line num="38" count="0" type="stmt"/>
        <line num="39" count="0" type="cond" truecount="0" falsecount="2"/>
        <line num="42" count="0" type="stmt"/>
        <line num="43" count="0" type="stmt"/>
        <line num="46" count="0" type="cond" truecount="0" falsecount="2"/>
        <line num="47" count="0" type="stmt"/>
        <line num="50" count="0" type="cond" truecount="0" falsecount="2"/>
        <line num="51" count="0" type="stmt"/>
        <line num="56" count="0" type="stmt"/>
        <line num="62" count="0" type="stmt"/>
        <line num="109" count="0" type="stmt"/>
        <line num="135" count="0" type="stmt"/>
        <line num="168" count="0" type="stmt"/>
        <line num="173" count="0" type="stmt"/>
        <line num="174" count="0" type="stmt"/>
        <line num="175" count="0" type="stmt"/>
        <line num="181" count="0" type="stmt"/>
        <line num="183" count="0" type="stmt"/>
        <line num="184" count="0" type="stmt"/>
        <line num="185" count="0" type="stmt"/>
        <line num="186" count="0" type="stmt"/>
        <line num="187" count="0" type="stmt"/>
        <line num="190" count="0" type="stmt"/>
        <line num="191" count="0" type="stmt"/>
        <line num="193" count="0" type="stmt"/>
        <line num="194" count="0" type="stmt"/>
        <line num="195" count="0" type="stmt"/>
        <line num="196" count="0" type="stmt"/>
        <line num="199" count="0" type="stmt"/>
      </file>
      <file name="adduser.jsx" path="C:\Users\hp\Downloads\diplreact\dipl\Frontend\src\components\Users\adduser.jsx">
        <metrics statements="0" coveredstatements="0" conditionals="0" coveredconditionals="0" methods="0" coveredmethods="0"/>
      </file>
    </package>
    <package name="src.pages">
      <metrics statements="88" coveredstatements="71" conditionals="32" coveredconditionals="18" methods="24" coveredmethods="21"/>
      <file name="Adminpannel.jsx" path="C:\Users\hp\Downloads\diplreact\dipl\Frontend\src\pages\Adminpannel.jsx">
        <metrics statements="2" coveredstatements="2" conditionals="0" coveredconditionals="0" methods="1" coveredmethods="1"/>
        <line num="9" count="1" type="stmt"/>
        <line num="10" count="1" type="stmt"/>
      </file>
      <file name="AuthContext.jsx" path="C:\Users\hp\Downloads\diplreact\dipl\Frontend\src\pages\AuthContext.jsx">
        <metrics statements="13" coveredstatements="13" conditionals="0" coveredconditionals="0" methods="4" coveredmethods="4"/>
        <line num="5" count="2" type="stmt"/>
        <line num="7" count="2" type="stmt"/>
        <line num="8" count="3" type="stmt"/>
        <line num="11" count="2" type="stmt"/>
        <line num="12" count="3" type="stmt"/>
        <line num="17" count="3" type="stmt"/>
        <line num="20" count="3" type="stmt"/>
        <line num="21" count="1" type="stmt"/>
        <line num="28" count="3" type="stmt"/>
        <line num="29" count="1" type="stmt"/>
        <line num="34" count="1" type="stmt"/>
        <line num="35" count="1" type="stmt"/>
        <line num="38" count="3" type="stmt"/>
      </file>
      <file name="Companies.jsx" path="C:\Users\hp\Downloads\diplreact\dipl\Frontend\src\pages\Companies.jsx">
        <metrics statements="2" coveredstatements="2" conditionals="0" coveredconditionals="0" methods="1" coveredmethods="1"/>
        <line num="8" count="1" type="stmt"/>
        <line num="20" count="1" type="stmt"/>
      </file>
      <file name="Home.jsx" path="C:\Users\hp\Downloads\diplreact\dipl\Frontend\src\pages\Home.jsx">
        <metrics statements="2" coveredstatements="2" conditionals="0" coveredconditionals="0" methods="1" coveredmethods="1"/>
        <line num="10" count="1" type="stmt"/>
        <line num="11" count="1" type="stmt"/>
      </file>
      <file name="Login.jsx" path="C:\Users\hp\Downloads\diplreact\dipl\Frontend\src\pages\Login.jsx">
        <metrics statements="50" coveredstatements="33" conditionals="26" coveredconditionals="12" methods="7" coveredmethods="4"/>
        <line num="6" count="1" type="stmt"/>
        <line num="7" count="0" type="stmt"/>
        <line num="8" count="0" type="stmt"/>
        <line num="9" count="0" type="cond" truecount="0" falsecount="2"/>
        <line num="13" count="1" type="stmt"/>
        <line num="15" count="0" type="stmt"/>
        <line num="16" count="0" type="cond" truecount="0" falsecount="2"/>
        <line num="17" count="0" type="stmt"/>
        <line num="19" count="0" type="stmt"/>
        <line num="22" count="0" type="stmt"/>
        <line num="26" count="1" type="stmt"/>
        <line num="27" count="13" type="stmt"/>
        <line num="28" count="13" type="stmt"/>
        <line num="29" count="13" type="stmt"/>
        <line num="30" count="13" type="stmt"/>
        <line num="31" count="13" type="stmt"/>
        <line num="32" count="13" type="stmt"/>
        <line num="34" count="13" type="stmt"/>
        <line num="35" count="3" type="stmt"/>
        <line num="36" count="3" type="stmt"/>
        <line num="39" count="13" type="stmt"/>
        <line num="40" count="3" type="stmt"/>
        <line num="41" count="3" type="stmt"/>
        <line num="44" count="13" type="stmt"/>
        <line num="45" count="3" type="stmt"/>
        <line num="47" count="3" type="stmt"/>
        <line num="49" count="3" type="cond" truecount="1" falsecount="1"/>
        <line num="50" count="0" type="stmt"/>
        <line num="51" count="0" type="stmt"/>
        <line num="52" count="3" type="cond" truecount="1" falsecount="1"/>
        <line num="53" count="0" type="stmt"/>
        <line num="54" count="0" type="stmt"/>
        <line num="57" count="3" type="cond" truecount="1" falsecount="1"/>
        <line num="58" count="0" type="stmt"/>
        <line num="59" count="0" type="stmt"/>
        <line num="60" count="3" type="cond" truecount="1" falsecount="1"/>
        <line num="61" count="0" type="stmt"/>
        <line num="62" count="0" type="stmt"/>
        <line num="65" count="3" type="cond" truecount="1" falsecount="1"/>
        <line num="66" count="3" type="stmt"/>
        <line num="67" count="3" type="stmt"/>
        <line num="68" count="2" type="stmt"/>
        <line num="71" count="2" type="stmt"/>
        <line num="72" count="2" type="stmt"/>
        <line num="75" count="2" type="cond" truecount="1" falsecount="1"/>
        <line num="76" count="2" type="stmt"/>
        <line num="78" count="0" type="stmt"/>
        <line num="81" count="1" type="stmt"/>
        <line num="82" count="1" type="stmt"/>
        <line num="87" count="13" type="stmt"/>
      </file>
      <file name="Task.jsx" path="C:\Users\hp\Downloads\diplreact\dipl\Frontend\src\pages\Task.jsx">
        <metrics statements="2" coveredstatements="2" conditionals="0" coveredconditionals="0" methods="1" coveredmethods="1"/>
        <line num="11" count="1" type="stmt"/>
        <line num="21" count="1" type="stmt"/>
      </file>
      <file name="Todo.jsx" path="C:\Users\hp\Downloads\diplreact\dipl\Frontend\src\pages\Todo.jsx">
        <metrics statements="2" coveredstatements="2" conditionals="0" coveredconditionals="0" methods="1" coveredmethods="1"/>
        <line num="5" count="1" type="stmt"/>
        <line num="6" count="1" type="stmt"/>
      </file>
      <file name="Tools.jsx" path="C:\Users\hp\Downloads\diplreact\dipl\Frontend\src\pages\Tools.jsx">
        <metrics statements="5" coveredstatements="5" conditionals="4" coveredconditionals="4" methods="2" coveredmethods="2"/>
        <line num="8" count="1" type="stmt"/>
        <line num="9" count="3" type="stmt"/>
        <line num="11" count="3" type="stmt"/>
        <line num="12" count="2" type="stmt"/>
        <line num="15" count="3" type="stmt"/>
      </file>
      <file name="Userpanel.jsx" path="C:\Users\hp\Downloads\diplreact\dipl\Frontend\src\pages\Userpanel.jsx">
        <metrics statements="2" coveredstatements="2" conditionals="0" coveredconditionals="0" methods="1" coveredmethods="1"/>
        <line num="5" count="1" type="stmt"/>
        <line num="6" count="1" type="stmt"/>
      </file>
      <file name="Users.jsx" path="C:\Users\hp\Downloads\diplreact\dipl\Frontend\src\pages\Users.jsx">
        <metrics statements="8" coveredstatements="8" conditionals="2" coveredconditionals="2" methods="5" coveredmethods="5"/>
        <line num="8" count="1" type="stmt"/>
        <line num="9" count="3" type="stmt"/>
        <line num="12" count="3" type="stmt"/>
        <line num="13" count="1" type="stmt"/>
        <line num="16" count="3" type="stmt"/>
        <line num="17" count="1" type="stmt"/>
        <line num="21" count="3" type="stmt"/>
        <line num="31" count="1" type="stmt"/>
      </file>
    </package>
  </project>
</coverage>
