{"C:\\Users\\hp\\Downloads\\diplreact\\dipl\\Frontend\\src\\App.jsx": {"path":"C:\\Users\\hp\\Downloads\\diplreact\\dipl\\Frontend\\src\\App.jsx","statementMap":{"0":{"start":{"line":19,"column":2},"end":{"line":37,"column":4}}},"fnMap":{"0":{"name":"App","decl":{"start":{"line":18,"column":9},"end":{"line":18,"column":12}},"loc":{"start":{"line":18,"column":15},"end":{"line":38,"column":1}},"line":18}},"branchMap":{},"s":{"0":0},"f":{"0":0},"b":{}}
,"C:\\Users\\hp\\Downloads\\diplreact\\dipl\\Frontend\\src\\main.jsx": {"path":"C:\\Users\\hp\\Downloads\\diplreact\\dipl\\Frontend\\src\\main.jsx","statementMap":{"0":{"start":{"line":6,"column":0},"end":{"line":10,"column":1}}},"fnMap":{},"branchMap":{},"s":{"0":0},"f":{},"b":{}}
,"C:\\Users\\hp\\Downloads\\diplreact\\dipl\\Frontend\\src\\components\\Admin\\AdminPannelGrid.jsx": {"path":"C:\\Users\\hp\\Downloads\\diplreact\\dipl\\Frontend\\src\\components\\Admin\\AdminPannelGrid.jsx","statementMap":{"0":{"start":{"line":16,"column":24},"end":{"line":483,"column":1}},"1":{"start":{"line":18,"column":40},"end":{"line":18,"column":52}},"2":{"start":{"line":19,"column":48},"end":{"line":19,"column":60}},"3":{"start":{"line":20,"column":44},"end":{"line":20,"column":56}},"4":{"start":{"line":21,"column":44},"end":{"line":21,"column":56}},"5":{"start":{"line":22,"column":45},"end":{"line":22,"column":57}},"6":{"start":{"line":23,"column":48},"end":{"line":23,"column":60}},"7":{"start":{"line":24,"column":48},"end":{"line":24,"column":60}},"8":{"start":{"line":25,"column":50},"end":{"line":25,"column":64}},"9":{"start":{"line":26,"column":48},"end":{"line":26,"column":59}},"10":{"start":{"line":30,"column":27},"end":{"line":34,"column":5}},"11":{"start":{"line":31,"column":22},"end":{"line":31,"column":44}},"12":{"start":{"line":32,"column":22},"end":{"line":32,"column":47}},"13":{"start":{"line":33,"column":8},"end":{"line":33,"column":70}},"14":{"start":{"line":33,"column":32},"end":{"line":33,"column":70}},"15":{"start":{"line":36,"column":20},"end":{"line":36,"column":56}},"16":{"start":{"line":37,"column":18},"end":{"line":37,"column":41}},"17":{"start":{"line":39,"column":4},"end":{"line":74,"column":25}},"18":{"start":{"line":40,"column":26},"end":{"line":71,"column":9}},"19":{"start":{"line":41,"column":12},"end":{"line":70,"column":13}},"20":{"start":{"line":42,"column":78},"end":{"line":52,"column":18}},"21":{"start":{"line":54,"column":33},"end":{"line":54,"column":51}},"22":{"start":{"line":55,"column":16},"end":{"line":55,"column":40}},"23":{"start":{"line":56,"column":16},"end":{"line":56,"column":90}},"24":{"start":{"line":56,"column":60},"end":{"line":56,"column":87}},"25":{"start":{"line":58,"column":16},"end":{"line":58,"column":86}},"26":{"start":{"line":58,"column":58},"end":{"line":58,"column":83}},"27":{"start":{"line":59,"column":16},"end":{"line":59,"column":88}},"28":{"start":{"line":59,"column":58},"end":{"line":59,"column":85}},"29":{"start":{"line":60,"column":16},"end":{"line":60,"column":88}},"30":{"start":{"line":60,"column":56},"end":{"line":60,"column":85}},"31":{"start":{"line":61,"column":16},"end":{"line":61,"column":83}},"32":{"start":{"line":62,"column":37},"end":{"line":62,"column":59}},"33":{"start":{"line":63,"column":16},"end":{"line":63,"column":48}},"34":{"start":{"line":64,"column":37},"end":{"line":64,"column":59}},"35":{"start":{"line":65,"column":16},"end":{"line":65,"column":48}},"36":{"start":{"line":69,"column":16},"end":{"line":69,"column":62}},"37":{"start":{"line":73,"column":8},"end":{"line":73,"column":20}},"38":{"start":{"line":76,"column":4},"end":{"line":78,"column":37}},"39":{"start":{"line":77,"column":8},"end":{"line":77,"column":77}},"40":{"start":{"line":80,"column":29},"end":{"line":103,"column":5}},"41":{"start":{"line":81,"column":8},"end":{"line":102,"column":10}},"42":{"start":{"line":84,"column":20},"end":{"line":88,"column":26}},"43":{"start":{"line":91,"column":20},"end":{"line":94,"column":26}},"44":{"start":{"line":97,"column":20},"end":{"line":99,"column":26}},"45":{"start":{"line":106,"column":27},"end":{"line":108,"column":5}},"46":{"start":{"line":107,"column":8},"end":{"line":107,"column":37}},"47":{"start":{"line":110,"column":23},"end":{"line":112,"column":5}},"48":{"start":{"line":111,"column":8},"end":{"line":111,"column":33}},"49":{"start":{"line":114,"column":4},"end":{"line":482,"column":5}},"50":{"start":{"line":140,"column":67},"end":{"line":140,"column":90}},"51":{"start":{"line":193,"column":67},"end":{"line":193,"column":92}},"52":{"start":{"line":276,"column":67},"end":{"line":276,"column":94}},"53":{"start":{"line":306,"column":63},"end":{"line":306,"column":90}},"54":{"start":{"line":335,"column":67},"end":{"line":335,"column":96}},"55":{"start":{"line":383,"column":67},"end":{"line":383,"column":94}},"56":{"start":{"line":412,"column":67},"end":{"line":412,"column":94}}},"fnMap":{"0":{"name":"(anonymous_0)","decl":{"start":{"line":16,"column":24},"end":{"line":16,"column":25}},"loc":{"start":{"line":16,"column":30},"end":{"line":483,"column":1}},"line":16},"1":{"name":"(anonymous_1)","decl":{"start":{"line":30,"column":27},"end":{"line":30,"column":28}},"loc":{"start":{"line":30,"column":37},"end":{"line":34,"column":5}},"line":30},"2":{"name":"(anonymous_2)","decl":{"start":{"line":39,"column":14},"end":{"line":39,"column":15}},"loc":{"start":{"line":39,"column":20},"end":{"line":74,"column":5}},"line":39},"3":{"name":"(anonymous_3)","decl":{"start":{"line":40,"column":26},"end":{"line":40,"column":27}},"loc":{"start":{"line":40,"column":38},"end":{"line":71,"column":9}},"line":40},"4":{"name":"(anonymous_4)","decl":{"start":{"line":56,"column":50},"end":{"line":56,"column":51}},"loc":{"start":{"line":56,"column":60},"end":{"line":56,"column":87}},"line":56},"5":{"name":"(anonymous_5)","decl":{"start":{"line":58,"column":48},"end":{"line":58,"column":49}},"loc":{"start":{"line":58,"column":58},"end":{"line":58,"column":83}},"line":58},"6":{"name":"(anonymous_6)","decl":{"start":{"line":59,"column":48},"end":{"line":59,"column":49}},"loc":{"start":{"line":59,"column":58},"end":{"line":59,"column":85}},"line":59},"7":{"name":"(anonymous_7)","decl":{"start":{"line":60,"column":46},"end":{"line":60,"column":47}},"loc":{"start":{"line":60,"column":56},"end":{"line":60,"column":85}},"line":60},"8":{"name":"(anonymous_8)","decl":{"start":{"line":76,"column":14},"end":{"line":76,"column":15}},"loc":{"start":{"line":76,"column":20},"end":{"line":78,"column":5}},"line":76},"9":{"name":"(anonymous_9)","decl":{"start":{"line":80,"column":29},"end":{"line":80,"column":30}},"loc":{"start":{"line":80,"column":73},"end":{"line":103,"column":5}},"line":80},"10":{"name":"(anonymous_10)","decl":{"start":{"line":83,"column":36},"end":{"line":83,"column":37}},"loc":{"start":{"line":84,"column":20},"end":{"line":88,"column":26}},"line":84},"11":{"name":"(anonymous_11)","decl":{"start":{"line":90,"column":36},"end":{"line":90,"column":37}},"loc":{"start":{"line":91,"column":20},"end":{"line":94,"column":26}},"line":91},"12":{"name":"(anonymous_12)","decl":{"start":{"line":96,"column":44},"end":{"line":96,"column":45}},"loc":{"start":{"line":97,"column":20},"end":{"line":99,"column":26}},"line":97},"13":{"name":"(anonymous_13)","decl":{"start":{"line":106,"column":27},"end":{"line":106,"column":28}},"loc":{"start":{"line":106,"column":41},"end":{"line":108,"column":5}},"line":106},"14":{"name":"(anonymous_14)","decl":{"start":{"line":110,"column":23},"end":{"line":110,"column":24}},"loc":{"start":{"line":110,"column":29},"end":{"line":112,"column":5}},"line":110},"15":{"name":"(anonymous_15)","decl":{"start":{"line":140,"column":61},"end":{"line":140,"column":62}},"loc":{"start":{"line":140,"column":67},"end":{"line":140,"column":90}},"line":140},"16":{"name":"(anonymous_16)","decl":{"start":{"line":193,"column":61},"end":{"line":193,"column":62}},"loc":{"start":{"line":193,"column":67},"end":{"line":193,"column":92}},"line":193},"17":{"name":"(anonymous_17)","decl":{"start":{"line":276,"column":61},"end":{"line":276,"column":62}},"loc":{"start":{"line":276,"column":67},"end":{"line":276,"column":94}},"line":276},"18":{"name":"(anonymous_18)","decl":{"start":{"line":306,"column":57},"end":{"line":306,"column":58}},"loc":{"start":{"line":306,"column":63},"end":{"line":306,"column":90}},"line":306},"19":{"name":"(anonymous_19)","decl":{"start":{"line":335,"column":61},"end":{"line":335,"column":62}},"loc":{"start":{"line":335,"column":67},"end":{"line":335,"column":96}},"line":335},"20":{"name":"(anonymous_20)","decl":{"start":{"line":383,"column":61},"end":{"line":383,"column":62}},"loc":{"start":{"line":383,"column":67},"end":{"line":383,"column":94}},"line":383},"21":{"name":"(anonymous_21)","decl":{"start":{"line":412,"column":61},"end":{"line":412,"column":62}},"loc":{"start":{"line":412,"column":67},"end":{"line":412,"column":94}},"line":412}},"branchMap":{"0":{"loc":{"start":{"line":33,"column":8},"end":{"line":33,"column":70}},"type":"if","locations":[{"start":{"line":33,"column":8},"end":{"line":33,"column":70}},{"start":{},"end":{}}],"line":33},"1":{"loc":{"start":{"line":80,"column":30},"end":{"line":80,"column":40}},"type":"default-arg","locations":[{"start":{"line":80,"column":38},"end":{"line":80,"column":40}}],"line":80},"2":{"loc":{"start":{"line":80,"column":42},"end":{"line":80,"column":52}},"type":"default-arg","locations":[{"start":{"line":80,"column":50},"end":{"line":80,"column":52}}],"line":80},"3":{"loc":{"start":{"line":80,"column":54},"end":{"line":80,"column":68}},"type":"default-arg","locations":[{"start":{"line":80,"column":66},"end":{"line":80,"column":68}}],"line":80},"4":{"loc":{"start":{"line":83,"column":17},"end":{"line":89,"column":18}},"type":"binary-expr","locations":[{"start":{"line":83,"column":17},"end":{"line":83,"column":22}},{"start":{"line":83,"column":26},"end":{"line":89,"column":18}}],"line":83},"5":{"loc":{"start":{"line":90,"column":17},"end":{"line":95,"column":18}},"type":"binary-expr","locations":[{"start":{"line":90,"column":17},"end":{"line":90,"column":22}},{"start":{"line":90,"column":26},"end":{"line":95,"column":18}}],"line":90},"6":{"loc":{"start":{"line":96,"column":17},"end":{"line":100,"column":18}},"type":"binary-expr","locations":[{"start":{"line":96,"column":17},"end":{"line":96,"column":26}},{"start":{"line":96,"column":30},"end":{"line":100,"column":18}}],"line":96},"7":{"loc":{"start":{"line":133,"column":138},"end":{"line":133,"column":187}},"type":"cond-expr","locations":[{"start":{"line":133,"column":148},"end":{"line":133,"column":161}},{"start":{"line":133,"column":164},"end":{"line":133,"column":187}}],"line":133},"8":{"loc":{"start":{"line":287,"column":29},"end":{"line":314,"column":29}},"type":"binary-expr","locations":[{"start":{"line":287,"column":29},"end":{"line":287,"column":36}},{"start":{"line":288,"column":28},"end":{"line":313,"column":33}}],"line":287},"9":{"loc":{"start":{"line":394,"column":29},"end":{"line":421,"column":29}},"type":"binary-expr","locations":[{"start":{"line":394,"column":29},"end":{"line":394,"column":36}},{"start":{"line":395,"column":32},"end":{"line":420,"column":37}}],"line":394},"10":{"loc":{"start":{"line":451,"column":25},"end":{"line":465,"column":56}},"type":"cond-expr","locations":[{"start":{"line":452,"column":30},"end":{"line":452,"column":43}},{"start":{"line":453,"column":30},"end":{"line":465,"column":56}}],"line":451},"11":{"loc":{"start":{"line":453,"column":30},"end":{"line":465,"column":56}},"type":"cond-expr","locations":[{"start":{"line":454,"column":34},"end":{"line":454,"column":51}},{"start":{"line":455,"column":34},"end":{"line":465,"column":56}}],"line":453},"12":{"loc":{"start":{"line":455,"column":34},"end":{"line":465,"column":56}},"type":"cond-expr","locations":[{"start":{"line":456,"column":38},"end":{"line":456,"column":53}},{"start":{"line":457,"column":38},"end":{"line":465,"column":56}}],"line":455},"13":{"loc":{"start":{"line":457,"column":38},"end":{"line":465,"column":56}},"type":"cond-expr","locations":[{"start":{"line":458,"column":42},"end":{"line":458,"column":57}},{"start":{"line":459,"column":42},"end":{"line":465,"column":56}}],"line":457},"14":{"loc":{"start":{"line":459,"column":42},"end":{"line":465,"column":56}},"type":"cond-expr","locations":[{"start":{"line":460,"column":46},"end":{"line":460,"column":65}},{"start":{"line":461,"column":46},"end":{"line":465,"column":56}}],"line":459},"15":{"loc":{"start":{"line":461,"column":46},"end":{"line":465,"column":56}},"type":"cond-expr","locations":[{"start":{"line":462,"column":50},"end":{"line":462,"column":67}},{"start":{"line":463,"column":50},"end":{"line":465,"column":56}}],"line":461},"16":{"loc":{"start":{"line":463,"column":50},"end":{"line":465,"column":56}},"type":"cond-expr","locations":[{"start":{"line":464,"column":54},"end":{"line":464,"column":71}},{"start":{"line":465,"column":54},"end":{"line":465,"column":56}}],"line":463},"17":{"loc":{"start":{"line":468,"column":25},"end":{"line":468,"column":92}},"type":"binary-expr","locations":[{"start":{"line":468,"column":25},"end":{"line":468,"column":52}},{"start":{"line":468,"column":56},"end":{"line":468,"column":92}}],"line":468},"18":{"loc":{"start":{"line":469,"column":25},"end":{"line":469,"column":100}},"type":"binary-expr","locations":[{"start":{"line":469,"column":25},"end":{"line":469,"column":56}},{"start":{"line":469,"column":60},"end":{"line":469,"column":100}}],"line":469},"19":{"loc":{"start":{"line":470,"column":25},"end":{"line":470,"column":96}},"type":"binary-expr","locations":[{"start":{"line":470,"column":25},"end":{"line":470,"column":54}},{"start":{"line":470,"column":58},"end":{"line":470,"column":96}}],"line":470},"20":{"loc":{"start":{"line":471,"column":25},"end":{"line":471,"column":98}},"type":"binary-expr","locations":[{"start":{"line":471,"column":25},"end":{"line":471,"column":56}},{"start":{"line":471,"column":60},"end":{"line":471,"column":98}}],"line":471},"21":{"loc":{"start":{"line":472,"column":25},"end":{"line":472,"column":103}},"type":"binary-expr","locations":[{"start":{"line":472,"column":25},"end":{"line":472,"column":58}},{"start":{"line":472,"column":62},"end":{"line":472,"column":103}}],"line":472},"22":{"loc":{"start":{"line":473,"column":25},"end":{"line":473,"column":100}},"type":"binary-expr","locations":[{"start":{"line":473,"column":25},"end":{"line":473,"column":56}},{"start":{"line":473,"column":60},"end":{"line":473,"column":100}}],"line":473},"23":{"loc":{"start":{"line":474,"column":25},"end":{"line":474,"column":100}},"type":"binary-expr","locations":[{"start":{"line":474,"column":25},"end":{"line":474,"column":56}},{"start":{"line":474,"column":60},"end":{"line":474,"column":100}}],"line":474}},"s":{"0":1,"1":23,"2":22,"3":22,"4":22,"5":22,"6":22,"7":22,"8":22,"9":22,"10":22,"11":44,"12":44,"13":44,"14":28,"15":22,"16":22,"17":22,"18":4,"19":4,"20":4,"21":4,"22":4,"23":4,"24":8,"25":4,"26":8,"27":4,"28":8,"29":4,"30":8,"31":4,"32":4,"33":4,"34":4,"35":4,"36":0,"37":4,"38":22,"39":7,"40":22,"41":6,"42":6,"43":0,"44":1,"45":22,"46":4,"47":22,"48":4,"49":22,"50":1,"51":1,"52":0,"53":0,"54":0,"55":1,"56":1},"f":{"0":23,"1":44,"2":4,"3":4,"4":8,"5":8,"6":8,"7":8,"8":7,"9":6,"10":6,"11":0,"12":1,"13":4,"14":4,"15":1,"16":1,"17":0,"18":0,"19":0,"20":1,"21":1},"b":{"0":[28,16],"1":[0],"2":[0],"3":[0],"4":[6,6],"5":[6,6],"6":[6,6],"7":[22,0],"8":[22,22],"9":[22,22],"10":[3,19],"11":[1,18],"12":[1,17],"13":[0,17],"14":[0,17],"15":[0,17],"16":[1,16],"17":[22,3],"18":[22,1],"19":[22,1],"20":[22,0],"21":[22,0],"22":[22,0],"23":[22,1]},"_coverageSchema":"1a1c01bbd47fc00a2c39e90264f33305004495a9","hash":"232691d259d4cc1af1260e321b6ac1e9894b6fa2"}
,"C:\\Users\\hp\\Downloads\\diplreact\\dipl\\Frontend\\src\\components\\Common\\AdminRoute.jsx": {"path":"C:\\Users\\hp\\Downloads\\diplreact\\dipl\\Frontend\\src\\components\\Common\\AdminRoute.jsx","statementMap":{"0":{"start":{"line":5,"column":19},"end":{"line":14,"column":1}},"1":{"start":{"line":6,"column":21},"end":{"line":6,"column":30}},"2":{"start":{"line":9,"column":4},"end":{"line":11,"column":5}},"3":{"start":{"line":10,"column":8},"end":{"line":10,"column":40}},"4":{"start":{"line":13,"column":4},"end":{"line":13,"column":20}}},"fnMap":{"0":{"name":"(anonymous_0)","decl":{"start":{"line":5,"column":19},"end":{"line":5,"column":20}},"loc":{"start":{"line":5,"column":37},"end":{"line":14,"column":1}},"line":5}},"branchMap":{"0":{"loc":{"start":{"line":9,"column":4},"end":{"line":11,"column":5}},"type":"if","locations":[{"start":{"line":9,"column":4},"end":{"line":11,"column":5}},{"start":{},"end":{}}],"line":9},"1":{"loc":{"start":{"line":9,"column":8},"end":{"line":9,"column":36}},"type":"binary-expr","locations":[{"start":{"line":9,"column":8},"end":{"line":9,"column":19}},{"start":{"line":9,"column":23},"end":{"line":9,"column":36}}],"line":9}},"s":{"0":1,"1":3,"2":3,"3":2,"4":1},"f":{"0":3},"b":{"0":[2,1],"1":[3,2]},"_coverageSchema":"1a1c01bbd47fc00a2c39e90264f33305004495a9","hash":"74d55dbb0b1d2444404e46bf9aad721a28463cac"}
,"C:\\Users\\hp\\Downloads\\diplreact\\dipl\\Frontend\\src\\components\\Common\\Navbar2.jsx": {"path":"C:\\Users\\hp\\Downloads\\diplreact\\dipl\\Frontend\\src\\components\\Common\\Navbar2.jsx","statementMap":{"0":{"start":{"line":7,"column":23},"end":{"line":11,"column":3}},"1":{"start":{"line":8,"column":18},"end":{"line":8,"column":40}},"2":{"start":{"line":9,"column":18},"end":{"line":9,"column":43}},"3":{"start":{"line":10,"column":4},"end":{"line":10,"column":66}},"4":{"start":{"line":10,"column":28},"end":{"line":10,"column":66}},"5":{"start":{"line":13,"column":16},"end":{"line":80,"column":1}},"6":{"start":{"line":16,"column":20},"end":{"line":16,"column":56}},"7":{"start":{"line":17,"column":4},"end":{"line":79,"column":6}},"8":{"start":{"line":65,"column":125},"end":{"line":65,"column":155}},"9":{"start":{"line":70,"column":125},"end":{"line":70,"column":155}}},"fnMap":{"0":{"name":"(anonymous_0)","decl":{"start":{"line":7,"column":23},"end":{"line":7,"column":24}},"loc":{"start":{"line":7,"column":33},"end":{"line":11,"column":3}},"line":7},"1":{"name":"(anonymous_1)","decl":{"start":{"line":13,"column":16},"end":{"line":13,"column":17}},"loc":{"start":{"line":15,"column":5},"end":{"line":80,"column":1}},"line":15},"2":{"name":"(anonymous_2)","decl":{"start":{"line":65,"column":119},"end":{"line":65,"column":120}},"loc":{"start":{"line":65,"column":125},"end":{"line":65,"column":155}},"line":65},"3":{"name":"(anonymous_3)","decl":{"start":{"line":70,"column":119},"end":{"line":70,"column":120}},"loc":{"start":{"line":70,"column":125},"end":{"line":70,"column":155}},"line":70}},"branchMap":{"0":{"loc":{"start":{"line":10,"column":4},"end":{"line":10,"column":66}},"type":"if","locations":[{"start":{"line":10,"column":4},"end":{"line":10,"column":66}},{"start":{},"end":{}}],"line":10},"1":{"loc":{"start":{"line":22,"column":17},"end":{"line":33,"column":17}},"type":"binary-expr","locations":[{"start":{"line":22,"column":17},"end":{"line":22,"column":32}},{"start":{"line":23,"column":20},"end":{"line":32,"column":23}}],"line":22},"2":{"loc":{"start":{"line":34,"column":17},"end":{"line":46,"column":17}},"type":"binary-expr","locations":[{"start":{"line":34,"column":17},"end":{"line":34,"column":27}},{"start":{"line":35,"column":20},"end":{"line":45,"column":23}}],"line":34},"3":{"loc":{"start":{"line":47,"column":17},"end":{"line":59,"column":17}},"type":"binary-expr","locations":[{"start":{"line":47,"column":17},"end":{"line":47,"column":27}},{"start":{"line":47,"column":31},"end":{"line":47,"column":38}},{"start":{"line":48,"column":20},"end":{"line":58,"column":23}}],"line":47},"4":{"loc":{"start":{"line":60,"column":17},"end":{"line":75,"column":17}},"type":"binary-expr","locations":[{"start":{"line":60,"column":17},"end":{"line":60,"column":28}},{"start":{"line":61,"column":20},"end":{"line":74,"column":23}}],"line":60}},"s":{"0":1,"1":10,"2":10,"3":10,"4":10,"5":1,"6":10,"7":10,"8":1,"9":1},"f":{"0":10,"1":10,"2":1,"3":1},"b":{"0":[10,0],"1":[10,2],"2":[10,2],"3":[10,2,2],"4":[10,3]},"_coverageSchema":"1a1c01bbd47fc00a2c39e90264f33305004495a9","hash":"4f35217d4f0afe3b7894bd60643afc792f5b694e"}
,"C:\\Users\\hp\\Downloads\\diplreact\\dipl\\Frontend\\src\\components\\Common\\ProfileMenue.jsx": {"path":"C:\\Users\\hp\\Downloads\\diplreact\\dipl\\Frontend\\src\\components\\Common\\ProfileMenue.jsx","statementMap":{"0":{"start":{"line":231,"column":36},"end":{"line":231,"column":56}},"1":{"start":{"line":232,"column":17},"end":{"line":232,"column":34}},"2":{"start":{"line":233,"column":21},"end":{"line":233,"column":34}},"3":{"start":{"line":234,"column":23},"end":{"line":234,"column":32}},"4":{"start":{"line":236,"column":24},"end":{"line":238,"column":5}},"5":{"start":{"line":237,"column":8},"end":{"line":237,"column":41}},"6":{"start":{"line":240,"column":24},"end":{"line":242,"column":5}},"7":{"start":{"line":241,"column":8},"end":{"line":241,"column":26}},"8":{"start":{"line":244,"column":25},"end":{"line":247,"column":5}},"9":{"start":{"line":245,"column":8},"end":{"line":245,"column":17}},"10":{"start":{"line":246,"column":8},"end":{"line":246,"column":27}},"11":{"start":{"line":249,"column":4},"end":{"line":320,"column":6}}},"fnMap":{"0":{"name":"AccountMenu","decl":{"start":{"line":230,"column":24},"end":{"line":230,"column":35}},"loc":{"start":{"line":230,"column":38},"end":{"line":321,"column":1}},"line":230},"1":{"name":"(anonymous_1)","decl":{"start":{"line":236,"column":24},"end":{"line":236,"column":25}},"loc":{"start":{"line":236,"column":35},"end":{"line":238,"column":5}},"line":236},"2":{"name":"(anonymous_2)","decl":{"start":{"line":240,"column":24},"end":{"line":240,"column":25}},"loc":{"start":{"line":240,"column":30},"end":{"line":242,"column":5}},"line":240},"3":{"name":"(anonymous_3)","decl":{"start":{"line":244,"column":25},"end":{"line":244,"column":26}},"loc":{"start":{"line":244,"column":31},"end":{"line":247,"column":5}},"line":244}},"branchMap":{"0":{"loc":{"start":{"line":257,"column":39},"end":{"line":257,"column":72}},"type":"cond-expr","locations":[{"start":{"line":257,"column":46},"end":{"line":257,"column":60}},{"start":{"line":257,"column":63},"end":{"line":257,"column":72}}],"line":257},"1":{"loc":{"start":{"line":259,"column":39},"end":{"line":259,"column":64}},"type":"cond-expr","locations":[{"start":{"line":259,"column":46},"end":{"line":259,"column":52}},{"start":{"line":259,"column":55},"end":{"line":259,"column":64}}],"line":259}},"s":{"0":0,"1":0,"2":0,"3":0,"4":0,"5":0,"6":0,"7":0,"8":0,"9":0,"10":0,"11":0},"f":{"0":0,"1":0,"2":0,"3":0},"b":{"0":[0,0],"1":[0,0]}}
,"C:\\Users\\hp\\Downloads\\diplreact\\dipl\\Frontend\\src\\components\\Common\\ProtectedRoute.jsx": {"path":"C:\\Users\\hp\\Downloads\\diplreact\\dipl\\Frontend\\src\\components\\Common\\ProtectedRoute.jsx","statementMap":{"0":{"start":{"line":5,"column":23},"end":{"line":15,"column":1}},"1":{"start":{"line":6,"column":21},"end":{"line":6,"column":30}},"2":{"start":{"line":8,"column":4},"end":{"line":8,"column":52}},"3":{"start":{"line":10,"column":4},"end":{"line":12,"column":5}},"4":{"start":{"line":11,"column":8},"end":{"line":11,"column":40}},"5":{"start":{"line":14,"column":4},"end":{"line":14,"column":20}}},"fnMap":{"0":{"name":"(anonymous_0)","decl":{"start":{"line":5,"column":23},"end":{"line":5,"column":24}},"loc":{"start":{"line":5,"column":41},"end":{"line":15,"column":1}},"line":5}},"branchMap":{"0":{"loc":{"start":{"line":10,"column":4},"end":{"line":12,"column":5}},"type":"if","locations":[{"start":{"line":10,"column":4},"end":{"line":12,"column":5}},{"start":{},"end":{}}],"line":10}},"s":{"0":1,"1":0,"2":0,"3":0,"4":0,"5":0},"f":{"0":0},"b":{"0":[0,0]},"_coverageSchema":"1a1c01bbd47fc00a2c39e90264f33305004495a9","hash":"9c09792ffa50e8572260ea0708cd8e37d94c3fe5"}
,"C:\\Users\\hp\\Downloads\\diplreact\\dipl\\Frontend\\src\\components\\Common\\Sidebar.jsx": {"path":"C:\\Users\\hp\\Downloads\\diplreact\\dipl\\Frontend\\src\\components\\Common\\Sidebar.jsx","statementMap":{"0":{"start":{"line":11,"column":23},"end":{"line":15,"column":1}},"1":{"start":{"line":12,"column":16},"end":{"line":12,"column":38}},"2":{"start":{"line":13,"column":16},"end":{"line":13,"column":41}},"3":{"start":{"line":14,"column":2},"end":{"line":14,"column":64}},"4":{"start":{"line":14,"column":26},"end":{"line":14,"column":64}},"5":{"start":{"line":17,"column":16},"end":{"line":61,"column":1}},"6":{"start":{"line":18,"column":18},"end":{"line":18,"column":54}},"7":{"start":{"line":20,"column":2},"end":{"line":60,"column":4}}},"fnMap":{"0":{"name":"(anonymous_0)","decl":{"start":{"line":11,"column":23},"end":{"line":11,"column":24}},"loc":{"start":{"line":11,"column":33},"end":{"line":15,"column":1}},"line":11},"1":{"name":"(anonymous_1)","decl":{"start":{"line":17,"column":16},"end":{"line":17,"column":17}},"loc":{"start":{"line":17,"column":22},"end":{"line":61,"column":1}},"line":17}},"branchMap":{"0":{"loc":{"start":{"line":14,"column":2},"end":{"line":14,"column":64}},"type":"if","locations":[{"start":{"line":14,"column":2},"end":{"line":14,"column":64}},{"start":{},"end":{}}],"line":14},"1":{"loc":{"start":{"line":27,"column":9},"end":{"line":31,"column":9}},"type":"binary-expr","locations":[{"start":{"line":27,"column":9},"end":{"line":27,"column":16}},{"start":{"line":28,"column":10},"end":{"line":30,"column":20}}],"line":27},"2":{"loc":{"start":{"line":33,"column":9},"end":{"line":37,"column":9}},"type":"binary-expr","locations":[{"start":{"line":33,"column":9},"end":{"line":33,"column":16}},{"start":{"line":34,"column":10},"end":{"line":36,"column":20}}],"line":33},"3":{"loc":{"start":{"line":38,"column":9},"end":{"line":42,"column":9}},"type":"binary-expr","locations":[{"start":{"line":38,"column":9},"end":{"line":38,"column":17}},{"start":{"line":39,"column":10},"end":{"line":41,"column":20}}],"line":38}},"s":{"0":1,"1":7,"2":7,"3":7,"4":3,"5":1,"6":7,"7":7},"f":{"0":7,"1":7},"b":{"0":[3,4],"1":[7,2],"2":[7,2],"3":[7,5]},"_coverageSchema":"1a1c01bbd47fc00a2c39e90264f33305004495a9","hash":"14dd234b15a6def1e4f28434fcc1ebe3f03581d6"}
,"C:\\Users\\hp\\Downloads\\diplreact\\dipl\\Frontend\\src\\components\\Common\\FloatingButton\\TodoList.jsx": {"path":"C:\\Users\\hp\\Downloads\\diplreact\\dipl\\Frontend\\src\\components\\Common\\FloatingButton\\TodoList.jsx","statementMap":{"0":{"start":{"line":7,"column":17},"end":{"line":27,"column":1}},"1":{"start":{"line":8,"column":4},"end":{"line":26,"column":5}}},"fnMap":{"0":{"name":"(anonymous_0)","decl":{"start":{"line":7,"column":17},"end":{"line":7,"column":18}},"loc":{"start":{"line":7,"column":23},"end":{"line":27,"column":1}},"line":7}},"branchMap":{},"s":{"0":2,"1":7},"f":{"0":7},"b":{},"_coverageSchema":"1a1c01bbd47fc00a2c39e90264f33305004495a9","hash":"96162e377b0d67e4cad085b51651cc45416954e8"}
,"C:\\Users\\hp\\Downloads\\diplreact\\dipl\\Frontend\\src\\components\\Companies\\AddCompaniesForm.jsx": {"path":"C:\\Users\\hp\\Downloads\\diplreact\\dipl\\Frontend\\src\\components\\Companies\\AddCompaniesForm.jsx","statementMap":{"0":{"start":{"line":8,"column":25},"end":{"line":461,"column":1}},"1":{"start":{"line":9,"column":21},"end":{"line":9,"column":34}},"2":{"start":{"line":10,"column":38},"end":{"line":10,"column":50}},"3":{"start":{"line":12,"column":4},"end":{"line":24,"column":13}},"4":{"start":{"line":14,"column":8},"end":{"line":23,"column":77}},"5":{"start":{"line":15,"column":28},"end":{"line":15,"column":43}},"6":{"start":{"line":17,"column":12},"end":{"line":17,"column":52}},"7":{"start":{"line":19,"column":33},"end":{"line":19,"column":66}},"8":{"start":{"line":19,"column":53},"end":{"line":19,"column":65}},"9":{"start":{"line":21,"column":12},"end":{"line":21,"column":39}},"10":{"start":{"line":23,"column":26},"end":{"line":23,"column":75}},"11":{"start":{"line":27,"column":26},"end":{"line":59,"column":5}},"12":{"start":{"line":61,"column":29},"end":{"line":77,"column":6}},"13":{"start":{"line":79,"column":21},"end":{"line":93,"column":5}},"14":{"start":{"line":80,"column":8},"end":{"line":92,"column":9}},"15":{"start":{"line":81,"column":29},"end":{"line":81,"column":92}},"16":{"start":{"line":82,"column":12},"end":{"line":82,"column":72}},"17":{"start":{"line":83,"column":12},"end":{"line":83,"column":51}},"18":{"start":{"line":84,"column":12},"end":{"line":84,"column":33}},"19":{"start":{"line":85,"column":12},"end":{"line":85,"column":24}},"20":{"start":{"line":86,"column":12},"end":{"line":86,"column":33}},"21":{"start":{"line":87,"column":12},"end":{"line":87,"column":21}},"22":{"start":{"line":89,"column":12},"end":{"line":89,"column":60}},"23":{"start":{"line":90,"column":12},"end":{"line":90,"column":67}},"24":{"start":{"line":91,"column":12},"end":{"line":91,"column":33}},"25":{"start":{"line":95,"column":4},"end":{"line":460,"column":6}},"26":{"start":{"line":99,"column":20},"end":{"line":456,"column":27}},"27":{"start":{"line":219,"column":36},"end":{"line":219,"column":90}},"28":{"start":{"line":226,"column":32},"end":{"line":270,"column":35}},"29":{"start":{"line":228,"column":40},"end":{"line":261,"column":46}},"30":{"start":{"line":256,"column":63},"end":{"line":256,"column":76}},"31":{"start":{"line":265,"column":55},"end":{"line":265,"column":109}},"32":{"start":{"line":276,"column":32},"end":{"line":338,"column":35}},"33":{"start":{"line":278,"column":40},"end":{"line":329,"column":46}},"34":{"start":{"line":294,"column":52},"end":{"line":319,"column":55}},"35":{"start":{"line":296,"column":60},"end":{"line":310,"column":66}},"36":{"start":{"line":305,"column":83},"end":{"line":305,"column":99}},"37":{"start":{"line":314,"column":75},"end":{"line":314,"column":83}},"38":{"start":{"line":324,"column":63},"end":{"line":324,"column":76}},"39":{"start":{"line":333,"column":55},"end":{"line":333,"column":103}},"40":{"start":{"line":344,"column":32},"end":{"line":388,"column":35}},"41":{"start":{"line":346,"column":40},"end":{"line":379,"column":46}},"42":{"start":{"line":374,"column":63},"end":{"line":374,"column":76}},"43":{"start":{"line":383,"column":55},"end":{"line":383,"column":115}}},"fnMap":{"0":{"name":"(anonymous_0)","decl":{"start":{"line":8,"column":25},"end":{"line":8,"column":26}},"loc":{"start":{"line":8,"column":41},"end":{"line":461,"column":1}},"line":8},"1":{"name":"(anonymous_1)","decl":{"start":{"line":12,"column":14},"end":{"line":12,"column":15}},"loc":{"start":{"line":12,"column":20},"end":{"line":24,"column":7}},"line":12},"2":{"name":"(anonymous_2)","decl":{"start":{"line":15,"column":16},"end":{"line":15,"column":17}},"loc":{"start":{"line":15,"column":28},"end":{"line":15,"column":43}},"line":15},"3":{"name":"(anonymous_3)","decl":{"start":{"line":16,"column":16},"end":{"line":16,"column":17}},"loc":{"start":{"line":16,"column":24},"end":{"line":22,"column":11}},"line":16},"4":{"name":"(anonymous_4)","decl":{"start":{"line":19,"column":42},"end":{"line":19,"column":43}},"loc":{"start":{"line":19,"column":53},"end":{"line":19,"column":65}},"line":19},"5":{"name":"(anonymous_5)","decl":{"start":{"line":23,"column":17},"end":{"line":23,"column":18}},"loc":{"start":{"line":23,"column":26},"end":{"line":23,"column":75}},"line":23},"6":{"name":"(anonymous_6)","decl":{"start":{"line":79,"column":21},"end":{"line":79,"column":22}},"loc":{"start":{"line":79,"column":69},"end":{"line":93,"column":5}},"line":79},"7":{"name":"(anonymous_7)","decl":{"start":{"line":98,"column":17},"end":{"line":98,"column":18}},"loc":{"start":{"line":99,"column":20},"end":{"line":456,"column":27}},"line":99},"8":{"name":"(anonymous_8)","decl":{"start":{"line":218,"column":47},"end":{"line":218,"column":48}},"loc":{"start":{"line":219,"column":36},"end":{"line":219,"column":90}},"line":219},"9":{"name":"(anonymous_9)","decl":{"start":{"line":225,"column":29},"end":{"line":225,"column":30}},"loc":{"start":{"line":226,"column":32},"end":{"line":270,"column":35}},"line":226},"10":{"name":"(anonymous_10)","decl":{"start":{"line":227,"column":66},"end":{"line":227,"column":67}},"loc":{"start":{"line":228,"column":40},"end":{"line":261,"column":46}},"line":228},"11":{"name":"(anonymous_11)","decl":{"start":{"line":256,"column":57},"end":{"line":256,"column":58}},"loc":{"start":{"line":256,"column":63},"end":{"line":256,"column":76}},"line":256},"12":{"name":"(anonymous_12)","decl":{"start":{"line":265,"column":49},"end":{"line":265,"column":50}},"loc":{"start":{"line":265,"column":55},"end":{"line":265,"column":109}},"line":265},"13":{"name":"(anonymous_13)","decl":{"start":{"line":275,"column":29},"end":{"line":275,"column":30}},"loc":{"start":{"line":276,"column":32},"end":{"line":338,"column":35}},"line":276},"14":{"name":"(anonymous_14)","decl":{"start":{"line":277,"column":68},"end":{"line":277,"column":69}},"loc":{"start":{"line":278,"column":40},"end":{"line":329,"column":46}},"line":278},"15":{"name":"(anonymous_15)","decl":{"start":{"line":293,"column":49},"end":{"line":293,"column":50}},"loc":{"start":{"line":294,"column":52},"end":{"line":319,"column":55}},"line":294},"16":{"name":"(anonymous_16)","decl":{"start":{"line":295,"column":82},"end":{"line":295,"column":83}},"loc":{"start":{"line":296,"column":60},"end":{"line":310,"column":66}},"line":296},"17":{"name":"(anonymous_17)","decl":{"start":{"line":305,"column":77},"end":{"line":305,"column":78}},"loc":{"start":{"line":305,"column":83},"end":{"line":305,"column":99}},"line":305},"18":{"name":"(anonymous_18)","decl":{"start":{"line":314,"column":69},"end":{"line":314,"column":70}},"loc":{"start":{"line":314,"column":75},"end":{"line":314,"column":83}},"line":314},"19":{"name":"(anonymous_19)","decl":{"start":{"line":324,"column":57},"end":{"line":324,"column":58}},"loc":{"start":{"line":324,"column":63},"end":{"line":324,"column":76}},"line":324},"20":{"name":"(anonymous_20)","decl":{"start":{"line":333,"column":49},"end":{"line":333,"column":50}},"loc":{"start":{"line":333,"column":55},"end":{"line":333,"column":103}},"line":333},"21":{"name":"(anonymous_21)","decl":{"start":{"line":343,"column":29},"end":{"line":343,"column":30}},"loc":{"start":{"line":344,"column":32},"end":{"line":388,"column":35}},"line":344},"22":{"name":"(anonymous_22)","decl":{"start":{"line":345,"column":65},"end":{"line":345,"column":66}},"loc":{"start":{"line":346,"column":40},"end":{"line":379,"column":46}},"line":346},"23":{"name":"(anonymous_23)","decl":{"start":{"line":374,"column":57},"end":{"line":374,"column":58}},"loc":{"start":{"line":374,"column":63},"end":{"line":374,"column":76}},"line":374},"24":{"name":"(anonymous_24)","decl":{"start":{"line":383,"column":49},"end":{"line":383,"column":50}},"loc":{"start":{"line":383,"column":55},"end":{"line":383,"column":115}},"line":383}},"branchMap":{"0":{"loc":{"start":{"line":446,"column":33},"end":{"line":446,"column":74}},"type":"cond-expr","locations":[{"start":{"line":446,"column":48},"end":{"line":446,"column":63}},{"start":{"line":446,"column":66},"end":{"line":446,"column":74}}],"line":446}},"s":{"0":2,"1":7,"2":7,"3":7,"4":4,"5":4,"6":4,"7":4,"8":12,"9":4,"10":0,"11":7,"12":7,"13":7,"14":0,"15":0,"16":0,"17":0,"18":0,"19":0,"20":0,"21":0,"22":0,"23":0,"24":0,"25":7,"26":122,"27":327,"28":122,"29":160,"30":0,"31":1,"32":122,"33":150,"34":150,"35":172,"36":0,"37":1,"38":0,"39":1,"40":122,"41":140,"42":0,"43":1},"f":{"0":7,"1":4,"2":4,"3":4,"4":12,"5":0,"6":0,"7":122,"8":327,"9":122,"10":160,"11":0,"12":1,"13":122,"14":150,"15":150,"16":172,"17":0,"18":1,"19":0,"20":1,"21":122,"22":140,"23":0,"24":1},"b":{"0":[6,116]},"_coverageSchema":"1a1c01bbd47fc00a2c39e90264f33305004495a9","hash":"4793eebf0b3579de839b6ac6485029e5ec452399"}
,"C:\\Users\\hp\\Downloads\\diplreact\\dipl\\Frontend\\src\\components\\Companies\\CompaniesProfile.jsx": {"path":"C:\\Users\\hp\\Downloads\\diplreact\\dipl\\Frontend\\src\\components\\Companies\\CompaniesProfile.jsx","statementMap":{"0":{"start":{"line":22,"column":25},"end":{"line":272,"column":1}},"1":{"start":{"line":23,"column":26},"end":{"line":23,"column":37}},"2":{"start":{"line":24,"column":34},"end":{"line":24,"column":48}},"3":{"start":{"line":25,"column":34},"end":{"line":25,"column":48}},"4":{"start":{"line":26,"column":50},"end":{"line":26,"column":65}},"5":{"start":{"line":27,"column":42},"end":{"line":27,"column":57}},"6":{"start":{"line":28,"column":44},"end":{"line":28,"column":59}},"7":{"start":{"line":29,"column":44},"end":{"line":29,"column":59}},"8":{"start":{"line":30,"column":46},"end":{"line":30,"column":61}},"9":{"start":{"line":31,"column":56},"end":{"line":31,"column":70}},"10":{"start":{"line":33,"column":30},"end":{"line":35,"column":5}},"11":{"start":{"line":34,"column":8},"end":{"line":34,"column":45}},"12":{"start":{"line":36,"column":27},"end":{"line":38,"column":5}},"13":{"start":{"line":37,"column":8},"end":{"line":37,"column":39}},"14":{"start":{"line":39,"column":26},"end":{"line":41,"column":5}},"15":{"start":{"line":40,"column":8},"end":{"line":40,"column":37}},"16":{"start":{"line":42,"column":27},"end":{"line":44,"column":5}},"17":{"start":{"line":43,"column":8},"end":{"line":43,"column":39}},"18":{"start":{"line":45,"column":28},"end":{"line":48,"column":5}},"19":{"start":{"line":46,"column":8},"end":{"line":46,"column":41}},"20":{"start":{"line":51,"column":34},"end":{"line":53,"column":5}},"21":{"start":{"line":52,"column":8},"end":{"line":52,"column":85}},"22":{"start":{"line":55,"column":21},"end":{"line":55,"column":34}},"23":{"start":{"line":57,"column":4},"end":{"line":59,"column":20}},"24":{"start":{"line":58,"column":8},"end":{"line":58,"column":20}},"25":{"start":{"line":61,"column":22},"end":{"line":71,"column":5}},"26":{"start":{"line":62,"column":8},"end":{"line":70,"column":9}},"27":{"start":{"line":63,"column":29},"end":{"line":63,"column":96}},"28":{"start":{"line":64,"column":12},"end":{"line":64,"column":57}},"29":{"start":{"line":65,"column":12},"end":{"line":65,"column":38}},"30":{"start":{"line":66,"column":12},"end":{"line":66,"column":30}},"31":{"start":{"line":68,"column":12},"end":{"line":68,"column":57}},"32":{"start":{"line":69,"column":12},"end":{"line":69,"column":30}},"33":{"start":{"line":73,"column":4},"end":{"line":75,"column":5}},"34":{"start":{"line":74,"column":8},"end":{"line":74,"column":37}},"35":{"start":{"line":77,"column":4},"end":{"line":79,"column":5}},"36":{"start":{"line":78,"column":8},"end":{"line":78,"column":55}},"37":{"start":{"line":80,"column":4},"end":{"line":271,"column":5}},"38":{"start":{"line":199,"column":36},"end":{"line":205,"column":41}},"39":{"start":{"line":202,"column":55},"end":{"line":202,"column":88}},"40":{"start":{"line":233,"column":36},"end":{"line":239,"column":42}}},"fnMap":{"0":{"name":"(anonymous_0)","decl":{"start":{"line":22,"column":25},"end":{"line":22,"column":26}},"loc":{"start":{"line":22,"column":31},"end":{"line":272,"column":1}},"line":22},"1":{"name":"(anonymous_1)","decl":{"start":{"line":33,"column":30},"end":{"line":33,"column":31}},"loc":{"start":{"line":33,"column":36},"end":{"line":35,"column":5}},"line":33},"2":{"name":"(anonymous_2)","decl":{"start":{"line":36,"column":27},"end":{"line":36,"column":28}},"loc":{"start":{"line":36,"column":33},"end":{"line":38,"column":5}},"line":36},"3":{"name":"(anonymous_3)","decl":{"start":{"line":39,"column":26},"end":{"line":39,"column":27}},"loc":{"start":{"line":39,"column":32},"end":{"line":41,"column":5}},"line":39},"4":{"name":"(anonymous_4)","decl":{"start":{"line":42,"column":27},"end":{"line":42,"column":28}},"loc":{"start":{"line":42,"column":33},"end":{"line":44,"column":5}},"line":42},"5":{"name":"(anonymous_5)","decl":{"start":{"line":45,"column":28},"end":{"line":45,"column":29}},"loc":{"start":{"line":45,"column":34},"end":{"line":48,"column":5}},"line":45},"6":{"name":"(anonymous_6)","decl":{"start":{"line":51,"column":34},"end":{"line":51,"column":35}},"loc":{"start":{"line":51,"column":50},"end":{"line":53,"column":5}},"line":51},"7":{"name":"(anonymous_7)","decl":{"start":{"line":57,"column":14},"end":{"line":57,"column":15}},"loc":{"start":{"line":57,"column":20},"end":{"line":59,"column":5}},"line":57},"8":{"name":"(anonymous_8)","decl":{"start":{"line":61,"column":22},"end":{"line":61,"column":23}},"loc":{"start":{"line":61,"column":34},"end":{"line":71,"column":5}},"line":61},"9":{"name":"(anonymous_9)","decl":{"start":{"line":198,"column":66},"end":{"line":198,"column":67}},"loc":{"start":{"line":199,"column":36},"end":{"line":205,"column":41}},"line":199},"10":{"name":"(anonymous_10)","decl":{"start":{"line":202,"column":49},"end":{"line":202,"column":50}},"loc":{"start":{"line":202,"column":55},"end":{"line":202,"column":88}},"line":202},"11":{"name":"(anonymous_11)","decl":{"start":{"line":232,"column":63},"end":{"line":232,"column":64}},"loc":{"start":{"line":233,"column":36},"end":{"line":239,"column":42}},"line":233}},"branchMap":{"0":{"loc":{"start":{"line":52,"column":30},"end":{"line":52,"column":83}},"type":"cond-expr","locations":[{"start":{"line":52,"column":66},"end":{"line":52,"column":70}},{"start":{"line":52,"column":73},"end":{"line":52,"column":83}}],"line":52},"1":{"loc":{"start":{"line":73,"column":4},"end":{"line":75,"column":5}},"type":"if","locations":[{"start":{"line":73,"column":4},"end":{"line":75,"column":5}},{"start":{},"end":{}}],"line":73},"2":{"loc":{"start":{"line":77,"column":4},"end":{"line":79,"column":5}},"type":"if","locations":[{"start":{"line":77,"column":4},"end":{"line":79,"column":5}},{"start":{},"end":{}}],"line":77},"3":{"loc":{"start":{"line":138,"column":25},"end":{"line":142,"column":25}},"type":"cond-expr","locations":[{"start":{"line":139,"column":28},"end":{"line":139,"column":77}},{"start":{"line":141,"column":28},"end":{"line":141,"column":79}}],"line":138},"4":{"loc":{"start":{"line":144,"column":21},"end":{"line":158,"column":21}},"type":"binary-expr","locations":[{"start":{"line":144,"column":21},"end":{"line":144,"column":32}},{"start":{"line":145,"column":24},"end":{"line":157,"column":30}}],"line":144},"5":{"loc":{"start":{"line":146,"column":29},"end":{"line":156,"column":29}},"type":"cond-expr","locations":[{"start":{"line":147,"column":32},"end":{"line":153,"column":38}},{"start":{"line":155,"column":32},"end":{"line":155,"column":122}}],"line":146},"6":{"loc":{"start":{"line":146,"column":29},"end":{"line":146,"column":71}},"type":"binary-expr","locations":[{"start":{"line":146,"column":29},"end":{"line":146,"column":44}},{"start":{"line":146,"column":48},"end":{"line":146,"column":71}}],"line":146},"7":{"loc":{"start":{"line":167,"column":29},"end":{"line":171,"column":29}},"type":"cond-expr","locations":[{"start":{"line":168,"column":32},"end":{"line":168,"column":81}},{"start":{"line":170,"column":32},"end":{"line":170,"column":83}}],"line":167},"8":{"loc":{"start":{"line":173,"column":25},"end":{"line":179,"column":25}},"type":"binary-expr","locations":[{"start":{"line":173,"column":25},"end":{"line":173,"column":37}},{"start":{"line":174,"column":28},"end":{"line":178,"column":34}}],"line":173},"9":{"loc":{"start":{"line":190,"column":29},"end":{"line":194,"column":29}},"type":"cond-expr","locations":[{"start":{"line":191,"column":32},"end":{"line":191,"column":81}},{"start":{"line":193,"column":32},"end":{"line":193,"column":83}}],"line":190},"10":{"loc":{"start":{"line":196,"column":25},"end":{"line":208,"column":25}},"type":"binary-expr","locations":[{"start":{"line":196,"column":25},"end":{"line":196,"column":40}},{"start":{"line":197,"column":28},"end":{"line":207,"column":33}}],"line":196},"11":{"loc":{"start":{"line":209,"column":25},"end":{"line":216,"column":25}},"type":"binary-expr","locations":[{"start":{"line":209,"column":25},"end":{"line":209,"column":43}},{"start":{"line":210,"column":28},"end":{"line":215,"column":34}}],"line":209},"12":{"loc":{"start":{"line":224,"column":29},"end":{"line":228,"column":29}},"type":"cond-expr","locations":[{"start":{"line":225,"column":32},"end":{"line":225,"column":81}},{"start":{"line":227,"column":32},"end":{"line":227,"column":83}}],"line":224},"13":{"loc":{"start":{"line":230,"column":25},"end":{"line":242,"column":25}},"type":"binary-expr","locations":[{"start":{"line":230,"column":25},"end":{"line":230,"column":37}},{"start":{"line":231,"column":28},"end":{"line":241,"column":34}}],"line":230},"14":{"loc":{"start":{"line":250,"column":29},"end":{"line":254,"column":29}},"type":"cond-expr","locations":[{"start":{"line":251,"column":32},"end":{"line":251,"column":81}},{"start":{"line":253,"column":32},"end":{"line":253,"column":83}}],"line":250},"15":{"loc":{"start":{"line":256,"column":25},"end":{"line":263,"column":25}},"type":"binary-expr","locations":[{"start":{"line":256,"column":25},"end":{"line":256,"column":38}},{"start":{"line":257,"column":28},"end":{"line":262,"column":34}}],"line":256}},"s":{"0":1,"1":12,"2":11,"3":11,"4":11,"5":11,"6":11,"7":11,"8":11,"9":11,"10":11,"11":1,"12":11,"13":0,"14":11,"15":1,"16":11,"17":0,"18":11,"19":0,"20":11,"21":0,"22":11,"23":11,"24":5,"25":11,"26":5,"27":5,"28":3,"29":2,"30":2,"31":3,"32":3,"33":11,"34":5,"35":6,"36":2,"37":4,"38":1,"39":0,"40":0},"f":{"0":12,"1":1,"2":0,"3":1,"4":0,"5":0,"6":0,"7":5,"8":5,"9":1,"10":0,"11":0},"b":{"0":[0,0],"1":[5,6],"2":[2,4],"3":[1,3],"4":[4,1],"5":[1,0],"6":[1,1],"7":[0,4],"8":[4,0],"9":[1,3],"10":[4,1],"11":[4,0],"12":[0,4],"13":[4,0],"14":[0,4],"15":[4,0]},"_coverageSchema":"1a1c01bbd47fc00a2c39e90264f33305004495a9","hash":"e3443d4030deeae78baf713d72858e252f2548c6"}
,"C:\\Users\\hp\\Downloads\\diplreact\\dipl\\Frontend\\src\\components\\Companies\\CompaniesTable.jsx": {"path":"C:\\Users\\hp\\Downloads\\diplreact\\dipl\\Frontend\\src\\components\\Companies\\CompaniesTable.jsx","statementMap":{"0":{"start":{"line":17,"column":23},"end":{"line":239,"column":1}},"1":{"start":{"line":18,"column":56},"end":{"line":18,"column":71}},"2":{"start":{"line":19,"column":38},"end":{"line":19,"column":50}},"3":{"start":{"line":20,"column":38},"end":{"line":20,"column":52}},"4":{"start":{"line":21,"column":30},"end":{"line":21,"column":44}},"5":{"start":{"line":22,"column":21},"end":{"line":22,"column":34}},"6":{"start":{"line":24,"column":4},"end":{"line":76,"column":11}},"7":{"start":{"line":25,"column":31},"end":{"line":73,"column":9}},"8":{"start":{"line":26,"column":12},"end":{"line":72,"column":13}},"9":{"start":{"line":27,"column":16},"end":{"line":27,"column":35}},"10":{"start":{"line":28,"column":16},"end":{"line":28,"column":31}},"11":{"start":{"line":29,"column":33},"end":{"line":29,"column":87}},"12":{"start":{"line":32,"column":50},"end":{"line":35,"column":19}},"13":{"start":{"line":32,"column":89},"end":{"line":35,"column":17}},"14":{"start":{"line":38,"column":42},"end":{"line":64,"column":19}},"15":{"start":{"line":40,"column":20},"end":{"line":63,"column":21}},"16":{"start":{"line":41,"column":24},"end":{"line":56,"column":25}},"17":{"start":{"line":42,"column":49},"end":{"line":42,"column":107}},"18":{"start":{"line":43,"column":45},"end":{"line":43,"column":62}},"19":{"start":{"line":44,"column":44},"end":{"line":44,"column":73}},"20":{"start":{"line":45,"column":28},"end":{"line":48,"column":30}},"21":{"start":{"line":50,"column":28},"end":{"line":50,"column":99}},"22":{"start":{"line":52,"column":28},"end":{"line":55,"column":30}},"23":{"start":{"line":59,"column":24},"end":{"line":62,"column":26}},"24":{"start":{"line":66,"column":16},"end":{"line":66,"column":48}},"25":{"start":{"line":68,"column":16},"end":{"line":68,"column":66}},"26":{"start":{"line":69,"column":16},"end":{"line":69,"column":40}},"27":{"start":{"line":71,"column":16},"end":{"line":71,"column":36}},"28":{"start":{"line":75,"column":8},"end":{"line":75,"column":25}},"29":{"start":{"line":79,"column":20},"end":{"line":140,"column":5}},"30":{"start":{"line":86,"column":20},"end":{"line":86,"column":60}},"31":{"start":{"line":96,"column":20},"end":{"line":96,"column":92}},"32":{"start":{"line":106,"column":20},"end":{"line":106,"column":60}},"33":{"start":{"line":116,"column":20},"end":{"line":116,"column":60}},"34":{"start":{"line":126,"column":34},"end":{"line":126,"column":52}},"35":{"start":{"line":127,"column":38},"end":{"line":127,"column":58}},"36":{"start":{"line":129,"column":20},"end":{"line":136,"column":22}},"37":{"start":{"line":131,"column":43},"end":{"line":131,"column":83}},"38":{"start":{"line":142,"column":36},"end":{"line":144,"column":5}},"39":{"start":{"line":143,"column":8},"end":{"line":143,"column":35}},"40":{"start":{"line":146,"column":37},"end":{"line":148,"column":5}},"41":{"start":{"line":147,"column":8},"end":{"line":147,"column":36}},"42":{"start":{"line":150,"column":20},"end":{"line":171,"column":5}},"43":{"start":{"line":162,"column":12},"end":{"line":169,"column":17}},"44":{"start":{"line":173,"column":24},"end":{"line":206,"column":10}},"45":{"start":{"line":174,"column":8},"end":{"line":206,"column":10}},"46":{"start":{"line":208,"column":4},"end":{"line":238,"column":6}}},"fnMap":{"0":{"name":"(anonymous_0)","decl":{"start":{"line":17,"column":23},"end":{"line":17,"column":24}},"loc":{"start":{"line":17,"column":29},"end":{"line":239,"column":1}},"line":17},"1":{"name":"(anonymous_1)","decl":{"start":{"line":24,"column":14},"end":{"line":24,"column":15}},"loc":{"start":{"line":24,"column":20},"end":{"line":76,"column":5}},"line":24},"2":{"name":"(anonymous_2)","decl":{"start":{"line":25,"column":31},"end":{"line":25,"column":32}},"loc":{"start":{"line":25,"column":43},"end":{"line":73,"column":9}},"line":25},"3":{"name":"(anonymous_3)","decl":{"start":{"line":32,"column":68},"end":{"line":32,"column":69}},"loc":{"start":{"line":32,"column":89},"end":{"line":35,"column":17}},"line":32},"4":{"name":"(anonymous_4)","decl":{"start":{"line":38,"column":90},"end":{"line":38,"column":91}},"loc":{"start":{"line":38,"column":109},"end":{"line":64,"column":17}},"line":38},"5":{"name":"(anonymous_5)","decl":{"start":{"line":85,"column":34},"end":{"line":85,"column":35}},"loc":{"start":{"line":86,"column":20},"end":{"line":86,"column":60}},"line":86},"6":{"name":"(anonymous_6)","decl":{"start":{"line":95,"column":34},"end":{"line":95,"column":35}},"loc":{"start":{"line":96,"column":20},"end":{"line":96,"column":92}},"line":96},"7":{"name":"(anonymous_7)","decl":{"start":{"line":105,"column":34},"end":{"line":105,"column":35}},"loc":{"start":{"line":106,"column":20},"end":{"line":106,"column":60}},"line":106},"8":{"name":"(anonymous_8)","decl":{"start":{"line":115,"column":34},"end":{"line":115,"column":35}},"loc":{"start":{"line":116,"column":20},"end":{"line":116,"column":60}},"line":116},"9":{"name":"(anonymous_9)","decl":{"start":{"line":125,"column":34},"end":{"line":125,"column":35}},"loc":{"start":{"line":125,"column":56},"end":{"line":137,"column":17}},"line":125},"10":{"name":"(anonymous_10)","decl":{"start":{"line":131,"column":37},"end":{"line":131,"column":38}},"loc":{"start":{"line":131,"column":43},"end":{"line":131,"column":83}},"line":131},"11":{"name":"(anonymous_11)","decl":{"start":{"line":142,"column":36},"end":{"line":142,"column":37}},"loc":{"start":{"line":142,"column":42},"end":{"line":144,"column":5}},"line":142},"12":{"name":"(anonymous_12)","decl":{"start":{"line":146,"column":37},"end":{"line":146,"column":38}},"loc":{"start":{"line":146,"column":43},"end":{"line":148,"column":5}},"line":146},"13":{"name":"(anonymous_13)","decl":{"start":{"line":161,"column":23},"end":{"line":161,"column":24}},"loc":{"start":{"line":162,"column":12},"end":{"line":169,"column":17}},"line":162},"14":{"name":"(anonymous_14)","decl":{"start":{"line":173,"column":24},"end":{"line":173,"column":25}},"loc":{"start":{"line":174,"column":8},"end":{"line":206,"column":10}},"line":174}},"branchMap":{"0":{"loc":{"start":{"line":40,"column":20},"end":{"line":63,"column":21}},"type":"if","locations":[{"start":{"line":40,"column":20},"end":{"line":63,"column":21}},{"start":{"line":57,"column":27},"end":{"line":63,"column":21}}],"line":40},"1":{"loc":{"start":{"line":40,"column":24},"end":{"line":40,"column":72}},"type":"binary-expr","locations":[{"start":{"line":40,"column":24},"end":{"line":40,"column":39}},{"start":{"line":40,"column":43},"end":{"line":40,"column":72}}],"line":40},"2":{"loc":{"start":{"line":212,"column":21},"end":{"line":223,"column":21}},"type":"cond-expr","locations":[{"start":{"line":213,"column":24},"end":{"line":213,"column":45}},{"start":{"line":214,"column":24},"end":{"line":223,"column":21}}],"line":212},"3":{"loc":{"start":{"line":214,"column":24},"end":{"line":223,"column":21}},"type":"cond-expr","locations":[{"start":{"line":215,"column":24},"end":{"line":215,"column":49}},{"start":{"line":217,"column":24},"end":{"line":222,"column":26}}],"line":214}},"s":{"0":1,"1":9,"2":8,"3":8,"4":8,"5":8,"6":8,"7":4,"8":4,"9":4,"10":4,"11":4,"12":3,"13":2,"14":2,"15":2,"16":2,"17":2,"18":2,"19":0,"20":0,"21":2,"22":2,"23":0,"24":2,"25":2,"26":2,"27":4,"28":4,"29":8,"30":6,"31":6,"32":6,"33":6,"34":6,"35":6,"36":6,"37":1,"38":8,"39":0,"40":8,"41":0,"42":8,"43":4,"44":8,"45":8,"46":8},"f":{"0":9,"1":4,"2":4,"3":2,"4":2,"5":6,"6":6,"7":6,"8":6,"9":6,"10":1,"11":0,"12":0,"13":4,"14":8},"b":{"0":[2,0],"1":[2,2],"2":[4,4],"3":[1,3]},"_coverageSchema":"1a1c01bbd47fc00a2c39e90264f33305004495a9","hash":"e0c75c7d9c9e73236cbf9306d224a294c55db530"}
,"C:\\Users\\hp\\Downloads\\diplreact\\dipl\\Frontend\\src\\components\\Home\\Footer.jsx": {"path":"C:\\Users\\hp\\Downloads\\diplreact\\dipl\\Frontend\\src\\components\\Home\\Footer.jsx","statementMap":{"0":{"start":{"line":3,"column":15},"end":{"line":130,"column":1}},"1":{"start":{"line":4,"column":4},"end":{"line":129,"column":5}}},"fnMap":{"0":{"name":"(anonymous_0)","decl":{"start":{"line":3,"column":15},"end":{"line":3,"column":16}},"loc":{"start":{"line":3,"column":21},"end":{"line":130,"column":1}},"line":3}},"branchMap":{},"s":{"0":1,"1":2},"f":{"0":2},"b":{},"_coverageSchema":"1a1c01bbd47fc00a2c39e90264f33305004495a9","hash":"2db95505b85cbd10f3a6d3b8bdc388cc9ca0d3cd"}
,"C:\\Users\\hp\\Downloads\\diplreact\\dipl\\Frontend\\src\\components\\Home\\Header.jsx": {"path":"C:\\Users\\hp\\Downloads\\diplreact\\dipl\\Frontend\\src\\components\\Home\\Header.jsx","statementMap":{"0":{"start":{"line":3,"column":15},"end":{"line":9,"column":1}},"1":{"start":{"line":4,"column":4},"end":{"line":8,"column":5}}},"fnMap":{"0":{"name":"(anonymous_0)","decl":{"start":{"line":3,"column":15},"end":{"line":3,"column":16}},"loc":{"start":{"line":3,"column":21},"end":{"line":9,"column":1}},"line":3}},"branchMap":{},"s":{"0":1,"1":1},"f":{"0":1},"b":{},"_coverageSchema":"1a1c01bbd47fc00a2c39e90264f33305004495a9","hash":"f97444b25e7f90396822629caffdd145bdd6346e"}
,"C:\\Users\\hp\\Downloads\\diplreact\\dipl\\Frontend\\src\\components\\Home\\Hero_card.jsx": {"path":"C:\\Users\\hp\\Downloads\\diplreact\\dipl\\Frontend\\src\\components\\Home\\Hero_card.jsx","statementMap":{"0":{"start":{"line":3,"column":18},"end":{"line":28,"column":1}},"1":{"start":{"line":4,"column":4},"end":{"line":27,"column":5}}},"fnMap":{"0":{"name":"(anonymous_0)","decl":{"start":{"line":3,"column":18},"end":{"line":3,"column":19}},"loc":{"start":{"line":3,"column":24},"end":{"line":28,"column":1}},"line":3}},"branchMap":{},"s":{"0":1,"1":2},"f":{"0":2},"b":{},"_coverageSchema":"1a1c01bbd47fc00a2c39e90264f33305004495a9","hash":"d3ce94d7e1d5e0b5d86ddf646b009a59eaae5526"}
,"C:\\Users\\hp\\Downloads\\diplreact\\dipl\\Frontend\\src\\components\\Home\\Navbar.jsx": {"path":"C:\\Users\\hp\\Downloads\\diplreact\\dipl\\Frontend\\src\\components\\Home\\Navbar.jsx","statementMap":{"0":{"start":{"line":6,"column":15},"end":{"line":29,"column":1}},"1":{"start":{"line":7,"column":4},"end":{"line":28,"column":5}}},"fnMap":{"0":{"name":"(anonymous_0)","decl":{"start":{"line":6,"column":15},"end":{"line":6,"column":16}},"loc":{"start":{"line":6,"column":21},"end":{"line":29,"column":1}},"line":6}},"branchMap":{},"s":{"0":1,"1":2},"f":{"0":2},"b":{},"_coverageSchema":"1a1c01bbd47fc00a2c39e90264f33305004495a9","hash":"0e5e70c6f92ae71d68174c113c1e712692025410"}
,"C:\\Users\\hp\\Downloads\\diplreact\\dipl\\Frontend\\src\\components\\Home\\service_grid.jsx": {"path":"C:\\Users\\hp\\Downloads\\diplreact\\dipl\\Frontend\\src\\components\\Home\\service_grid.jsx","statementMap":{"0":{"start":{"line":5,"column":21},"end":{"line":54,"column":1}},"1":{"start":{"line":6,"column":4},"end":{"line":53,"column":5}}},"fnMap":{"0":{"name":"(anonymous_0)","decl":{"start":{"line":5,"column":21},"end":{"line":5,"column":22}},"loc":{"start":{"line":5,"column":27},"end":{"line":54,"column":1}},"line":5}},"branchMap":{},"s":{"0":1,"1":1},"f":{"0":1},"b":{},"_coverageSchema":"1a1c01bbd47fc00a2c39e90264f33305004495a9","hash":"6f0480e17b79f8faea2efa02dccf3f2a7a46b7e0"}
,"C:\\Users\\hp\\Downloads\\diplreact\\dipl\\Frontend\\src\\components\\Meetings\\AssignMeetingsForm.jsx": {"path":"C:\\Users\\hp\\Downloads\\diplreact\\dipl\\Frontend\\src\\components\\Meetings\\AssignMeetingsForm.jsx","statementMap":{"0":{"start":{"line":7,"column":27},"end":{"line":194,"column":1}},"1":{"start":{"line":8,"column":21},"end":{"line":8,"column":34}},"2":{"start":{"line":10,"column":26},"end":{"line":18,"column":5}},"3":{"start":{"line":20,"column":29},"end":{"line":31,"column":6}},"4":{"start":{"line":33,"column":21},"end":{"line":33,"column":71}},"5":{"start":{"line":35,"column":21},"end":{"line":44,"column":5}},"6":{"start":{"line":37,"column":8},"end":{"line":43,"column":17}},"7":{"start":{"line":38,"column":12},"end":{"line":38,"column":32}},"8":{"start":{"line":39,"column":12},"end":{"line":39,"column":33}},"9":{"start":{"line":40,"column":12},"end":{"line":40,"column":52}},"10":{"start":{"line":41,"column":12},"end":{"line":41,"column":34}},"11":{"start":{"line":42,"column":12},"end":{"line":42,"column":21}},"12":{"start":{"line":46,"column":4},"end":{"line":193,"column":6}},"13":{"start":{"line":50,"column":20},"end":{"line":189,"column":27}},"14":{"start":{"line":66,"column":44},"end":{"line":88,"column":46}},"15":{"start":{"line":75,"column":81},"end":{"line":75,"column":95}},"16":{"start":{"line":76,"column":78},"end":{"line":76,"column":94}},"17":{"start":{"line":77,"column":60},"end":{"line":82,"column":61}},"18":{"start":{"line":79,"column":64},"end":{"line":79,"column":111}},"19":{"start":{"line":81,"column":64},"end":{"line":81,"column":99}},"20":{"start":{"line":103,"column":44},"end":{"line":124,"column":46}},"21":{"start":{"line":112,"column":81},"end":{"line":112,"column":95}},"22":{"start":{"line":113,"column":78},"end":{"line":113,"column":94}},"23":{"start":{"line":114,"column":60},"end":{"line":119,"column":61}},"24":{"start":{"line":115,"column":64},"end":{"line":115,"column":136}},"25":{"start":{"line":117,"column":86},"end":{"line":117,"column":150}},"26":{"start":{"line":117,"column":126},"end":{"line":117,"column":149}},"27":{"start":{"line":118,"column":64},"end":{"line":118,"column":110}}},"fnMap":{"0":{"name":"(anonymous_0)","decl":{"start":{"line":7,"column":27},"end":{"line":7,"column":28}},"loc":{"start":{"line":7,"column":43},"end":{"line":194,"column":1}},"line":7},"1":{"name":"(anonymous_1)","decl":{"start":{"line":35,"column":21},"end":{"line":35,"column":22}},"loc":{"start":{"line":35,"column":52},"end":{"line":44,"column":5}},"line":35},"2":{"name":"(anonymous_2)","decl":{"start":{"line":37,"column":19},"end":{"line":37,"column":20}},"loc":{"start":{"line":37,"column":25},"end":{"line":43,"column":9}},"line":37},"3":{"name":"(anonymous_3)","decl":{"start":{"line":49,"column":17},"end":{"line":49,"column":18}},"loc":{"start":{"line":50,"column":20},"end":{"line":189,"column":27}},"line":50},"4":{"name":"(anonymous_4)","decl":{"start":{"line":65,"column":54},"end":{"line":65,"column":55}},"loc":{"start":{"line":66,"column":44},"end":{"line":88,"column":46}},"line":66},"5":{"name":"(anonymous_5)","decl":{"start":{"line":74,"column":66},"end":{"line":74,"column":67}},"loc":{"start":{"line":74,"column":73},"end":{"line":83,"column":57}},"line":74},"6":{"name":"(anonymous_6)","decl":{"start":{"line":102,"column":54},"end":{"line":102,"column":55}},"loc":{"start":{"line":103,"column":44},"end":{"line":124,"column":46}},"line":103},"7":{"name":"(anonymous_7)","decl":{"start":{"line":111,"column":66},"end":{"line":111,"column":67}},"loc":{"start":{"line":111,"column":73},"end":{"line":120,"column":57}},"line":111},"8":{"name":"(anonymous_8)","decl":{"start":{"line":117,"column":114},"end":{"line":117,"column":115}},"loc":{"start":{"line":117,"column":126},"end":{"line":117,"column":149}},"line":117}},"branchMap":{"0":{"loc":{"start":{"line":60,"column":25},"end":{"line":94,"column":25}},"type":"binary-expr","locations":[{"start":{"line":60,"column":25},"end":{"line":60,"column":60}},{"start":{"line":61,"column":28},"end":{"line":93,"column":34}}],"line":60},"1":{"loc":{"start":{"line":77,"column":60},"end":{"line":82,"column":61}},"type":"if","locations":[{"start":{"line":77,"column":60},"end":{"line":82,"column":61}},{"start":{"line":80,"column":67},"end":{"line":82,"column":61}}],"line":77},"2":{"loc":{"start":{"line":84,"column":66},"end":{"line":84,"column":137}},"type":"binary-expr","locations":[{"start":{"line":84,"column":66},"end":{"line":84,"column":97}},{"start":{"line":84,"column":101},"end":{"line":84,"column":137}}],"line":84},"3":{"loc":{"start":{"line":97,"column":25},"end":{"line":130,"column":25}},"type":"binary-expr","locations":[{"start":{"line":97,"column":25},"end":{"line":97,"column":54}},{"start":{"line":98,"column":28},"end":{"line":129,"column":34}}],"line":97},"4":{"loc":{"start":{"line":114,"column":60},"end":{"line":119,"column":61}},"type":"if","locations":[{"start":{"line":114,"column":60},"end":{"line":119,"column":61}},{"start":{"line":116,"column":67},"end":{"line":119,"column":61}}],"line":114},"5":{"loc":{"start":{"line":186,"column":33},"end":{"line":186,"column":74}},"type":"cond-expr","locations":[{"start":{"line":186,"column":48},"end":{"line":186,"column":63}},{"start":{"line":186,"column":66},"end":{"line":186,"column":74}}],"line":186}},"s":{"0":3,"1":0,"2":0,"3":0,"4":0,"5":0,"6":0,"7":0,"8":0,"9":0,"10":0,"11":0,"12":0,"13":0,"14":0,"15":0,"16":0,"17":0,"18":0,"19":0,"20":0,"21":0,"22":0,"23":0,"24":0,"25":0,"26":0,"27":0},"f":{"0":0,"1":0,"2":0,"3":0,"4":0,"5":0,"6":0,"7":0,"8":0},"b":{"0":[0,0],"1":[0,0],"2":[0,0],"3":[0,0],"4":[0,0],"5":[0,0]},"_coverageSchema":"1a1c01bbd47fc00a2c39e90264f33305004495a9","hash":"7580c817a042dd4ed1726c16d6d683ad76fcb780"}
,"C:\\Users\\hp\\Downloads\\diplreact\\dipl\\Frontend\\src\\components\\Meetings\\MeetingsTable.jsx": {"path":"C:\\Users\\hp\\Downloads\\diplreact\\dipl\\Frontend\\src\\components\\Meetings\\MeetingsTable.jsx","statementMap":{"0":{"start":{"line":8,"column":22},"end":{"line":442,"column":1}},"1":{"start":{"line":9,"column":36},"end":{"line":9,"column":48}},"2":{"start":{"line":10,"column":54},"end":{"line":10,"column":69}},"3":{"start":{"line":11,"column":36},"end":{"line":11,"column":50}},"4":{"start":{"line":12,"column":50},"end":{"line":12,"column":64}},"5":{"start":{"line":13,"column":68},"end":{"line":13,"column":83}},"6":{"start":{"line":14,"column":56},"end":{"line":14,"column":71}},"7":{"start":{"line":15,"column":48},"end":{"line":22,"column":6}},"8":{"start":{"line":23,"column":64},"end":{"line":23,"column":79}},"9":{"start":{"line":24,"column":44},"end":{"line":24,"column":59}},"10":{"start":{"line":26,"column":4},"end":{"line":30,"column":11}},"11":{"start":{"line":28,"column":29},"end":{"line":28,"column":53}},"12":{"start":{"line":29,"column":8},"end":{"line":29,"column":34}},"13":{"start":{"line":32,"column":33},"end":{"line":48,"column":5}},"14":{"start":{"line":33,"column":27},"end":{"line":33,"column":29}},"15":{"start":{"line":34,"column":8},"end":{"line":46,"column":9}},"16":{"start":{"line":34,"column":21},"end":{"line":34,"column":22}},"17":{"start":{"line":35,"column":32},"end":{"line":35,"column":54}},"18":{"start":{"line":36,"column":32},"end":{"line":44,"column":13}},"19":{"start":{"line":45,"column":12},"end":{"line":45,"column":43}},"20":{"start":{"line":47,"column":8},"end":{"line":47,"column":28}},"21":{"start":{"line":50,"column":28},"end":{"line":52,"column":5}},"22":{"start":{"line":51,"column":8},"end":{"line":51,"column":65}},"23":{"start":{"line":54,"column":26},"end":{"line":59,"column":5}},"24":{"start":{"line":55,"column":22},"end":{"line":55,"column":42}},"25":{"start":{"line":56,"column":20},"end":{"line":56,"column":30}},"26":{"start":{"line":57,"column":27},"end":{"line":57,"column":104}},"27":{"start":{"line":58,"column":8},"end":{"line":58,"column":54}},"28":{"start":{"line":61,"column":26},"end":{"line":65,"column":5}},"29":{"start":{"line":62,"column":22},"end":{"line":62,"column":44}},"30":{"start":{"line":63,"column":24},"end":{"line":63,"column":46}},"31":{"start":{"line":64,"column":8},"end":{"line":64,"column":93}},"32":{"start":{"line":67,"column":33},"end":{"line":71,"column":5}},"33":{"start":{"line":68,"column":29},"end":{"line":68,"column":51}},"34":{"start":{"line":69,"column":28},"end":{"line":69,"column":75}},"35":{"start":{"line":70,"column":8},"end":{"line":70,"column":41}},"36":{"start":{"line":73,"column":32},"end":{"line":80,"column":5}},"37":{"start":{"line":74,"column":28},"end":{"line":74,"column":49}},"38":{"start":{"line":75,"column":22},"end":{"line":75,"column":24}},"39":{"start":{"line":76,"column":8},"end":{"line":78,"column":9}},"40":{"start":{"line":76,"column":21},"end":{"line":76,"column":22}},"41":{"start":{"line":77,"column":12},"end":{"line":77,"column":45}},"42":{"start":{"line":79,"column":8},"end":{"line":79,"column":23}},"43":{"start":{"line":81,"column":21},"end":{"line":81,"column":71}},"44":{"start":{"line":83,"column":35},"end":{"line":85,"column":5}},"45":{"start":{"line":84,"column":8},"end":{"line":84,"column":34}},"46":{"start":{"line":87,"column":36},"end":{"line":89,"column":5}},"47":{"start":{"line":88,"column":8},"end":{"line":88,"column":34}},"48":{"start":{"line":91,"column":27},"end":{"line":94,"column":5}},"49":{"start":{"line":92,"column":8},"end":{"line":92,"column":41}},"50":{"start":{"line":93,"column":8},"end":{"line":93,"column":36}},"51":{"start":{"line":96,"column":28},"end":{"line":98,"column":5}},"52":{"start":{"line":97,"column":8},"end":{"line":97,"column":26}},"53":{"start":{"line":100,"column":37},"end":{"line":103,"column":5}},"54":{"start":{"line":101,"column":8},"end":{"line":101,"column":26}},"55":{"start":{"line":102,"column":8},"end":{"line":102,"column":42}},"56":{"start":{"line":105,"column":44},"end":{"line":107,"column":5}},"57":{"start":{"line":106,"column":8},"end":{"line":106,"column":43}},"58":{"start":{"line":109,"column":37},"end":{"line":112,"column":5}},"59":{"start":{"line":110,"column":8},"end":{"line":110,"column":26}},"60":{"start":{"line":111,"column":8},"end":{"line":111,"column":36}},"61":{"start":{"line":114,"column":38},"end":{"line":124,"column":5}},"62":{"start":{"line":115,"column":8},"end":{"line":115,"column":37}},"63":{"start":{"line":116,"column":8},"end":{"line":123,"column":11}},"64":{"start":{"line":126,"column":30},"end":{"line":132,"column":5}},"65":{"start":{"line":127,"column":32},"end":{"line":127,"column":44}},"66":{"start":{"line":128,"column":8},"end":{"line":131,"column":12}},"67":{"start":{"line":128,"column":42},"end":{"line":131,"column":9}},"68":{"start":{"line":134,"column":34},"end":{"line":143,"column":5}},"69":{"start":{"line":136,"column":27},"end":{"line":139,"column":9}},"70":{"start":{"line":140,"column":8},"end":{"line":140,"column":47}},"71":{"start":{"line":141,"column":8},"end":{"line":141,"column":30}},"72":{"start":{"line":142,"column":8},"end":{"line":142,"column":36}},"73":{"start":{"line":145,"column":41},"end":{"line":148,"column":5}},"74":{"start":{"line":146,"column":8},"end":{"line":146,"column":40}},"75":{"start":{"line":147,"column":8},"end":{"line":147,"column":26}},"76":{"start":{"line":150,"column":42},"end":{"line":152,"column":5}},"77":{"start":{"line":151,"column":8},"end":{"line":151,"column":41}},"78":{"start":{"line":154,"column":32},"end":{"line":161,"column":5}},"79":{"start":{"line":155,"column":8},"end":{"line":155,"column":37}},"80":{"start":{"line":155,"column":30},"end":{"line":155,"column":37}},"81":{"start":{"line":157,"column":32},"end":{"line":157,"column":95}},"82":{"start":{"line":157,"column":61},"end":{"line":157,"column":94}},"83":{"start":{"line":158,"column":8},"end":{"line":158,"column":37}},"84":{"start":{"line":159,"column":8},"end":{"line":159,"column":30}},"85":{"start":{"line":160,"column":8},"end":{"line":160,"column":40}},"86":{"start":{"line":163,"column":20},"end":{"line":198,"column":5}},"87":{"start":{"line":175,"column":20},"end":{"line":194,"column":26}},"88":{"start":{"line":176,"column":56},"end":{"line":176,"column":107}},"89":{"start":{"line":200,"column":20},"end":{"line":214,"column":5}},"90":{"start":{"line":207,"column":12},"end":{"line":212,"column":21}},"91":{"start":{"line":216,"column":24},"end":{"line":248,"column":10}},"92":{"start":{"line":217,"column":8},"end":{"line":248,"column":10}},"93":{"start":{"line":250,"column":4},"end":{"line":441,"column":6}},"94":{"start":{"line":363,"column":36},"end":{"line":367,"column":42}},"95":{"start":{"line":365,"column":44},"end":{"line":365,"column":76}},"96":{"start":{"line":372,"column":32},"end":{"line":375,"column":43}},"97":{"start":{"line":390,"column":32},"end":{"line":392,"column":43}},"98":{"start":{"line":437,"column":31},"end":{"line":437,"column":53}}},"fnMap":{"0":{"name":"(anonymous_0)","decl":{"start":{"line":8,"column":22},"end":{"line":8,"column":23}},"loc":{"start":{"line":8,"column":28},"end":{"line":442,"column":1}},"line":8},"1":{"name":"(anonymous_1)","decl":{"start":{"line":26,"column":14},"end":{"line":26,"column":15}},"loc":{"start":{"line":26,"column":20},"end":{"line":30,"column":5}},"line":26},"2":{"name":"(anonymous_2)","decl":{"start":{"line":32,"column":33},"end":{"line":32,"column":34}},"loc":{"start":{"line":32,"column":44},"end":{"line":48,"column":5}},"line":32},"3":{"name":"(anonymous_3)","decl":{"start":{"line":50,"column":28},"end":{"line":50,"column":29}},"loc":{"start":{"line":50,"column":42},"end":{"line":52,"column":5}},"line":50},"4":{"name":"(anonymous_4)","decl":{"start":{"line":54,"column":26},"end":{"line":54,"column":27}},"loc":{"start":{"line":54,"column":32},"end":{"line":59,"column":5}},"line":54},"5":{"name":"(anonymous_5)","decl":{"start":{"line":61,"column":26},"end":{"line":61,"column":27}},"loc":{"start":{"line":61,"column":32},"end":{"line":65,"column":5}},"line":61},"6":{"name":"(anonymous_6)","decl":{"start":{"line":67,"column":33},"end":{"line":67,"column":34}},"loc":{"start":{"line":67,"column":39},"end":{"line":71,"column":5}},"line":67},"7":{"name":"(anonymous_7)","decl":{"start":{"line":73,"column":32},"end":{"line":73,"column":33}},"loc":{"start":{"line":73,"column":38},"end":{"line":80,"column":5}},"line":73},"8":{"name":"(anonymous_8)","decl":{"start":{"line":83,"column":35},"end":{"line":83,"column":36}},"loc":{"start":{"line":83,"column":41},"end":{"line":85,"column":5}},"line":83},"9":{"name":"(anonymous_9)","decl":{"start":{"line":87,"column":36},"end":{"line":87,"column":37}},"loc":{"start":{"line":87,"column":42},"end":{"line":89,"column":5}},"line":87},"10":{"name":"(anonymous_10)","decl":{"start":{"line":91,"column":27},"end":{"line":91,"column":28}},"loc":{"start":{"line":91,"column":47},"end":{"line":94,"column":5}},"line":91},"11":{"name":"(anonymous_11)","decl":{"start":{"line":96,"column":28},"end":{"line":96,"column":29}},"loc":{"start":{"line":96,"column":34},"end":{"line":98,"column":5}},"line":96},"12":{"name":"(anonymous_12)","decl":{"start":{"line":100,"column":37},"end":{"line":100,"column":38}},"loc":{"start":{"line":100,"column":43},"end":{"line":103,"column":5}},"line":100},"13":{"name":"(anonymous_13)","decl":{"start":{"line":105,"column":44},"end":{"line":105,"column":45}},"loc":{"start":{"line":105,"column":50},"end":{"line":107,"column":5}},"line":105},"14":{"name":"(anonymous_14)","decl":{"start":{"line":109,"column":37},"end":{"line":109,"column":38}},"loc":{"start":{"line":109,"column":43},"end":{"line":112,"column":5}},"line":109},"15":{"name":"(anonymous_15)","decl":{"start":{"line":114,"column":38},"end":{"line":114,"column":39}},"loc":{"start":{"line":114,"column":44},"end":{"line":124,"column":5}},"line":114},"16":{"name":"(anonymous_16)","decl":{"start":{"line":126,"column":30},"end":{"line":126,"column":31}},"loc":{"start":{"line":126,"column":41},"end":{"line":132,"column":5}},"line":126},"17":{"name":"(anonymous_17)","decl":{"start":{"line":128,"column":26},"end":{"line":128,"column":27}},"loc":{"start":{"line":128,"column":42},"end":{"line":131,"column":9}},"line":128},"18":{"name":"(anonymous_18)","decl":{"start":{"line":134,"column":34},"end":{"line":134,"column":35}},"loc":{"start":{"line":134,"column":40},"end":{"line":143,"column":5}},"line":134},"19":{"name":"(anonymous_19)","decl":{"start":{"line":145,"column":41},"end":{"line":145,"column":42}},"loc":{"start":{"line":145,"column":47},"end":{"line":148,"column":5}},"line":145},"20":{"name":"(anonymous_20)","decl":{"start":{"line":150,"column":42},"end":{"line":150,"column":43}},"loc":{"start":{"line":150,"column":48},"end":{"line":152,"column":5}},"line":150},"21":{"name":"(anonymous_21)","decl":{"start":{"line":154,"column":32},"end":{"line":154,"column":33}},"loc":{"start":{"line":154,"column":38},"end":{"line":161,"column":5}},"line":154},"22":{"name":"(anonymous_22)","decl":{"start":{"line":157,"column":48},"end":{"line":157,"column":49}},"loc":{"start":{"line":157,"column":61},"end":{"line":157,"column":94}},"line":157},"23":{"name":"(anonymous_23)","decl":{"start":{"line":174,"column":34},"end":{"line":174,"column":35}},"loc":{"start":{"line":175,"column":20},"end":{"line":194,"column":26}},"line":175},"24":{"name":"(anonymous_24)","decl":{"start":{"line":176,"column":45},"end":{"line":176,"column":46}},"loc":{"start":{"line":176,"column":56},"end":{"line":176,"column":107}},"line":176},"25":{"name":"(anonymous_25)","decl":{"start":{"line":206,"column":23},"end":{"line":206,"column":24}},"loc":{"start":{"line":207,"column":12},"end":{"line":212,"column":21}},"line":207},"26":{"name":"(anonymous_26)","decl":{"start":{"line":216,"column":24},"end":{"line":216,"column":25}},"loc":{"start":{"line":217,"column":8},"end":{"line":248,"column":10}},"line":217},"27":{"name":"(anonymous_27)","decl":{"start":{"line":362,"column":45},"end":{"line":362,"column":46}},"loc":{"start":{"line":363,"column":36},"end":{"line":367,"column":42}},"line":363},"28":{"name":"(anonymous_28)","decl":{"start":{"line":364,"column":54},"end":{"line":364,"column":55}},"loc":{"start":{"line":365,"column":44},"end":{"line":365,"column":76}},"line":365},"29":{"name":"(anonymous_29)","decl":{"start":{"line":371,"column":42},"end":{"line":371,"column":43}},"loc":{"start":{"line":372,"column":32},"end":{"line":375,"column":43}},"line":372},"30":{"name":"(anonymous_30)","decl":{"start":{"line":389,"column":42},"end":{"line":389,"column":43}},"loc":{"start":{"line":390,"column":32},"end":{"line":392,"column":43}},"line":390},"31":{"name":"(anonymous_31)","decl":{"start":{"line":437,"column":25},"end":{"line":437,"column":26}},"loc":{"start":{"line":437,"column":31},"end":{"line":437,"column":53}},"line":437}},"branchMap":{"0":{"loc":{"start":{"line":43,"column":29},"end":{"line":43,"column":80}},"type":"cond-expr","locations":[{"start":{"line":43,"column":54},"end":{"line":43,"column":75}},{"start":{"line":43,"column":78},"end":{"line":43,"column":80}}],"line":43},"1":{"loc":{"start":{"line":155,"column":8},"end":{"line":155,"column":37}},"type":"if","locations":[{"start":{"line":155,"column":8},"end":{"line":155,"column":37}},{"start":{},"end":{}}],"line":155},"2":{"loc":{"start":{"line":292,"column":21},"end":{"line":296,"column":21}},"type":"binary-expr","locations":[{"start":{"line":292,"column":21},"end":{"line":292,"column":53}},{"start":{"line":293,"column":24},"end":{"line":295,"column":37}}],"line":292},"3":{"loc":{"start":{"line":351,"column":21},"end":{"line":378,"column":21}},"type":"binary-expr","locations":[{"start":{"line":351,"column":21},"end":{"line":351,"column":51}},{"start":{"line":352,"column":24},"end":{"line":377,"column":36}}],"line":351},"4":{"loc":{"start":{"line":379,"column":21},"end":{"line":395,"column":21}},"type":"binary-expr","locations":[{"start":{"line":379,"column":21},"end":{"line":379,"column":57}},{"start":{"line":380,"column":24},"end":{"line":394,"column":36}}],"line":379}},"s":{"0":3,"1":20,"2":20,"3":20,"4":20,"5":20,"6":20,"7":20,"8":20,"9":20,"10":20,"11":10,"12":10,"13":20,"14":10,"15":10,"16":10,"17":100,"18":100,"19":100,"20":10,"21":20,"22":354,"23":20,"24":100,"25":100,"26":100,"27":100,"28":20,"29":100,"30":100,"31":100,"32":20,"33":100,"34":100,"35":100,"36":20,"37":54,"38":54,"39":54,"40":54,"41":200,"42":54,"43":20,"44":20,"45":0,"46":20,"47":0,"48":20,"49":0,"50":0,"51":20,"52":0,"53":20,"54":0,"55":0,"56":20,"57":0,"58":20,"59":0,"60":0,"61":20,"62":0,"63":0,"64":20,"65":0,"66":0,"67":0,"68":20,"69":0,"70":0,"71":0,"72":0,"73":20,"74":0,"75":0,"76":20,"77":0,"78":20,"79":0,"80":0,"81":0,"82":0,"83":0,"84":0,"85":0,"86":20,"87":200,"88":0,"89":20,"90":30,"91":20,"92":20,"93":20,"94":0,"95":0,"96":0,"97":100,"98":0},"f":{"0":20,"1":10,"2":10,"3":354,"4":100,"5":100,"6":100,"7":54,"8":0,"9":0,"10":0,"11":0,"12":0,"13":0,"14":0,"15":0,"16":0,"17":0,"18":0,"19":0,"20":0,"21":0,"22":0,"23":200,"24":0,"25":30,"26":20,"27":0,"28":0,"29":0,"30":100,"31":0},"b":{"0":[54,46],"1":[0,0],"2":[20,0],"3":[20,0],"4":[20,20]},"_coverageSchema":"1a1c01bbd47fc00a2c39e90264f33305004495a9","hash":"7a29df8c7703d16329c1bd6b64b32ba3b2269751"}
[...]
,"C:\\Users\\hp\\Downloads\\diplreact\\dipl\\Frontend\\src\\components\\Users\\adduser.jsx": {"path":"C:\\Users\\hp\\Downloads\\diplreact\\dipl\\Frontend\\src\\components\\Users\\adduser.jsx","statementMap":{},"fnMap":{},"branchMap":{},"s":{},"f":{},"b":{}}
,"C:\\Users\\hp\\Downloads\\diplreact\\dipl\\Frontend\\src\\pages\\Adminpannel.jsx": {"path":"C:\\Users\\hp\\Downloads\\diplreact\\dipl\\Frontend\\src\\pages\\Adminpannel.jsx","statementMap":{"0":{"start":{"line":9,"column":20},"end":{"line":30,"column":1}},"1":{"start":{"line":10,"column":4},"end":{"line":29,"column":5}}},"fnMap":{"0":{"name":"(anonymous_0)","decl":{"start":{"line":9,"column":20},"end":{"line":9,"column":21}},"loc":{"start":{"line":9,"column":26},"end":{"line":30,"column":1}},"line":9}},"branchMap":{},"s":{"0":1,"1":1},"f":{"0":1},"b":{},"_coverageSchema":"1a1c01bbd47fc00a2c39e90264f33305004495a9","hash":"76673969c4bf4d47bae25597ffecaa3beadaba2b"}
,"C:\\Users\\hp\\Downloads\\diplreact\\dipl\\Frontend\\src\\pages\\AuthContext.jsx": {"path":"C:\\Users\\hp\\Downloads\\diplreact\\dipl\\Frontend\\src\\pages\\AuthContext.jsx","statementMap":{"0":{"start":{"line":5,"column":20},"end":{"line":5,"column":35}},"1":{"start":{"line":7,"column":23},"end":{"line":9,"column":1}},"2":{"start":{"line":8,"column":2},"end":{"line":8,"column":33}},"3":{"start":{"line":11,"column":28},"end":{"line":43,"column":1}},"4":{"start":{"line":12,"column":26},"end":{"line":16,"column":4}},"5":{"start":{"line":17,"column":19},"end":{"line":17,"column":32}},"6":{"start":{"line":20,"column":16},"end":{"line":26,"column":3}},"7":{"start":{"line":21,"column":4},"end":{"line":25,"column":7}},"8":{"start":{"line":28,"column":17},"end":{"line":36,"column":3}},"9":{"start":{"line":29,"column":4},"end":{"line":33,"column":7}},"10":{"start":{"line":34,"column":4},"end":{"line":34,"column":49}},"11":{"start":{"line":35,"column":4},"end":{"line":35,"column":42}},"12":{"start":{"line":38,"column":2},"end":{"line":42,"column":4}}},"fnMap":{"0":{"name":"(anonymous_0)","decl":{"start":{"line":7,"column":23},"end":{"line":7,"column":24}},"loc":{"start":{"line":7,"column":29},"end":{"line":9,"column":1}},"line":7},"1":{"name":"(anonymous_1)","decl":{"start":{"line":11,"column":28},"end":{"line":11,"column":29}},"loc":{"start":{"line":11,"column":46},"end":{"line":43,"column":1}},"line":11},"2":{"name":"(anonymous_2)","decl":{"start":{"line":20,"column":16},"end":{"line":20,"column":17}},"loc":{"start":{"line":20,"column":30},"end":{"line":26,"column":3}},"line":20},"3":{"name":"(anonymous_3)","decl":{"start":{"line":28,"column":17},"end":{"line":28,"column":18}},"loc":{"start":{"line":28,"column":23},"end":{"line":36,"column":3}},"line":28}},"branchMap":{},"s":{"0":2,"1":2,"2":3,"3":2,"4":3,"5":3,"6":3,"7":1,"8":3,"9":1,"10":1,"11":1,"12":3},"f":{"0":3,"1":3,"2":1,"3":1},"b":{},"_coverageSchema":"1a1c01bbd47fc00a2c39e90264f33305004495a9","hash":"af5687376a027f25a7669220ab5f5765d599095f"}
,"C:\\Users\\hp\\Downloads\\diplreact\\dipl\\Frontend\\src\\pages\\Companies.jsx": {"path":"C:\\Users\\hp\\Downloads\\diplreact\\dipl\\Frontend\\src\\pages\\Companies.jsx","statementMap":{"0":{"start":{"line":8,"column":18},"end":{"line":35,"column":1}},"1":{"start":{"line":20,"column":4},"end":{"line":34,"column":6}}},"fnMap":{"0":{"name":"(anonymous_0)","decl":{"start":{"line":8,"column":18},"end":{"line":8,"column":19}},"loc":{"start":{"line":8,"column":55},"end":{"line":35,"column":1}},"line":8}},"branchMap":{},"s":{"0":1,"1":1},"f":{"0":1},"b":{},"_coverageSchema":"1a1c01bbd47fc00a2c39e90264f33305004495a9","hash":"9b16320235d4bc30a18cf0e05bf2bd37dda73515"}
,"C:\\Users\\hp\\Downloads\\diplreact\\dipl\\Frontend\\src\\pages\\Home.jsx": {"path":"C:\\Users\\hp\\Downloads\\diplreact\\dipl\\Frontend\\src\\pages\\Home.jsx","statementMap":{"0":{"start":{"line":10,"column":13},"end":{"line":39,"column":1}},"1":{"start":{"line":11,"column":4},"end":{"line":38,"column":5}}},"fnMap":{"0":{"name":"(anonymous_0)","decl":{"start":{"line":10,"column":13},"end":{"line":10,"column":14}},"loc":{"start":{"line":10,"column":19},"end":{"line":39,"column":1}},"line":10}},"branchMap":{},"s":{"0":1,"1":1},"f":{"0":1},"b":{},"_coverageSchema":"1a1c01bbd47fc00a2c39e90264f33305004495a9","hash":"380cf11caa2380f1c910d30a8af741f252fa371a"}
,"C:\\Users\\hp\\Downloads\\diplreact\\dipl\\Frontend\\src\\pages\\Login.jsx": {"path":"C:\\Users\\hp\\Downloads\\diplreact\\dipl\\Frontend\\src\\pages\\Login.jsx","statementMap":{"0":{"start":{"line":6,"column":23},"end":{"line":10,"column":1}},"1":{"start":{"line":7,"column":18},"end":{"line":7,"column":40}},"2":{"start":{"line":8,"column":18},"end":{"line":8,"column":43}},"3":{"start":{"line":9,"column":4},"end":{"line":9,"column":66}},"4":{"start":{"line":9,"column":28},"end":{"line":9,"column":66}},"5":{"start":{"line":13,"column":0},"end":{"line":24,"column":2}},"6":{"start":{"line":15,"column":22},"end":{"line":15,"column":45}},"7":{"start":{"line":16,"column":8},"end":{"line":18,"column":9}},"8":{"start":{"line":17,"column":12},"end":{"line":17,"column":64}},"9":{"start":{"line":19,"column":8},"end":{"line":19,"column":22}},"10":{"start":{"line":22,"column":8},"end":{"line":22,"column":37}},"11":{"start":{"line":26,"column":30},"end":{"line":125,"column":1}},"12":{"start":{"line":27,"column":30},"end":{"line":27,"column":42}},"13":{"start":{"line":28,"column":36},"end":{"line":28,"column":48}},"14":{"start":{"line":29,"column":40},"end":{"line":29,"column":52}},"15":{"start":{"line":30,"column":46},"end":{"line":30,"column":58}},"16":{"start":{"line":31,"column":40},"end":{"line":31,"column":52}},"17":{"start":{"line":32,"column":21},"end":{"line":32,"column":34}},"18":{"start":{"line":34,"column":30},"end":{"line":37,"column":5}},"19":{"start":{"line":35,"column":8},"end":{"line":35,"column":33}},"20":{"start":{"line":36,"column":8},"end":{"line":36,"column":26}},"21":{"start":{"line":39,"column":33},"end":{"line":42,"column":5}},"22":{"start":{"line":40,"column":8},"end":{"line":40,"column":36}},"23":{"start":{"line":41,"column":8},"end":{"line":41,"column":29}},"24":{"start":{"line":44,"column":25},"end":{"line":85,"column":5}},"25":{"start":{"line":45,"column":8},"end":{"line":45,"column":27}},"26":{"start":{"line":47,"column":22},"end":{"line":47,"column":26}},"27":{"start":{"line":49,"column":8},"end":{"line":55,"column":9}},"28":{"start":{"line":50,"column":12},"end":{"line":50,"column":47}},"29":{"start":{"line":51,"column":12},"end":{"line":51,"column":28}},"30":{"start":{"line":52,"column":15},"end":{"line":55,"column":9}},"31":{"start":{"line":53,"column":12},"end":{"line":53,"column":46}},"32":{"start":{"line":54,"column":12},"end":{"line":54,"column":28}},"33":{"start":{"line":57,"column":8},"end":{"line":63,"column":9}},"34":{"start":{"line":58,"column":12},"end":{"line":58,"column":53}},"35":{"start":{"line":59,"column":12},"end":{"line":59,"column":28}},"36":{"start":{"line":60,"column":15},"end":{"line":63,"column":9}},"37":{"start":{"line":61,"column":12},"end":{"line":61,"column":71}},"38":{"start":{"line":62,"column":12},"end":{"line":62,"column":28}},"39":{"start":{"line":65,"column":8},"end":{"line":84,"column":9}},"40":{"start":{"line":66,"column":12},"end":{"line":83,"column":13}},"41":{"start":{"line":67,"column":33},"end":{"line":67,"column":111}},"42":{"start":{"line":68,"column":43},"end":{"line":68,"column":56}},"43":{"start":{"line":71,"column":16},"end":{"line":71,"column":59}},"44":{"start":{"line":72,"column":16},"end":{"line":72,"column":63}},"45":{"start":{"line":75,"column":16},"end":{"line":79,"column":17}},"46":{"start":{"line":76,"column":20},"end":{"line":76,"column":39}},"47":{"start":{"line":78,"column":20},"end":{"line":78,"column":39}},"48":{"start":{"line":81,"column":16},"end":{"line":81,"column":65}},"49":{"start":{"line":82,"column":16},"end":{"line":82,"column":59}},"50":{"start":{"line":87,"column":4},"end":{"line":124,"column":6}}},"fnMap":{"0":{"name":"(anonymous_0)","decl":{"start":{"line":6,"column":23},"end":{"line":6,"column":24}},"loc":{"start":{"line":6,"column":33},"end":{"line":10,"column":1}},"line":6},"1":{"name":"(anonymous_1)","decl":{"start":{"line":14,"column":4},"end":{"line":14,"column":5}},"loc":{"start":{"line":14,"column":16},"end":{"line":20,"column":5}},"line":14},"2":{"name":"(anonymous_2)","decl":{"start":{"line":21,"column":4},"end":{"line":21,"column":5}},"loc":{"start":{"line":21,"column":15},"end":{"line":23,"column":5}},"line":21},"3":{"name":"(anonymous_3)","decl":{"start":{"line":26,"column":30},"end":{"line":26,"column":31}},"loc":{"start":{"line":26,"column":36},"end":{"line":125,"column":1}},"line":26},"4":{"name":"(anonymous_4)","decl":{"start":{"line":34,"column":30},"end":{"line":34,"column":31}},"loc":{"start":{"line":34,"column":37},"end":{"line":37,"column":5}},"line":34},"5":{"name":"(anonymous_5)","decl":{"start":{"line":39,"column":33},"end":{"line":39,"column":34}},"loc":{"start":{"line":39,"column":40},"end":{"line":42,"column":5}},"line":39},"6":{"name":"(anonymous_6)","decl":{"start":{"line":44,"column":25},"end":{"line":44,"column":26}},"loc":{"start":{"line":44,"column":38},"end":{"line":85,"column":5}},"line":44}},"branchMap":{"0":{"loc":{"start":{"line":9,"column":4},"end":{"line":9,"column":66}},"type":"if","locations":[{"start":{"line":9,"column":4},"end":{"line":9,"column":66}},{"start":{},"end":{}}],"line":9},"1":{"loc":{"start":{"line":16,"column":8},"end":{"line":18,"column":9}},"type":"if","locations":[{"start":{"line":16,"column":8},"end":{"line":18,"column":9}},{"start":{},"end":{}}],"line":16},"2":{"loc":{"start":{"line":49,"column":8},"end":{"line":55,"column":9}},"type":"if","locations":[{"start":{"line":49,"column":8},"end":{"line":55,"column":9}},{"start":{"line":52,"column":15},"end":{"line":55,"column":9}}],"line":49},"3":{"loc":{"start":{"line":52,"column":15},"end":{"line":55,"column":9}},"type":"if","locations":[{"start":{"line":52,"column":15},"end":{"line":55,"column":9}},{"start":{},"end":{}}],"line":52},"4":{"loc":{"start":{"line":57,"column":8},"end":{"line":63,"column":9}},"type":"if","locations":[{"start":{"line":57,"column":8},"end":{"line":63,"column":9}},{"start":{"line":60,"column":15},"end":{"line":63,"column":9}}],"line":57},"5":{"loc":{"start":{"line":60,"column":15},"end":{"line":63,"column":9}},"type":"if","locations":[{"start":{"line":60,"column":15},"end":{"line":63,"column":9}},{"start":{},"end":{}}],"line":60},"6":{"loc":{"start":{"line":65,"column":8},"end":{"line":84,"column":9}},"type":"if","locations":[{"start":{"line":65,"column":8},"end":{"line":84,"column":9}},{"start":{},"end":{}}],"line":65},"7":{"loc":{"start":{"line":75,"column":16},"end":{"line":79,"column":17}},"type":"if","locations":[{"start":{"line":75,"column":16},"end":{"line":79,"column":17}},{"start":{"line":77,"column":23},"end":{"line":79,"column":17}}],"line":75},"8":{"loc":{"start":{"line":97,"column":67},"end":{"line":97,"column":116}},"type":"cond-expr","locations":[{"start":{"line":97,"column":80},"end":{"line":97,"column":96}},{"start":{"line":97,"column":99},"end":{"line":97,"column":116}}],"line":97},"9":{"loc":{"start":{"line":105,"column":29},"end":{"line":105,"column":121}},"type":"binary-expr","locations":[{"start":{"line":105,"column":29},"end":{"line":105,"column":39}},{"start":{"line":105,"column":43},"end":{"line":105,"column":121}}],"line":105},"10":{"loc":{"start":{"line":111,"column":85},"end":{"line":111,"column":137}},"type":"cond-expr","locations":[{"start":{"line":111,"column":101},"end":{"line":111,"column":117}},{"start":{"line":111,"column":120},"end":{"line":111,"column":137}}],"line":111},"11":{"loc":{"start":{"line":112,"column":29},"end":{"line":112,"column":127}},"type":"binary-expr","locations":[{"start":{"line":112,"column":29},"end":{"line":112,"column":42}},{"start":{"line":112,"column":46},"end":{"line":112,"column":127}}],"line":112},"12":{"loc":{"start":{"line":113,"column":29},"end":{"line":113,"column":148}},"type":"binary-expr","locations":[{"start":{"line":113,"column":29},"end":{"line":113,"column":39}},{"start":{"line":113,"column":43},"end":{"line":113,"column":148}}],"line":113}},"s":{"0":1,"1":0,"2":0,"3":0,"4":0,"5":1,"6":0,"7":0,"8":0,"9":0,"10":0,"11":1,"12":13,"13":13,"14":13,"15":13,"16":13,"17":13,"18":13,"19":3,"20":3,"21":13,"22":3,"23":3,"24":13,"25":3,"26":3,"27":3,"28":0,"29":0,"30":3,"31":0,"32":0,"33":3,"34":0,"35":0,"36":3,"37":0,"38":0,"39":3,"40":3,"41":3,"42":2,"43":2,"44":2,"45":2,"46":2,"47":0,"48":1,"49":1,"50":13},"f":{"0":0,"1":0,"2":0,"3":13,"4":3,"5":3,"6":3},"b":{"0":[0,0],"1":[0,0],"2":[0,3],"3":[0,3],"4":[0,3],"5":[0,3],"6":[3,0],"7":[2,0],"8":[0,13],"9":[13,0],"10":[0,13],"11":[13,0],"12":[13,1]},"_coverageSchema":"1a1c01bbd47fc00a2c39e90264f33305004495a9","hash":"b2364dd990c471ad0c807eebdbab35a5564bee1a"}
,"C:\\Users\\hp\\Downloads\\diplreact\\dipl\\Frontend\\src\\pages\\Task.jsx": {"path":"C:\\Users\\hp\\Downloads\\diplreact\\dipl\\Frontend\\src\\pages\\Task.jsx","statementMap":{"0":{"start":{"line":11,"column":13},"end":{"line":37,"column":1}},"1":{"start":{"line":21,"column":4},"end":{"line":36,"column":5}}},"fnMap":{"0":{"name":"(anonymous_0)","decl":{"start":{"line":11,"column":13},"end":{"line":11,"column":14}},"loc":{"start":{"line":11,"column":19},"end":{"line":37,"column":1}},"line":11}},"branchMap":{},"s":{"0":1,"1":1},"f":{"0":1},"b":{},"_coverageSchema":"1a1c01bbd47fc00a2c39e90264f33305004495a9","hash":"8f1a0c3dec5e71fbab5519db23a374554419f095"}
,"C:\\Users\\hp\\Downloads\\diplreact\\dipl\\Frontend\\src\\pages\\Todo.jsx": {"path":"C:\\Users\\hp\\Downloads\\diplreact\\dipl\\Frontend\\src\\pages\\Todo.jsx","statementMap":{"0":{"start":{"line":5,"column":13},"end":{"line":22,"column":1}},"1":{"start":{"line":6,"column":4},"end":{"line":21,"column":5}}},"fnMap":{"0":{"name":"(anonymous_0)","decl":{"start":{"line":5,"column":13},"end":{"line":5,"column":14}},"loc":{"start":{"line":5,"column":19},"end":{"line":22,"column":1}},"line":5}},"branchMap":{},"s":{"0":1,"1":1},"f":{"0":1},"b":{},"_coverageSchema":"1a1c01bbd47fc00a2c39e90264f33305004495a9","hash":"74c99dc5e9d6a21e20df0bbb50b3fabdc1c35c89"}
,"C:\\Users\\hp\\Downloads\\diplreact\\dipl\\Frontend\\src\\pages\\Tools.jsx": {"path":"C:\\Users\\hp\\Downloads\\diplreact\\dipl\\Frontend\\src\\pages\\Tools.jsx","statementMap":{"0":{"start":{"line":8,"column":14},"end":{"line":35,"column":1}},"1":{"start":{"line":9,"column":42},"end":{"line":9,"column":54}},"2":{"start":{"line":11,"column":27},"end":{"line":13,"column":3}},"3":{"start":{"line":12,"column":4},"end":{"line":12,"column":26}},"4":{"start":{"line":15,"column":2},"end":{"line":34,"column":4}}},"fnMap":{"0":{"name":"(anonymous_0)","decl":{"start":{"line":8,"column":14},"end":{"line":8,"column":15}},"loc":{"start":{"line":8,"column":35},"end":{"line":35,"column":1}},"line":8},"1":{"name":"(anonymous_1)","decl":{"start":{"line":11,"column":27},"end":{"line":11,"column":28}},"loc":{"start":{"line":11,"column":37},"end":{"line":13,"column":3}},"line":11}},"branchMap":{"0":{"loc":{"start":{"line":25,"column":13},"end":{"line":25,"column":68}},"type":"binary-expr","locations":[{"start":{"line":25,"column":13},"end":{"line":25,"column":46}},{"start":{"line":25,"column":50},"end":{"line":25,"column":68}}],"line":25},"1":{"loc":{"start":{"line":26,"column":13},"end":{"line":26,"column":68}},"type":"binary-expr","locations":[{"start":{"line":26,"column":13},"end":{"line":26,"column":46}},{"start":{"line":26,"column":50},"end":{"line":26,"column":68}}],"line":26}},"s":{"0":1,"1":3,"2":3,"3":2,"4":3},"f":{"0":3,"1":2},"b":{"0":[3,1],"1":[3,1]},"_coverageSchema":"1a1c01bbd47fc00a2c39e90264f33305004495a9","hash":"707de2fad9c25a0706bff65772d095972c27a7fc"}
,"C:\\Users\\hp\\Downloads\\diplreact\\dipl\\Frontend\\src\\pages\\Userpanel.jsx": {"path":"C:\\Users\\hp\\Downloads\\diplreact\\dipl\\Frontend\\src\\pages\\Userpanel.jsx","statementMap":{"0":{"start":{"line":5,"column":18},"end":{"line":23,"column":1}},"1":{"start":{"line":6,"column":4},"end":{"line":22,"column":5}}},"fnMap":{"0":{"name":"(anonymous_0)","decl":{"start":{"line":5,"column":18},"end":{"line":5,"column":19}},"loc":{"start":{"line":5,"column":24},"end":{"line":23,"column":1}},"line":5}},"branchMap":{},"s":{"0":1,"1":1},"f":{"0":1},"b":{},"_coverageSchema":"1a1c01bbd47fc00a2c39e90264f33305004495a9","hash":"b836eeeb690db3ff9f2e71ae6ee26b195ca54540"}
,"C:\\Users\\hp\\Downloads\\diplreact\\dipl\\Frontend\\src\\pages\\Users.jsx": {"path":"C:\\Users\\hp\\Downloads\\diplreact\\dipl\\Frontend\\src\\pages\\Users.jsx","statementMap":{"0":{"start":{"line":8,"column":14},"end":{"line":41,"column":1}},"1":{"start":{"line":9,"column":58},"end":{"line":9,"column":73}},"2":{"start":{"line":12,"column":35},"end":{"line":14,"column":5}},"3":{"start":{"line":13,"column":8},"end":{"line":13,"column":37}},"4":{"start":{"line":16,"column":40},"end":{"line":18,"column":5}},"5":{"start":{"line":17,"column":8},"end":{"line":17,"column":56}},"6":{"start":{"line":17,"column":44},"end":{"line":17,"column":54}},"7":{"start":{"line":21,"column":4},"end":{"line":40,"column":6}},"8":{"start":{"line":31,"column":59},"end":{"line":31,"column":88}}},"fnMap":{"0":{"name":"(anonymous_0)","decl":{"start":{"line":8,"column":14},"end":{"line":8,"column":15}},"loc":{"start":{"line":8,"column":20},"end":{"line":41,"column":1}},"line":8},"1":{"name":"(anonymous_1)","decl":{"start":{"line":12,"column":35},"end":{"line":12,"column":36}},"loc":{"start":{"line":12,"column":41},"end":{"line":14,"column":5}},"line":12},"2":{"name":"(anonymous_2)","decl":{"start":{"line":16,"column":40},"end":{"line":16,"column":41}},"loc":{"start":{"line":16,"column":46},"end":{"line":18,"column":5}},"line":16},"3":{"name":"(anonymous_3)","decl":{"start":{"line":17,"column":31},"end":{"line":17,"column":32}},"loc":{"start":{"line":17,"column":44},"end":{"line":17,"column":54}},"line":17},"4":{"name":"(anonymous_4)","decl":{"start":{"line":31,"column":53},"end":{"line":31,"column":54}},"loc":{"start":{"line":31,"column":59},"end":{"line":31,"column":88}},"line":31}},"branchMap":{"0":{"loc":{"start":{"line":30,"column":25},"end":{"line":34,"column":25}},"type":"cond-expr","locations":[{"start":{"line":31,"column":28},"end":{"line":31,"column":92}},{"start":{"line":33,"column":28},"end":{"line":33,"column":41}}],"line":30}},"s":{"0":1,"1":3,"2":3,"3":1,"4":3,"5":1,"6":1,"7":3,"8":1},"f":{"0":3,"1":1,"2":1,"3":1,"4":1},"b":{"0":[1,2]},"_coverageSchema":"1a1c01bbd47fc00a2c39e90264f33305004495a9","hash":"25646ff11875b5446331b697a601e3cde4fd5054"}
}
