TN:
SF:src\App.jsx
FN:18,App
FNF:1
FNH:0
FNDA:0,App
DA:19,0
LF:1
LH:0
BRF:0
BRH:0
end_of_record
TN:
SF:src\main.jsx
FNF:0
FNH:0
DA:6,0
LF:1
LH:0
BRF:0
BRH:0
end_of_record
TN:
SF:src\components\Admin\AdminPannelGrid.jsx
FN:16,(anonymous_0)
FN:30,(anonymous_1)
FN:39,(anonymous_2)
FN:40,(anonymous_3)
FN:56,(anonymous_4)
FN:58,(anonymous_5)
FN:59,(anonymous_6)
FN:60,(anonymous_7)
FN:76,(anonymous_8)
FN:80,(anonymous_9)
FN:83,(anonymous_10)
FN:90,(anonymous_11)
FN:96,(anonymous_12)
FN:106,(anonymous_13)
FN:110,(anonymous_14)
FN:140,(anonymous_15)
FN:193,(anonymous_16)
FN:276,(anonymous_17)
FN:306,(anonymous_18)
FN:335,(anonymous_19)
FN:383,(anonymous_20)
FN:412,(anonymous_21)
FNF:22
FNH:18
FNDA:23,(anonymous_0)
FNDA:44,(anonymous_1)
FNDA:4,(anonymous_2)
FNDA:4,(anonymous_3)
FNDA:8,(anonymous_4)
FNDA:8,(anonymous_5)
FNDA:8,(anonymous_6)
FNDA:8,(anonymous_7)
FNDA:7,(anonymous_8)
FNDA:6,(anonymous_9)
FNDA:6,(anonymous_10)
FNDA:0,(anonymous_11)
FNDA:1,(anonymous_12)
FNDA:4,(anonymous_13)
FNDA:4,(anonymous_14)
FNDA:1,(anonymous_15)
FNDA:1,(anonymous_16)
FNDA:0,(anonymous_17)
FNDA:0,(anonymous_18)
FNDA:0,(anonymous_19)
FNDA:1,(anonymous_20)
FNDA:1,(anonymous_21)
DA:16,1
DA:18,23
DA:19,22
DA:20,22
DA:21,22
DA:22,22
DA:23,22
DA:24,22
DA:25,22
DA:26,22
DA:30,22
DA:31,44
DA:32,44
DA:33,44
DA:36,22
DA:37,22
DA:39,22
DA:40,4
DA:41,4
DA:42,4
DA:54,4
DA:55,4
DA:56,8
DA:58,8
DA:59,8
DA:60,8
DA:61,4
DA:62,4
DA:63,4
DA:64,4
DA:65,4
DA:69,0
DA:73,4
DA:76,22
DA:77,7
DA:80,22
DA:81,6
DA:84,6
DA:91,0
DA:97,1
DA:106,22
DA:107,4
DA:110,22
DA:111,4
DA:114,22
DA:140,1
DA:193,1
DA:276,0
DA:306,0
DA:335,0
DA:383,1
DA:412,1
LF:52
LH:47
BRDA:33,0,0,28
BRDA:33,0,1,16
BRDA:80,1,0,0
BRDA:80,2,0,0
BRDA:80,3,0,0
BRDA:83,4,0,6
BRDA:83,4,1,6
BRDA:90,5,0,6
BRDA:90,5,1,6
BRDA:96,6,0,6
BRDA:96,6,1,6
BRDA:133,7,0,22
BRDA:133,7,1,0
BRDA:287,8,0,22
BRDA:287,8,1,22
BRDA:394,9,0,22
BRDA:394,9,1,22
BRDA:451,10,0,3
BRDA:451,10,1,19
BRDA:453,11,0,1
BRDA:453,11,1,18
BRDA:455,12,0,1
BRDA:455,12,1,17
BRDA:457,13,0,0
BRDA:457,13,1,17
BRDA:459,14,0,0
BRDA:459,14,1,17
BRDA:461,15,0,0
BRDA:461,15,1,17
BRDA:463,16,0,1
BRDA:463,16,1,16
BRDA:468,17,0,22
BRDA:468,17,1,3
BRDA:469,18,0,22
BRDA:469,18,1,1
BRDA:470,19,0,22
BRDA:470,19,1,1
BRDA:471,20,0,22
BRDA:471,20,1,0
BRDA:472,21,0,22
BRDA:472,21,1,0
BRDA:473,22,0,22
BRDA:473,22,1,0
BRDA:474,23,0,22
BRDA:474,23,1,1
BRF:45
BRH:35
end_of_record
TN:
SF:src\components\Common\AdminRoute.jsx
FN:5,(anonymous_0)
FNF:1
FNH:1
FNDA:3,(anonymous_0)
DA:5,1
DA:6,3
DA:9,3
DA:10,2
DA:13,1
LF:5
LH:5
BRDA:9,0,0,2
BRDA:9,0,1,1
BRDA:9,1,0,3
BRDA:9,1,1,2
BRF:4
BRH:4
end_of_record
TN:
SF:src\components\Common\Navbar2.jsx
FN:7,(anonymous_0)
FN:13,(anonymous_1)
FN:65,(anonymous_2)
FN:70,(anonymous_3)
FNF:4
FNH:4
FNDA:10,(anonymous_0)
FNDA:10,(anonymous_1)
FNDA:1,(anonymous_2)
FNDA:1,(anonymous_3)
DA:7,1
DA:8,10
DA:9,10
DA:10,10
DA:13,1
DA:16,10
DA:17,10
DA:65,1
DA:70,1
LF:9
LH:9
BRDA:10,0,0,10
BRDA:10,0,1,0
BRDA:22,1,0,10
BRDA:22,1,1,2
BRDA:34,2,0,10
BRDA:34,2,1,2
BRDA:47,3,0,10
BRDA:47,3,1,2
BRDA:47,3,2,2
BRDA:60,4,0,10
BRDA:60,4,1,3
BRF:11
BRH:10
end_of_record
TN:
SF:src\components\Common\ProfileMenue.jsx
FN:230,AccountMenu
FN:236,(anonymous_1)
FN:240,(anonymous_2)
FN:244,(anonymous_3)
FNF:4
FNH:0
FNDA:0,AccountMenu
FNDA:0,(anonymous_1)
FNDA:0,(anonymous_2)
FNDA:0,(anonymous_3)
DA:231,0
DA:232,0
DA:233,0
DA:234,0
DA:236,0
DA:237,0
DA:240,0
DA:241,0
DA:244,0
DA:245,0
DA:246,0
DA:249,0
LF:12
LH:0
BRDA:257,0,0,0
BRDA:257,0,1,0
BRDA:259,1,0,0
BRDA:259,1,1,0
BRF:4
BRH:0
end_of_record
TN:
SF:src\components\Common\ProtectedRoute.jsx
FN:5,(anonymous_0)
FNF:1
FNH:0
FNDA:0,(anonymous_0)
DA:5,1
DA:6,0
DA:8,0
DA:10,0
DA:11,0
DA:14,0
LF:6
LH:1
BRDA:10,0,0,0
BRDA:10,0,1,0
BRF:2
BRH:0
end_of_record
TN:
SF:src\components\Common\Sidebar.jsx
FN:11,(anonymous_0)
FN:17,(anonymous_1)
FNF:2
FNH:2
FNDA:7,(anonymous_0)
FNDA:7,(anonymous_1)
DA:11,1
DA:12,7
DA:13,7
DA:14,7
DA:17,1
DA:18,7
DA:20,7
LF:7
LH:7
BRDA:14,0,0,3
BRDA:14,0,1,4
BRDA:27,1,0,7
BRDA:27,1,1,2
BRDA:33,2,0,7
BRDA:33,2,1,2
BRDA:38,3,0,7
BRDA:38,3,1,5
BRF:8
BRH:8
end_of_record
TN:
SF:src\components\Common\FloatingButton\TodoList.jsx
FN:7,(anonymous_0)
FNF:1
FNH:1
FNDA:7,(anonymous_0)
DA:7,2
DA:8,7
LF:2
LH:2
BRF:0
BRH:0
end_of_record
TN:
SF:src\components\Companies\AddCompaniesForm.jsx
FN:8,(anonymous_0)
FN:12,(anonymous_1)
FN:15,(anonymous_2)
FN:16,(anonymous_3)
FN:19,(anonymous_4)
FN:23,(anonymous_5)
FN:79,(anonymous_6)
FN:98,(anonymous_7)
FN:218,(anonymous_8)
FN:225,(anonymous_9)
FN:227,(anonymous_10)
FN:256,(anonymous_11)
FN:265,(anonymous_12)
FN:275,(anonymous_13)
FN:277,(anonymous_14)
FN:293,(anonymous_15)
FN:295,(anonymous_16)
FN:305,(anonymous_17)
FN:314,(anonymous_18)
FN:324,(anonymous_19)
FN:333,(anonymous_20)
FN:343,(anonymous_21)
FN:345,(anonymous_22)
FN:374,(anonymous_23)
FN:383,(anonymous_24)
FNF:25
FNH:19
FNDA:7,(anonymous_0)
FNDA:4,(anonymous_1)
FNDA:4,(anonymous_2)
FNDA:4,(anonymous_3)
FNDA:12,(anonymous_4)
FNDA:0,(anonymous_5)
FNDA:0,(anonymous_6)
FNDA:122,(anonymous_7)
FNDA:327,(anonymous_8)
FNDA:122,(anonymous_9)
FNDA:160,(anonymous_10)
FNDA:0,(anonymous_11)
FNDA:1,(anonymous_12)
FNDA:122,(anonymous_13)
FNDA:150,(anonymous_14)
FNDA:150,(anonymous_15)
FNDA:172,(anonymous_16)
FNDA:0,(anonymous_17)
FNDA:1,(anonymous_18)
FNDA:0,(anonymous_19)
FNDA:1,(anonymous_20)
FNDA:122,(anonymous_21)
FNDA:140,(anonymous_22)
FNDA:0,(anonymous_23)
FNDA:1,(anonymous_24)
DA:8,2
DA:9,7
DA:10,7
DA:12,7
DA:14,4
DA:15,4
DA:17,4
DA:19,12
DA:21,4
DA:23,0
DA:27,7
DA:61,7
DA:79,7
DA:80,0
DA:81,0
DA:82,0
DA:83,0
DA:84,0
DA:85,0
DA:86,0
DA:87,0
DA:89,0
DA:90,0
DA:91,0
DA:95,7
DA:99,122
DA:219,327
DA:226,122
DA:228,160
DA:256,0
DA:265,1
DA:276,122
DA:278,150
DA:294,150
DA:296,172
DA:305,0
DA:314,1
DA:324,0
DA:333,1
DA:344,122
DA:346,140
DA:374,0
DA:383,1
LF:43
LH:27
BRDA:446,0,0,6
BRDA:446,0,1,116
BRF:2
BRH:2
end_of_record
TN:
SF:src\components\Companies\CompaniesProfile.jsx
FN:22,(anonymous_0)
FN:33,(anonymous_1)
FN:36,(anonymous_2)
FN:39,(anonymous_3)
FN:42,(anonymous_4)
FN:45,(anonymous_5)
FN:51,(anonymous_6)
FN:57,(anonymous_7)
FN:61,(anonymous_8)
FN:198,(anonymous_9)
FN:202,(anonymous_10)
FN:232,(anonymous_11)
FNF:12
FNH:6
FNDA:12,(anonymous_0)
FNDA:1,(anonymous_1)
FNDA:0,(anonymous_2)
FNDA:1,(anonymous_3)
FNDA:0,(anonymous_4)
FNDA:0,(anonymous_5)
FNDA:0,(anonymous_6)
FNDA:5,(anonymous_7)
FNDA:5,(anonymous_8)
FNDA:1,(anonymous_9)
FNDA:0,(anonymous_10)
FNDA:0,(anonymous_11)
DA:22,1
DA:23,12
DA:24,11
DA:25,11
DA:26,11
DA:27,11
DA:28,11
DA:29,11
DA:30,11
DA:31,11
DA:33,11
DA:34,1
DA:36,11
DA:37,0
DA:39,11
DA:40,1
DA:42,11
DA:43,0
DA:45,11
DA:46,0
DA:51,11
DA:52,0
DA:55,11
DA:57,11
DA:58,5
DA:61,11
DA:62,5
DA:63,5
DA:64,3
DA:65,2
DA:66,2
DA:68,3
DA:69,3
DA:73,11
DA:74,5
DA:77,6
DA:78,2
DA:80,4
DA:199,1
DA:202,0
DA:233,0
LF:41
LH:35
BRDA:52,0,0,0
BRDA:52,0,1,0
BRDA:73,1,0,5
BRDA:73,1,1,6
BRDA:77,2,0,2
BRDA:77,2,1,4
BRDA:138,3,0,1
BRDA:138,3,1,3
BRDA:144,4,0,4
BRDA:144,4,1,1
BRDA:146,5,0,1
BRDA:146,5,1,0
BRDA:146,6,0,1
BRDA:146,6,1,1
BRDA:167,7,0,0
BRDA:167,7,1,4
BRDA:173,8,0,4
BRDA:173,8,1,0
BRDA:190,9,0,1
BRDA:190,9,1,3
BRDA:196,10,0,4
BRDA:196,10,1,1
BRDA:209,11,0,4
BRDA:209,11,1,0
BRDA:224,12,0,0
BRDA:224,12,1,4
BRDA:230,13,0,4
BRDA:230,13,1,0
BRDA:250,14,0,0
BRDA:250,14,1,4
BRDA:256,15,0,4
BRDA:256,15,1,0
BRF:32
BRH:22
end_of_record
TN:
SF:src\components\Companies\CompaniesTable.jsx
FN:17,(anonymous_0)
FN:24,(anonymous_1)
FN:25,(anonymous_2)
FN:32,(anonymous_3)
FN:38,(anonymous_4)
FN:85,(anonymous_5)
FN:95,(anonymous_6)
FN:105,(anonymous_7)
FN:115,(anonymous_8)
FN:125,(anonymous_9)
FN:131,(anonymous_10)
FN:142,(anonymous_11)
FN:146,(anonymous_12)
FN:161,(anonymous_13)
FN:173,(anonymous_14)
FNF:15
FNH:13
FNDA:9,(anonymous_0)
FNDA:4,(anonymous_1)
FNDA:4,(anonymous_2)
FNDA:2,(anonymous_3)
FNDA:2,(anonymous_4)
FNDA:6,(anonymous_5)
FNDA:6,(anonymous_6)
FNDA:6,(anonymous_7)
FNDA:6,(anonymous_8)
FNDA:6,(anonymous_9)
FNDA:1,(anonymous_10)
FNDA:0,(anonymous_11)
FNDA:0,(anonymous_12)
FNDA:4,(anonymous_13)
FNDA:8,(anonymous_14)
DA:17,1
DA:18,9
DA:19,8
DA:20,8
DA:21,8
DA:22,8
DA:24,8
DA:25,4
DA:26,4
DA:27,4
DA:28,4
DA:29,4
DA:32,3
DA:38,2
DA:40,2
DA:41,2
DA:42,2
DA:43,2
DA:44,0
DA:45,0
DA:50,2
DA:52,2
DA:59,0
DA:66,2
DA:68,2
DA:69,2
DA:71,4
DA:75,4
DA:79,8
DA:86,6
DA:96,6
DA:106,6
DA:116,6
DA:126,6
DA:127,6
DA:129,6
DA:131,1
DA:142,8
DA:143,0
DA:146,8
DA:147,0
DA:150,8
DA:162,4
DA:173,8
DA:174,8
DA:208,8
LF:46
LH:41
BRDA:40,0,0,2
BRDA:40,0,1,0
BRDA:40,1,0,2
BRDA:40,1,1,2
BRDA:212,2,0,4
BRDA:212,2,1,4
BRDA:214,3,0,1
BRDA:214,3,1,3
BRF:8
BRH:7
end_of_record
TN:
SF:src\components\Home\Footer.jsx
FN:3,(anonymous_0)
FNF:1
FNH:1
FNDA:2,(anonymous_0)
DA:3,1
DA:4,2
LF:2
LH:2
BRF:0
BRH:0
end_of_record
TN:
SF:src\components\Home\Header.jsx
FN:3,(anonymous_0)
FNF:1
FNH:1
FNDA:1,(anonymous_0)
DA:3,1
DA:4,1
LF:2
LH:2
BRF:0
BRH:0
end_of_record
TN:
SF:src\components\Home\Hero_card.jsx
FN:3,(anonymous_0)
FNF:1
FNH:1
FNDA:2,(anonymous_0)
DA:3,1
DA:4,2
LF:2
LH:2
BRF:0
BRH:0
end_of_record
TN:
SF:src\components\Home\Navbar.jsx
FN:6,(anonymous_0)
FNF:1
FNH:1
FNDA:2,(anonymous_0)
DA:6,1
DA:7,2
LF:2
LH:2
BRF:0
BRH:0
end_of_record
TN:
SF:src\components\Home\service_grid.jsx
FN:5,(anonymous_0)
FNF:1
FNH:1
FNDA:1,(anonymous_0)
DA:5,1
DA:6,1
LF:2
LH:2
BRF:0
BRH:0
end_of_record
TN:
SF:src\components\Meetings\AssignMeetingsForm.jsx
FN:7,(anonymous_0)
FN:35,(anonymous_1)
FN:37,(anonymous_2)
FN:49,(anonymous_3)
FN:65,(anonymous_4)
FN:74,(anonymous_5)
FN:102,(anonymous_6)
FN:111,(anonymous_7)
FN:117,(anonymous_8)
FNF:9
FNH:0
FNDA:0,(anonymous_0)
FNDA:0,(anonymous_1)
FNDA:0,(anonymous_2)
FNDA:0,(anonymous_3)
FNDA:0,(anonymous_4)
FNDA:0,(anonymous_5)
FNDA:0,(anonymous_6)
FNDA:0,(anonymous_7)
FNDA:0,(anonymous_8)
DA:7,3
DA:8,0
DA:10,0
DA:20,0
DA:33,0
DA:35,0
DA:37,0
DA:38,0
DA:39,0
DA:40,0
DA:41,0
DA:42,0
DA:46,0
DA:50,0
DA:66,0
DA:75,0
DA:76,0
DA:77,0
DA:79,0
DA:81,0
DA:103,0
DA:112,0
DA:113,0
DA:114,0
DA:115,0
DA:117,0
DA:118,0
LF:27
LH:1
BRDA:60,0,0,0
BRDA:60,0,1,0
BRDA:77,1,0,0
BRDA:77,1,1,0
BRDA:84,2,0,0
BRDA:84,2,1,0
BRDA:97,3,0,0
BRDA:97,3,1,0
BRDA:114,4,0,0
BRDA:114,4,1,0
BRDA:186,5,0,0
BRDA:186,5,1,0
BRF:12
BRH:0
end_of_record
TN:
SF:src\components\Meetings\MeetingsTable.jsx
FN:8,(anonymous_0)
FN:26,(anonymous_1)
FN:32,(anonymous_2)
FN:50,(anonymous_3)
FN:54,(anonymous_4)
FN:61,(anonymous_5)
FN:67,(anonymous_6)
FN:73,(anonymous_7)
FN:83,(anonymous_8)
FN:87,(anonymous_9)
FN:91,(anonymous_10)
FN:96,(anonymous_11)
FN:100,(anonymous_12)
FN:105,(anonymous_13)
FN:109,(anonymous_14)
FN:114,(anonymous_15)
FN:126,(anonymous_16)
FN:128,(anonymous_17)
FN:134,(anonymous_18)
FN:145,(anonymous_19)
FN:150,(anonymous_20)
FN:154,(anonymous_21)
FN:157,(anonymous_22)
FN:174,(anonymous_23)
FN:176,(anonymous_24)
FN:206,(anonymous_25)
FN:216,(anonymous_26)
FN:362,(anonymous_27)
FN:364,(anonymous_28)
FN:371,(anonymous_29)
FN:389,(anonymous_30)
FN:437,(anonymous_31)
FNF:32
FNH:12
FNDA:20,(anonymous_0)
FNDA:10,(anonymous_1)
FNDA:10,(anonymous_2)
FNDA:354,(anonymous_3)
FNDA:100,(anonymous_4)
FNDA:100,(anonymous_5)
FNDA:100,(anonymous_6)
FNDA:54,(anonymous_7)
FNDA:0,(anonymous_8)
FNDA:0,(anonymous_9)
FNDA:0,(anonymous_10)
FNDA:0,(anonymous_11)
FNDA:0,(anonymous_12)
FNDA:0,(anonymous_13)
FNDA:0,(anonymous_14)
FNDA:0,(anonymous_15)
FNDA:0,(anonymous_16)
FNDA:0,(anonymous_17)
FNDA:0,(anonymous_18)
FNDA:0,(anonymous_19)
FNDA:0,(anonymous_20)
FNDA:0,(anonymous_21)
FNDA:0,(anonymous_22)
FNDA:200,(anonymous_23)
FNDA:0,(anonymous_24)
FNDA:30,(anonymous_25)
FNDA:20,(anonymous_26)
FNDA:0,(anonymous_27)
FNDA:0,(anonymous_28)
FNDA:0,(anonymous_29)
FNDA:100,(anonymous_30)
FNDA:0,(anonymous_31)
DA:8,3
DA:9,20
DA:10,20
DA:11,20
DA:12,20
DA:13,20
DA:14,20
DA:15,20
DA:23,20
DA:24,20
DA:26,20
DA:28,10
DA:29,10
DA:32,20
DA:33,10
DA:34,10
DA:35,100
DA:36,100
DA:45,100
DA:47,10
DA:50,20
DA:51,354
DA:54,20
DA:55,100
DA:56,100
DA:57,100
DA:58,100
DA:61,20
DA:62,100
DA:63,100
DA:64,100
DA:67,20
DA:68,100
DA:69,100
DA:70,100
DA:73,20
DA:74,54
DA:75,54
DA:76,54
DA:77,200
DA:79,54
DA:81,20
DA:83,20
DA:84,0
DA:87,20
DA:88,0
DA:91,20
DA:92,0
DA:93,0
DA:96,20
DA:97,0
DA:100,20
DA:101,0
DA:102,0
DA:105,20
DA:106,0
DA:109,20
DA:110,0
DA:111,0
DA:114,20
DA:115,0
DA:116,0
DA:126,20
DA:127,0
DA:128,0
DA:134,20
DA:136,0
DA:140,0
DA:141,0
DA:142,0
DA:145,20
DA:146,0
DA:147,0
DA:150,20
DA:151,0
DA:154,20
DA:155,0
DA:157,0
DA:158,0
DA:159,0
DA:160,0
DA:163,20
DA:175,200
DA:176,0
DA:200,20
DA:207,30
DA:216,20
DA:217,20
DA:250,20
DA:363,0
DA:365,0
DA:372,0
DA:390,100
DA:437,0
LF:94
LH:63
BRDA:43,0,0,54
BRDA:43,0,1,46
BRDA:155,1,0,0
BRDA:155,1,1,0
BRDA:292,2,0,20
BRDA:292,2,1,0
BRDA:351,3,0,20
BRDA:351,3,1,0
BRDA:379,4,0,20
BRDA:379,4,1,20
BRF:10
BRH:6
end_of_record
TN:
SF:src\components\Projects\AssignProjectForm.jsx
FN:6,(anonymous_0)
FN:23,(anonymous_1)
FN:25,(anonymous_2)
FN:37,(anonymous_3)
FNF:4
FNH:0
FNDA:0,(anonymous_0)
FNDA:0,(anonymous_1)
FNDA:0,(anonymous_2)
FNDA:0,(anonymous_3)
DA:6,3
DA:7,0
DA:9,0
DA:16,0
DA:23,0
DA:25,0
DA:26,0
DA:27,0
DA:28,0
DA:29,0
DA:30,0
DA:34,0
DA:38,0
LF:13
LH:1
BRDA:96,0,0,0
BRDA:96,0,1,0
BRF:2
BRH:0
end_of_record
TN:
SF:src\components\Projects\ProjectTable.jsx
FN:8,(anonymous_0)
FN:24,(anonymous_1)
FN:30,(anonymous_2)
FN:48,(anonymous_3)
FN:52,(anonymous_4)
FN:59,(anonymous_5)
FN:65,(anonymous_6)
FN:69,(anonymous_7)
FN:73,(anonymous_8)
FN:77,(anonymous_9)
FN:82,(anonymous_10)
FN:86,(anonymous_11)
FN:91,(anonymous_12)
FN:95,(anonymous_13)
FN:100,(anonymous_14)
FN:104,(anonymous_15)
FN:106,(anonymous_16)
FN:112,(anonymous_17)
FN:115,(anonymous_18)
FN:132,(anonymous_19)
FN:137,(anonymous_20)
FN:141,(anonymous_21)
FN:144,(anonymous_22)
FN:161,(anonymous_23)
FN:170,(anonymous_24)
FN:172,(anonymous_25)
FN:202,(anonymous_26)
FN:212,(anonymous_27)
FN:376,(anonymous_28)
FNF:29
FNH:11
FNDA:21,(anonymous_0)
FNDA:10,(anonymous_1)
FNDA:10,(anonymous_2)
FNDA:200,(anonymous_3)
FNDA:200,(anonymous_4)
FNDA:100,(anonymous_5)
FNDA:100,(anonymous_6)
FNDA:0,(anonymous_7)
FNDA:0,(anonymous_8)
FNDA:0,(anonymous_9)
FNDA:0,(anonymous_10)
FNDA:0,(anonymous_11)
FNDA:0,(anonymous_12)
FNDA:0,(anonymous_13)
FNDA:0,(anonymous_14)
FNDA:0,(anonymous_15)
FNDA:0,(anonymous_16)
FNDA:0,(anonymous_17)
FNDA:0,(anonymous_18)
FNDA:0,(anonymous_19)
FNDA:0,(anonymous_20)
FNDA:0,(anonymous_21)
FNDA:0,(anonymous_22)
FNDA:200,(anonymous_23)
FNDA:200,(anonymous_24)
FNDA:0,(anonymous_25)
FNDA:30,(anonymous_26)
FNDA:20,(anonymous_27)
FNDA:0,(anonymous_28)
DA:8,3
DA:9,21
DA:10,20
DA:11,20
DA:12,20
DA:13,20
DA:14,20
DA:15,20
DA:20,20
DA:21,20
DA:22,20
DA:24,20
DA:26,10
DA:27,10
DA:30,20
DA:31,10
DA:32,10
DA:33,100
DA:45,10
DA:48,20
DA:49,200
DA:52,20
DA:53,200
DA:54,200
DA:55,200
DA:56,200
DA:59,20
DA:60,100
DA:61,100
DA:62,100
DA:65,20
DA:66,100
DA:69,20
DA:70,0
DA:73,20
DA:74,0
DA:77,20
DA:78,0
DA:79,0
DA:82,20
DA:83,0
DA:86,20
DA:87,0
DA:88,0
DA:91,20
DA:92,0
DA:95,20
DA:96,0
DA:97,0
DA:100,20
DA:101,0
DA:104,20
DA:105,0
DA:106,0
DA:112,20
DA:113,0
DA:115,0
DA:116,0
DA:117,0
DA:124,0
DA:127,0
DA:128,0
DA:129,0
DA:132,20
DA:133,0
DA:134,0
DA:137,20
DA:138,0
DA:141,20
DA:142,0
DA:144,0
DA:145,0
DA:146,0
DA:147,0
DA:150,20
DA:162,200
DA:171,200
DA:172,0
DA:196,20
DA:203,30
DA:212,20
DA:213,20
DA:250,20
DA:376,0
LF:84
LH:53
BRDA:113,0,0,0
BRDA:113,0,1,0
BRDA:113,1,0,0
BRDA:113,1,1,0
BRDA:113,1,2,0
BRDA:113,1,3,0
BRDA:116,2,0,0
BRDA:116,2,1,0
BRDA:142,3,0,0
BRDA:142,3,1,0
BRF:10
BRH:0
end_of_record
TN:
SF:src\components\Tasks\AssignTaskForm.jsx
FN:7,(anonymous_0)
FN:12,(anonymous_1)
FN:14,(anonymous_2)
FN:43,(anonymous_3)
FN:50,(anonymous_4)
FN:66,(anonymous_5)
FN:91,(anonymous_6)
FNF:7
FNH:6
FNDA:10,(anonymous_0)
FNDA:5,(anonymous_1)
FNDA:5,(anonymous_2)
FNDA:4,(anonymous_3)
FNDA:0,(anonymous_4)
FNDA:43,(anonymous_5)
FNDA:25,(anonymous_6)
DA:7,4
DA:8,10
DA:9,10
DA:10,10
DA:12,10
DA:14,5
DA:15,5
DA:16,5
DA:17,5
DA:19,1
DA:22,5
DA:25,10
DA:34,10
DA:43,10
DA:44,4
DA:45,4
DA:46,2
DA:47,2
DA:48,2
DA:49,2
DA:50,2
DA:51,0
DA:52,0
DA:53,0
DA:56,2
DA:57,2
DA:59,4
DA:63,10
DA:67,43
DA:92,25
LF:30
LH:27
BRDA:156,0,0,8
BRDA:156,0,1,35
BRDA:162,1,0,10
BRDA:162,1,1,1
BRF:4
BRH:4
end_of_record
TN:
SF:src\components\Tasks\CustomSnackbar.jsx
FN:6,(anonymous_0)
FN:11,(anonymous_1)
FNF:2
FNH:2
FNDA:6,(anonymous_0)
FNDA:3,(anonymous_1)
DA:6,6
DA:11,1
DA:12,3
LF:3
LH:3
BRDA:7,0,0,6
BRDA:7,0,1,4
BRF:2
BRH:2
end_of_record
TN:
SF:src\components\Tasks\TaskTable.jsx
FN:22,(anonymous_0)
FN:56,(anonymous_1)
FN:85,(anonymous_2)
FN:93,(anonymous_3)
FN:102,(anonymous_4)
FN:105,(anonymous_5)
FN:108,(anonymous_6)
FN:114,(anonymous_7)
FN:146,(anonymous_8)
FN:150,(anonymous_9)
FN:154,(anonymous_10)
FN:159,(anonymous_11)
FN:163,(anonymous_12)
FN:168,(anonymous_13)
FN:172,(anonymous_14)
FN:180,(anonymous_15)
FN:193,(anonymous_16)
FN:197,(anonymous_17)
FN:199,(anonymous_18)
FN:207,(anonymous_19)
FN:229,(anonymous_20)
FN:231,(anonymous_21)
FN:263,(anonymous_22)
FN:268,(anonymous_23)
FN:272,(anonymous_24)
FN:278,(anonymous_25)
FN:296,(anonymous_26)
FN:306,(anonymous_27)
FN:310,(anonymous_28)
FN:318,(anonymous_29)
FN:338,(anonymous_30)
FN:343,(anonymous_31)
FN:347,(anonymous_32)
FN:356,(anonymous_33)
FN:377,(anonymous_34)
FN:389,(anonymous_35)
FN:401,(anonymous_36)
FN:409,(anonymous_37)
FN:421,(anonymous_38)
FN:424,(anonymous_39)
FN:448,(anonymous_40)
FN:456,(anonymous_41)
FN:494,(anonymous_42)
FN:598,(anonymous_43)
FN:631,(anonymous_44)
FN:688,(anonymous_45)
FN:712,(anonymous_46)
FN:721,(anonymous_47)
FN:742,(anonymous_48)
FN:777,(anonymous_49)
FN:783,(anonymous_50)
FNF:51
FNH:11
FNDA:13,(anonymous_0)
FNDA:16,(anonymous_1)
FNDA:9,(anonymous_2)
FNDA:9,(anonymous_3)
FNDA:9,(anonymous_4)
FNDA:2,(anonymous_5)
FNDA:0,(anonymous_6)
FNDA:0,(anonymous_7)
FNDA:1,(anonymous_8)
FNDA:0,(anonymous_9)
FNDA:0,(anonymous_10)
FNDA:0,(anonymous_11)
FNDA:0,(anonymous_12)
FNDA:0,(anonymous_13)
FNDA:4,(anonymous_14)
FNDA:0,(anonymous_15)
FNDA:0,(anonymous_16)
FNDA:0,(anonymous_17)
FNDA:0,(anonymous_18)
FNDA:0,(anonymous_19)
FNDA:0,(anonymous_20)
FNDA:0,(anonymous_21)
FNDA:0,(anonymous_22)
FNDA:0,(anonymous_23)
FNDA:0,(anonymous_24)
FNDA:0,(anonymous_25)
FNDA:0,(anonymous_26)
FNDA:0,(anonymous_27)
FNDA:0,(anonymous_28)
FNDA:0,(anonymous_29)
FNDA:0,(anonymous_30)
FNDA:0,(anonymous_31)
FNDA:0,(anonymous_32)
FNDA:0,(anonymous_33)
FNDA:0,(anonymous_34)
FNDA:0,(anonymous_35)
FNDA:0,(anonymous_36)
FNDA:0,(anonymous_37)
FNDA:0,(anonymous_38)
FNDA:0,(anonymous_39)
FNDA:0,(anonymous_40)
FNDA:0,(anonymous_41)
FNDA:17,(anonymous_42)
FNDA:6,(anonymous_43)
FNDA:52,(anonymous_44)
FNDA:0,(anonymous_45)
FNDA:0,(anonymous_46)
FNDA:0,(anonymous_47)
FNDA:0,(anonymous_48)
FNDA:0,(anonymous_49)
FNDA:0,(anonymous_50)
DA:22,3
DA:23,13
DA:56,3
DA:57,16
DA:58,13
DA:59,13
DA:60,13
DA:61,13
DA:62,13
DA:63,13
DA:71,13
DA:72,13
DA:73,13
DA:74,13
DA:75,13
DA:76,13
DA:77,13
DA:78,13
DA:79,13
DA:80,13
DA:81,13
DA:82,13
DA:83,13
DA:85,13
DA:87,9
DA:88,9
DA:91,13
DA:93,13
DA:94,9
DA:95,9
DA:96,4
DA:98,1
DA:102,13
DA:103,9
DA:104,9
DA:105,4
DA:106,2
DA:108,0
DA:112,2
DA:114,0
DA:119,2
DA:120,2
DA:123,2
DA:125,0
DA:139,1
DA:141,3
DA:146,13
DA:147,1
DA:150,13
DA:151,0
DA:154,13
DA:155,0
DA:156,0
DA:159,13
DA:160,0
DA:163,13
DA:164,0
DA:165,0
DA:168,13
DA:169,0
DA:172,13
DA:173,4
DA:174,4
DA:175,4
DA:176,4
DA:177,4
DA:180,13
DA:181,0
DA:189,0
DA:190,0
DA:193,13
DA:194,0
DA:197,13
DA:198,0
DA:199,0
DA:205,13
DA:207,13
DA:208,0
DA:216,0
DA:219,0
DA:220,0
DA:229,0
DA:230,0
DA:231,0
DA:232,0
DA:242,0
DA:245,0
DA:246,0
DA:247,0
DA:248,0
DA:249,0
DA:251,0
DA:252,0
DA:253,0
DA:255,0
DA:256,0
DA:258,0
DA:263,13
DA:264,0
DA:265,0
DA:268,13
DA:269,0
DA:272,13
DA:273,0
DA:275,0
DA:276,0
DA:278,0
DA:279,0
DA:280,0
DA:281,0
DA:282,0
DA:283,0
DA:285,0
DA:286,0
DA:287,0
DA:289,0
DA:290,0
DA:292,0
DA:296,13
DA:297,0
DA:298,0
DA:299,0
DA:300,0
DA:302,0
DA:303,0
DA:306,13
DA:307,0
DA:310,13
DA:311,0
DA:313,0
DA:314,0
DA:318,0
DA:319,0
DA:320,0
DA:325,0
DA:328,0
DA:329,0
DA:330,0
DA:331,0
DA:332,0
DA:334,0
DA:338,13
DA:339,0
DA:340,0
DA:343,13
DA:344,0
DA:347,13
DA:348,0
DA:350,0
DA:351,0
DA:356,0
DA:357,0
DA:358,0
DA:363,0
DA:366,0
DA:367,0
DA:368,0
DA:369,0
DA:370,0
DA:372,0
DA:377,13
DA:378,0
DA:379,0
DA:380,0
DA:381,0
DA:382,0
DA:384,0
DA:386,0
DA:389,13
DA:390,0
DA:392,13
DA:402,0
DA:410,0
DA:422,0
DA:424,0
DA:448,0
DA:456,13
DA:457,0
DA:458,0
DA:459,0
DA:461,0
DA:462,0
DA:463,0
DA:464,0
DA:466,0
DA:468,0
DA:469,0
DA:471,0
DA:472,0
DA:474,0
DA:475,0
DA:477,0
DA:478,0
DA:480,0
DA:484,0
DA:487,13
DA:495,17
DA:506,13
DA:599,6
DA:632,52
DA:688,0
DA:712,0
DA:721,0
DA:743,0
DA:777,0
DA:783,0
LF:206
LH:79
BRDA:106,0,0,2
BRDA:106,0,1,0
BRDA:107,1,0,0
BRDA:107,1,1,2
BRDA:112,2,0,2
BRDA:112,2,1,0
BRDA:113,3,0,0
BRDA:113,3,1,2
BRDA:123,4,0,0
BRDA:123,4,1,0
BRDA:208,5,0,0
BRDA:208,5,1,0
BRDA:209,6,0,0
BRDA:209,6,1,0
BRDA:209,6,2,0
BRDA:209,6,3,0
BRDA:209,6,4,0
BRDA:209,6,5,0
BRDA:209,6,6,0
BRDA:230,7,0,0
BRDA:230,7,1,0
BRDA:239,8,0,0
BRDA:239,8,1,0
BRDA:251,9,0,0
BRDA:251,9,1,0
BRDA:251,10,0,0
BRDA:251,10,1,0
BRDA:251,10,2,0
BRDA:273,11,0,0
BRDA:273,11,1,0
BRDA:285,12,0,0
BRDA:285,12,1,0
BRDA:285,13,0,0
BRDA:285,13,1,0
BRDA:285,13,2,0
BRDA:297,14,0,0
BRDA:297,14,1,0
BRDA:297,15,0,0
BRDA:297,15,1,0
BRDA:311,16,0,0
BRDA:311,16,1,0
BRDA:311,17,0,0
BRDA:311,17,1,0
BRDA:319,18,0,0
BRDA:319,18,1,0
BRDA:348,19,0,0
BRDA:348,19,1,0
BRDA:348,20,0,0
BRDA:348,20,1,0
BRDA:348,20,2,0
BRDA:357,21,0,0
BRDA:357,21,1,0
BRDA:402,22,0,0
BRDA:402,22,1,0
BRDA:402,23,0,0
BRDA:402,23,1,0
BRDA:410,24,0,0
BRDA:410,24,1,0
BRDA:410,25,0,0
BRDA:410,25,1,0
BRDA:444,26,0,0
BRDA:444,26,1,0
BRDA:461,27,0,0
BRDA:461,27,1,0
BRDA:463,28,0,0
BRDA:463,28,1,0
BRDA:466,29,0,0
BRDA:466,29,1,0
BRDA:466,29,2,0
BRDA:466,29,3,0
BRDA:466,29,4,0
BRDA:646,30,0,13
BRDA:646,30,1,0
BRDA:672,31,0,13
BRDA:672,31,1,0
BRDA:740,32,0,0
BRDA:740,32,1,13
BRDA:740,33,0,13
BRDA:740,33,1,13
BRF:79
BRH:9
end_of_record
TN:
SF:src\components\Tool\Meetings\MeetingsSystem.jsx
FN:3,(anonymous_0)
FNF:1
FNH:1
FNDA:1,(anonymous_0)
DA:3,1
DA:4,1
LF:2
LH:2
BRF:0
BRH:0
end_of_record
TN:
SF:src\components\Tool\TaskManagement\Taskmanajement.jsx
FN:7,(anonymous_0)
FNF:1
FNH:1
FNDA:2,(anonymous_0)
DA:7,1
DA:8,2
LF:2
LH:2
BRF:0
BRH:0
end_of_record
TN:
SF:src\components\Tool\TaskManagement\components\TaskCard.jsx
FN:5,(anonymous_0)
FN:14,(anonymous_1)
FN:23,(anonymous_2)
FN:24,(anonymous_3)
FN:33,(anonymous_4)
FN:34,(anonymous_5)
FN:35,(anonymous_6)
FN:36,(anonymous_7)
FN:45,(anonymous_8)
FN:46,(anonymous_9)
FN:54,(anonymous_10)
FN:58,(anonymous_11)
FN:110,(anonymous_12)
FN:159,(anonymous_13)
FN:208,(anonymous_14)
FN:257,(anonymous_15)
FN:305,(anonymous_16)
FNF:17
FNH:17
FNDA:19,(anonymous_0)
FNDA:38,(anonymous_1)
FNDA:10,(anonymous_2)
FNDA:10,(anonymous_3)
FNDA:8,(anonymous_4)
FNDA:8,(anonymous_5)
FNDA:8,(anonymous_6)
FNDA:8,(anonymous_7)
FNDA:6,(anonymous_8)
FNDA:8,(anonymous_9)
FNDA:6,(anonymous_10)
FNDA:1,(anonymous_11)
FNDA:2,(anonymous_12)
FNDA:1,(anonymous_13)
FNDA:1,(anonymous_14)
FNDA:1,(anonymous_15)
FNDA:1,(anonymous_16)
DA:5,2
DA:6,19
DA:7,19
DA:8,19
DA:9,19
DA:10,19
DA:11,19
DA:14,19
DA:15,38
DA:16,38
DA:17,38
DA:20,19
DA:21,19
DA:23,19
DA:24,10
DA:25,10
DA:26,10
DA:31,5
DA:32,2
DA:33,8
DA:34,8
DA:35,8
DA:36,8
DA:38,3
DA:42,10
DA:45,19
DA:46,6
DA:47,8
DA:54,19
DA:55,6
DA:58,19
DA:59,1
DA:62,19
DA:110,2
DA:159,1
DA:208,1
DA:257,1
DA:305,1
LF:38
LH:38
BRDA:17,0,0,0
BRDA:17,0,1,38
BRDA:101,1,0,0
BRDA:101,1,1,19
BRDA:337,2,0,19
BRDA:337,2,1,2
BRDA:338,3,0,19
BRDA:338,3,1,1
BRDA:339,4,0,19
BRDA:339,4,1,1
BRDA:340,5,0,19
BRDA:340,5,1,1
BRDA:341,6,0,19
BRDA:341,6,1,1
BRDA:344,7,0,19
BRDA:344,7,1,2
BRDA:345,8,0,19
BRDA:345,8,1,1
BRDA:346,9,0,19
BRDA:346,9,1,1
BRDA:347,10,0,19
BRDA:347,10,1,1
BRDA:348,11,0,19
BRDA:348,11,1,1
BRF:24
BRH:22
end_of_record
TN:
SF:src\components\Users\AddEmployeeForm.jsx
FN:5,(anonymous_0)
FN:43,(anonymous_1)
FN:45,(anonymous_2)
FN:51,(anonymous_3)
FN:53,(anonymous_4)
FN:60,(anonymous_5)
FN:70,(anonymous_6)
FN:81,(anonymous_7)
FN:89,(anonymous_8)
FN:118,(anonymous_9)
FN:490,(anonymous_10)
FN:497,(anonymous_11)
FN:500,(anonymous_12)
FN:512,(anonymous_13)
FN:515,(anonymous_14)
FN:527,(anonymous_15)
FN:530,(anonymous_16)
FN:542,(anonymous_17)
FN:545,(anonymous_18)
FN:557,(anonymous_19)
FN:560,(anonymous_20)
FN:569,(anonymous_21)
FN:570,(anonymous_22)
FN:572,(anonymous_23)
FN:583,(anonymous_24)
FN:584,(anonymous_25)
FN:598,(anonymous_26)
FN:605,(anonymous_27)
FN:608,(anonymous_28)
FN:620,(anonymous_29)
FN:623,(anonymous_30)
FN:635,(anonymous_31)
FN:638,(anonymous_32)
FN:650,(anonymous_33)
FN:653,(anonymous_34)
FN:662,(anonymous_35)
FN:663,(anonymous_36)
FN:665,(anonymous_37)
FN:676,(anonymous_38)
FN:677,(anonymous_39)
FN:698,(anonymous_40)
FNF:41
FNH:0
FNDA:0,(anonymous_0)
FNDA:0,(anonymous_1)
FNDA:0,(anonymous_2)
FNDA:0,(anonymous_3)
FNDA:0,(anonymous_4)
FNDA:0,(anonymous_5)
FNDA:0,(anonymous_6)
FNDA:0,(anonymous_7)
FNDA:0,(anonymous_8)
FNDA:0,(anonymous_9)
FNDA:0,(anonymous_10)
FNDA:0,(anonymous_11)
FNDA:0,(anonymous_12)
FNDA:0,(anonymous_13)
FNDA:0,(anonymous_14)
FNDA:0,(anonymous_15)
FNDA:0,(anonymous_16)
FNDA:0,(anonymous_17)
FNDA:0,(anonymous_18)
FNDA:0,(anonymous_19)
FNDA:0,(anonymous_20)
FNDA:0,(anonymous_21)
FNDA:0,(anonymous_22)
FNDA:0,(anonymous_23)
FNDA:0,(anonymous_24)
FNDA:0,(anonymous_25)
FNDA:0,(anonymous_26)
FNDA:0,(anonymous_27)
FNDA:0,(anonymous_28)
FNDA:0,(anonymous_29)
FNDA:0,(anonymous_30)
FNDA:0,(anonymous_31)
FNDA:0,(anonymous_32)
FNDA:0,(anonymous_33)
FNDA:0,(anonymous_34)
FNDA:0,(anonymous_35)
FNDA:0,(anonymous_36)
FNDA:0,(anonymous_37)
FNDA:0,(anonymous_38)
FNDA:0,(anonymous_39)
FNDA:0,(anonymous_40)
DA:5,0
DA:6,0
DA:7,0
DA:34,0
DA:41,0
DA:43,0
DA:44,0
DA:45,0
DA:51,0
DA:52,0
DA:53,0
DA:57,0
DA:60,0
DA:61,0
DA:62,0
DA:63,0
DA:65,0
DA:66,0
DA:70,0
DA:71,0
DA:72,0
DA:74,0
DA:75,0
DA:76,0
DA:77,0
DA:80,0
DA:81,0
DA:82,0
DA:83,0
DA:84,0
DA:85,0
DA:89,0
DA:90,0
DA:91,0
DA:97,0
DA:98,0
DA:103,0
DA:104,0
DA:105,0
DA:106,0
DA:107,0
DA:108,0
DA:110,0
DA:112,0
DA:114,0
DA:118,0
DA:119,0
DA:146,0
DA:154,0
DA:491,0
DA:498,0
DA:499,0
DA:500,0
DA:513,0
DA:514,0
DA:515,0
DA:528,0
DA:529,0
DA:530,0
DA:543,0
DA:544,0
DA:545,0
DA:558,0
DA:559,0
DA:560,0
DA:570,0
DA:572,0
DA:584,0
DA:599,0
DA:606,0
DA:607,0
DA:608,0
DA:621,0
DA:622,0
DA:623,0
DA:636,0
DA:637,0
DA:638,0
DA:651,0
DA:652,0
DA:653,0
DA:663,0
DA:665,0
DA:677,0
DA:698,0
LF:85
LH:0
BRDA:75,0,0,0
BRDA:75,0,1,0
BRDA:82,1,0,0
BRDA:82,1,1,0
BRDA:82,2,0,0
BRDA:82,2,1,0
BRDA:84,3,0,0
BRDA:84,3,1,0
BRDA:90,4,0,0
BRDA:90,4,1,0
BRDA:103,5,0,0
BRDA:103,5,1,0
BRDA:103,6,0,0
BRDA:103,6,1,0
BRDA:702,7,0,0
BRDA:702,7,1,0
BRF:16
BRH:0
end_of_record
TN:
SF:src\components\Users\UserTable.jsx
FN:7,(anonymous_0)
FN:41,(anonymous_1)
FN:54,(anonymous_2)
FN:60,(anonymous_3)
FN:71,(anonymous_4)
FN:75,(anonymous_5)
FN:85,(anonymous_6)
FNF:7
FNH:0
FNDA:0,(anonymous_0)
FNDA:0,(anonymous_1)
FNDA:0,(anonymous_2)
FNDA:0,(anonymous_3)
FNDA:0,(anonymous_4)
FNDA:0,(anonymous_5)
FNDA:0,(anonymous_6)
DA:7,0
DA:8,0
DA:41,0
DA:42,0
DA:43,0
DA:44,0
DA:46,0
DA:55,0
DA:56,0
DA:58,0
DA:60,0
DA:71,0
DA:72,0
DA:75,0
DA:76,0
DA:78,0
DA:79,0
DA:85,0
DA:89,0
DA:90,0
DA:92,0
DA:93,0
DA:97,0
DA:104,0
LF:24
LH:0
BRDA:115,0,0,0
BRDA:115,0,1,0
BRF:2
BRH:0
end_of_record
TN:
SF:src\components\Users\UsersProfile.jsx
FN:8,(anonymous_0)
FN:14,(anonymous_1)
FN:18,(anonymous_2)
FN:36,(anonymous_3)
FN:42,(anonymous_4)
FN:62,(anonymous_5)
FN:108,(anonymous_6)
FN:134,(anonymous_7)
FN:167,(anonymous_8)
FN:172,(anonymous_9)
FN:182,(anonymous_10)
FN:198,(anonymous_11)
FNF:12
FNH:0
FNDA:0,(anonymous_0)
FNDA:0,(anonymous_1)
FNDA:0,(anonymous_2)
FNDA:0,(anonymous_3)
FNDA:0,(anonymous_4)
FNDA:0,(anonymous_5)
FNDA:0,(anonymous_6)
FNDA:0,(anonymous_7)
FNDA:0,(anonymous_8)
FNDA:0,(anonymous_9)
FNDA:0,(anonymous_10)
FNDA:0,(anonymous_11)
DA:8,0
DA:9,0
DA:10,0
DA:11,0
DA:12,0
DA:14,0
DA:15,0
DA:18,0
DA:19,0
DA:20,0
DA:21,0
DA:26,0
DA:27,0
DA:28,0
DA:29,0
DA:31,0
DA:32,0
DA:36,0
DA:37,0
DA:38,0
DA:39,0
DA:42,0
DA:43,0
DA:46,0
DA:47,0
DA:50,0
DA:51,0
DA:56,0
DA:62,0
DA:109,0
DA:135,0
DA:168,0
DA:173,0
DA:174,0
DA:175,0
DA:181,0
DA:183,0
DA:184,0
DA:185,0
DA:186,0
DA:187,0
DA:190,0
DA:191,0
DA:193,0
DA:194,0
DA:195,0
DA:196,0
DA:199,0
LF:48
LH:0
BRDA:39,0,0,0
BRDA:39,0,1,0
BRDA:46,1,0,0
BRDA:46,1,1,0
BRDA:50,2,0,0
BRDA:50,2,1,0
BRDA:107,3,0,0
BRDA:107,3,1,0
BRDA:107,4,0,0
BRDA:107,4,1,0
BRDA:133,5,0,0
BRDA:133,5,1,0
BRDA:133,6,0,0
BRDA:133,6,1,0
BRDA:166,7,0,0
BRDA:166,7,1,0
BRDA:166,8,0,0
BRDA:166,8,1,0
BRF:18
BRH:0
end_of_record
TN:
SF:src\components\Users\adduser.jsx
FNF:0
FNH:0
LF:0
LH:0
BRF:0
BRH:0
end_of_record
TN:
SF:src\pages\Adminpannel.jsx
FN:9,(anonymous_0)
FNF:1
FNH:1
FNDA:1,(anonymous_0)
DA:9,1
DA:10,1
LF:2
LH:2
BRF:0
BRH:0
end_of_record
TN:
SF:src\pages\AuthContext.jsx
FN:7,(anonymous_0)
FN:11,(anonymous_1)
FN:20,(anonymous_2)
FN:28,(anonymous_3)
FNF:4
FNH:4
FNDA:3,(anonymous_0)
FNDA:3,(anonymous_1)
FNDA:1,(anonymous_2)
FNDA:1,(anonymous_3)
DA:5,2
DA:7,2
DA:8,3
DA:11,2
DA:12,3
DA:17,3
DA:20,3
DA:21,1
DA:28,3
DA:29,1
DA:34,1
DA:35,1
DA:38,3
LF:13
LH:13
BRF:0
BRH:0
end_of_record
TN:
SF:src\pages\Companies.jsx
FN:8,(anonymous_0)
FNF:1
FNH:1
FNDA:1,(anonymous_0)
DA:8,1
DA:20,1
LF:2
LH:2
BRF:0
BRH:0
end_of_record
TN:
SF:src\pages\Home.jsx
FN:10,(anonymous_0)
FNF:1
FNH:1
FNDA:1,(anonymous_0)
DA:10,1
DA:11,1
LF:2
LH:2
BRF:0
BRH:0
end_of_record
TN:
SF:src\pages\Login.jsx
FN:6,(anonymous_0)
FN:14,(anonymous_1)
FN:21,(anonymous_2)
FN:26,(anonymous_3)
FN:34,(anonymous_4)
FN:39,(anonymous_5)
FN:44,(anonymous_6)
FNF:7
FNH:4
FNDA:0,(anonymous_0)
FNDA:0,(anonymous_1)
FNDA:0,(anonymous_2)
FNDA:13,(anonymous_3)
FNDA:3,(anonymous_4)
FNDA:3,(anonymous_5)
FNDA:3,(anonymous_6)
DA:6,1
DA:7,0
DA:8,0
DA:9,0
DA:13,1
DA:15,0
DA:16,0
DA:17,0
DA:19,0
DA:22,0
DA:26,1
DA:27,13
DA:28,13
DA:29,13
DA:30,13
DA:31,13
DA:32,13
DA:34,13
DA:35,3
DA:36,3
DA:39,13
DA:40,3
DA:41,3
DA:44,13
DA:45,3
DA:47,3
DA:49,3
DA:50,0
DA:51,0
DA:52,3
DA:53,0
DA:54,0
DA:57,3
DA:58,0
DA:59,0
DA:60,3
DA:61,0
DA:62,0
DA:65,3
DA:66,3
DA:67,3
DA:68,2
DA:71,2
DA:72,2
DA:75,2
DA:76,2
DA:78,0
DA:81,1
DA:82,1
DA:87,13
LF:50
LH:33
BRDA:9,0,0,0
BRDA:9,0,1,0
BRDA:16,1,0,0
BRDA:16,1,1,0
BRDA:49,2,0,0
BRDA:49,2,1,3
BRDA:52,3,0,0
BRDA:52,3,1,3
BRDA:57,4,0,0
BRDA:57,4,1,3
BRDA:60,5,0,0
BRDA:60,5,1,3
BRDA:65,6,0,3
BRDA:65,6,1,0
BRDA:75,7,0,2
BRDA:75,7,1,0
BRDA:97,8,0,0
BRDA:97,8,1,13
BRDA:105,9,0,13
BRDA:105,9,1,0
BRDA:111,10,0,0
BRDA:111,10,1,13
BRDA:112,11,0,13
BRDA:112,11,1,0
BRDA:113,12,0,13
BRDA:113,12,1,1
BRF:26
BRH:12
end_of_record
TN:
SF:src\pages\Task.jsx
FN:11,(anonymous_0)
FNF:1
FNH:1
FNDA:1,(anonymous_0)
DA:11,1
DA:21,1
LF:2
LH:2
BRF:0
BRH:0
end_of_record
TN:
SF:src\pages\Todo.jsx
FN:5,(anonymous_0)
FNF:1
FNH:1
FNDA:1,(anonymous_0)
DA:5,1
DA:6,1
LF:2
LH:2
BRF:0
BRH:0
end_of_record
TN:
SF:src\pages\Tools.jsx
FN:8,(anonymous_0)
FN:11,(anonymous_1)
FNF:2
FNH:2
FNDA:3,(anonymous_0)
FNDA:2,(anonymous_1)
DA:8,1
DA:9,3
DA:11,3
DA:12,2
DA:15,3
LF:5
LH:5
BRDA:25,0,0,3
BRDA:25,0,1,1
BRDA:26,1,0,3
BRDA:26,1,1,1
BRF:4
BRH:4
end_of_record
TN:
SF:src\pages\Userpanel.jsx
FN:5,(anonymous_0)
FNF:1
FNH:1
FNDA:1,(anonymous_0)
DA:5,1
DA:6,1
LF:2
LH:2
BRF:0
BRH:0
end_of_record
TN:
SF:src\pages\Users.jsx
FN:8,(anonymous_0)
FN:12,(anonymous_1)
FN:16,(anonymous_2)
FN:17,(anonymous_3)
FN:31,(anonymous_4)
FNF:5
FNH:5
FNDA:3,(anonymous_0)
FNDA:1,(anonymous_1)
FNDA:1,(anonymous_2)
FNDA:1,(anonymous_3)
FNDA:1,(anonymous_4)
DA:8,1
DA:9,3
DA:12,3
DA:13,1
DA:16,3
DA:17,1
DA:21,3
DA:31,1
LF:8
LH:8
BRDA:30,0,0,1
BRDA:30,0,1,2
BRF:2
BRH:2
end_of_record
