{"C:\\Users\\hp\\Downloads\\diplreact\\dipl\\Backend\\src\\controllers\\companyController.js": {"path":"C:\\Users\\hp\\Downloads\\diplreact\\dipl\\Backend\\src\\controllers\\companyController.js","statementMap":{"0":{"start":{"line":1,"column":17},"end":{"line":1,"column":36}},"1":{"start":{"line":2,"column":16},"end":{"line":2,"column":51}},"2":{"start":{"line":5,"column":0},"end":{"line":12,"column":2}},"3":{"start":{"line":6,"column":2},"end":{"line":11,"column":3}},"4":{"start":{"line":7,"column":22},"end":{"line":7,"column":42}},"5":{"start":{"line":8,"column":4},"end":{"line":8,"column":36}},"6":{"start":{"line":10,"column":4},"end":{"line":10,"column":51}},"7":{"start":{"line":15,"column":0},"end":{"line":23,"column":2}},"8":{"start":{"line":16,"column":2},"end":{"line":22,"column":3}},"9":{"start":{"line":17,"column":20},"end":{"line":17,"column":57}},"10":{"start":{"line":18,"column":4},"end":{"line":18,"column":80}},"11":{"start":{"line":18,"column":18},"end":{"line":18,"column":80}},"12":{"start":{"line":19,"column":4},"end":{"line":19,"column":34}},"13":{"start":{"line":21,"column":4},"end":{"line":21,"column":51}},"14":{"start":{"line":26,"column":0},"end":{"line":58,"column":2}},"15":{"start":{"line":27,"column":2},"end":{"line":57,"column":3}},"16":{"start":{"line":28,"column":44},"end":{"line":28,"column":52}},"17":{"start":{"line":31,"column":26},"end":{"line":33,"column":6}},"18":{"start":{"line":34,"column":4},"end":{"line":36,"column":5}},"19":{"start":{"line":35,"column":6},"end":{"line":35,"column":69}},"20":{"start":{"line":39,"column":32},"end":{"line":41,"column":5}},"21":{"start":{"line":40,"column":15},"end":{"line":40,"column":80}},"22":{"start":{"line":40,"column":47},"end":{"line":40,"column":68}},"23":{"start":{"line":42,"column":4},"end":{"line":44,"column":5}},"24":{"start":{"line":43,"column":6},"end":{"line":43,"column":76}},"25":{"start":{"line":46,"column":23},"end":{"line":51,"column":6}},"26":{"start":{"line":53,"column":25},"end":{"line":53,"column":48}},"27":{"start":{"line":54,"column":4},"end":{"line":54,"column":39}},"28":{"start":{"line":56,"column":4},"end":{"line":56,"column":51}},"29":{"start":{"line":61,"column":0},"end":{"line":73,"column":2}},"30":{"start":{"line":62,"column":2},"end":{"line":72,"column":3}},"31":{"start":{"line":63,"column":27},"end":{"line":67,"column":5}},"32":{"start":{"line":68,"column":4},"end":{"line":68,"column":87}},"33":{"start":{"line":68,"column":25},"end":{"line":68,"column":87}},"34":{"start":{"line":69,"column":4},"end":{"line":69,"column":41}},"35":{"start":{"line":71,"column":4},"end":{"line":71,"column":51}},"36":{"start":{"line":76,"column":0},"end":{"line":84,"column":2}},"37":{"start":{"line":77,"column":2},"end":{"line":83,"column":3}},"38":{"start":{"line":78,"column":27},"end":{"line":78,"column":73}},"39":{"start":{"line":79,"column":4},"end":{"line":79,"column":87}},"40":{"start":{"line":79,"column":25},"end":{"line":79,"column":87}},"41":{"start":{"line":80,"column":4},"end":{"line":80,"column":57}},"42":{"start":{"line":82,"column":4},"end":{"line":82,"column":51}}},"fnMap":{"0":{"name":"(anonymous_0)","decl":{"start":{"line":5,"column":26},"end":{"line":5,"column":27}},"loc":{"start":{"line":5,"column":46},"end":{"line":12,"column":1}},"line":5},"1":{"name":"(anonymous_1)","decl":{"start":{"line":15,"column":25},"end":{"line":15,"column":26}},"loc":{"start":{"line":15,"column":45},"end":{"line":23,"column":1}},"line":15},"2":{"name":"(anonymous_2)","decl":{"start":{"line":26,"column":24},"end":{"line":26,"column":25}},"loc":{"start":{"line":26,"column":44},"end":{"line":58,"column":1}},"line":26},"3":{"name":"(anonymous_3)","decl":{"start":{"line":40,"column":6},"end":{"line":40,"column":7}},"loc":{"start":{"line":40,"column":15},"end":{"line":40,"column":80}},"line":40},"4":{"name":"(anonymous_4)","decl":{"start":{"line":40,"column":40},"end":{"line":40,"column":41}},"loc":{"start":{"line":40,"column":47},"end":{"line":40,"column":68}},"line":40},"5":{"name":"(anonymous_5)","decl":{"start":{"line":61,"column":24},"end":{"line":61,"column":25}},"loc":{"start":{"line":61,"column":44},"end":{"line":73,"column":1}},"line":61},"6":{"name":"(anonymous_6)","decl":{"start":{"line":76,"column":24},"end":{"line":76,"column":25}},"loc":{"start":{"line":76,"column":44},"end":{"line":84,"column":1}},"line":76}},"branchMap":{"0":{"loc":{"start":{"line":18,"column":4},"end":{"line":18,"column":80}},"type":"if","locations":[{"start":{"line":18,"column":4},"end":{"line":18,"column":80}},{"start":{},"end":{}}],"line":18},"1":{"loc":{"start":{"line":34,"column":4},"end":{"line":36,"column":5}},"type":"if","locations":[{"start":{"line":34,"column":4},"end":{"line":36,"column":5}},{"start":{},"end":{}}],"line":34},"2":{"loc":{"start":{"line":42,"column":4},"end":{"line":44,"column":5}},"type":"if","locations":[{"start":{"line":42,"column":4},"end":{"line":44,"column":5}},{"start":{},"end":{}}],"line":42},"3":{"loc":{"start":{"line":68,"column":4},"end":{"line":68,"column":87}},"type":"if","locations":[{"start":{"line":68,"column":4},"end":{"line":68,"column":87}},{"start":{},"end":{}}],"line":68},"4":{"loc":{"start":{"line":79,"column":4},"end":{"line":79,"column":87}},"type":"if","locations":[{"start":{"line":79,"column":4},"end":{"line":79,"column":87}},{"start":{},"end":{}}],"line":79}},"s":{"0":3,"1":3,"2":3,"3":0,"4":0,"5":0,"6":0,"7":3,"8":1,"9":1,"10":1,"11":0,"12":1,"13":0,"14":3,"15":1,"16":1,"17":1,"18":1,"19":0,"20":1,"21":1,"22":1,"23":1,"24":0,"25":1,"26":1,"27":1,"28":0,"29":3,"30":0,"31":0,"32":0,"33":0,"34":0,"35":0,"36":3,"37":0,"38":0,"39":0,"40":0,"41":0,"42":0},"f":{"0":0,"1":1,"2":1,"3":1,"4":1,"5":0,"6":0},"b":{"0":[0,1],"1":[0,1],"2":[0,1],"3":[0,0],"4":[0,0]},"_coverageSchema":"1a1c01bbd47fc00a2c39e90264f33305004495a9","hash":"a95b9713a4bf37832e6b28f66cd699c2144d8959"}
,"C:\\Users\\hp\\Downloads\\diplreact\\dipl\\Backend\\src\\controllers\\taskcontroller.js": {"path":"C:\\Users\\hp\\Downloads\\diplreact\\dipl\\Backend\\src\\controllers\\taskcontroller.js","statementMap":{"0":{"start":{"line":1,"column":13},"end":{"line":1,"column":44}},"1":{"start":{"line":5,"column":0},"end":{"line":28,"column":2}},"2":{"start":{"line":6,"column":2},"end":{"line":27,"column":3}},"3":{"start":{"line":7,"column":53},"end":{"line":7,"column":61}},"4":{"start":{"line":8,"column":22},"end":{"line":8,"column":33}},"5":{"start":{"line":9,"column":23},"end":{"line":9,"column":33}},"6":{"start":{"line":10,"column":20},"end":{"line":10,"column":30}},"7":{"start":{"line":12,"column":20},"end":{"line":20,"column":6}},"8":{"start":{"line":22,"column":22},"end":{"line":22,"column":42}},"9":{"start":{"line":23,"column":4},"end":{"line":23,"column":36}},"10":{"start":{"line":25,"column":4},"end":{"line":25,"column":31}},"11":{"start":{"line":26,"column":4},"end":{"line":26,"column":41}},"12":{"start":{"line":31,"column":0},"end":{"line":56,"column":2}},"13":{"start":{"line":32,"column":2},"end":{"line":55,"column":3}},"14":{"start":{"line":33,"column":19},"end":{"line":33,"column":32}},"15":{"start":{"line":34,"column":32},"end":{"line":34,"column":43}},"16":{"start":{"line":35,"column":20},"end":{"line":35,"column":36}},"17":{"start":{"line":38,"column":17},"end":{"line":38,"column":44}},"18":{"start":{"line":41,"column":4},"end":{"line":43,"column":5}},"19":{"start":{"line":42,"column":6},"end":{"line":42,"column":61}},"20":{"start":{"line":46,"column":4},"end":{"line":48,"column":5}},"21":{"start":{"line":47,"column":6},"end":{"line":47,"column":95}},"22":{"start":{"line":51,"column":4},"end":{"line":51,"column":19}},"23":{"start":{"line":53,"column":4},"end":{"line":53,"column":31}},"24":{"start":{"line":54,"column":4},"end":{"line":54,"column":41}},"25":{"start":{"line":60,"column":0},"end":{"line":92,"column":2}},"26":{"start":{"line":61,"column":2},"end":{"line":91,"column":3}},"27":{"start":{"line":62,"column":32},"end":{"line":62,"column":43}},"28":{"start":{"line":63,"column":20},"end":{"line":63,"column":36}},"29":{"start":{"line":68,"column":4},"end":{"line":85,"column":5}},"30":{"start":{"line":69,"column":6},"end":{"line":75,"column":11}},"31":{"start":{"line":78,"column":6},"end":{"line":84,"column":11}},"32":{"start":{"line":87,"column":4},"end":{"line":87,"column":20}},"33":{"start":{"line":89,"column":4},"end":{"line":89,"column":31}},"34":{"start":{"line":90,"column":4},"end":{"line":90,"column":41}},"35":{"start":{"line":96,"column":0},"end":{"line":127,"column":2}},"36":{"start":{"line":97,"column":2},"end":{"line":126,"column":3}},"37":{"start":{"line":98,"column":64},"end":{"line":98,"column":72}},"38":{"start":{"line":99,"column":23},"end":{"line":99,"column":34}},"39":{"start":{"line":100,"column":19},"end":{"line":100,"column":32}},"40":{"start":{"line":101,"column":20},"end":{"line":101,"column":36}},"41":{"start":{"line":104,"column":4},"end":{"line":107,"column":5}},"42":{"start":{"line":105,"column":6},"end":{"line":105,"column":105}},"43":{"start":{"line":110,"column":24},"end":{"line":114,"column":5}},"44":{"start":{"line":117,"column":4},"end":{"line":119,"column":5}},"45":{"start":{"line":118,"column":6},"end":{"line":118,"column":61}},"46":{"start":{"line":122,"column":4},"end":{"line":122,"column":26}},"47":{"start":{"line":124,"column":4},"end":{"line":124,"column":31}},"48":{"start":{"line":125,"column":4},"end":{"line":125,"column":41}},"49":{"start":{"line":131,"column":0},"end":{"line":162,"column":2}},"50":{"start":{"line":132,"column":2},"end":{"line":161,"column":3}},"51":{"start":{"line":133,"column":19},"end":{"line":133,"column":32}},"52":{"start":{"line":134,"column":30},"end":{"line":134,"column":38}},"53":{"start":{"line":137,"column":17},"end":{"line":137,"column":44}},"54":{"start":{"line":140,"column":4},"end":{"line":142,"column":5}},"55":{"start":{"line":141,"column":6},"end":{"line":141,"column":61}},"56":{"start":{"line":145,"column":4},"end":{"line":145,"column":39}},"57":{"start":{"line":146,"column":4},"end":{"line":146,"column":39}},"58":{"start":{"line":147,"column":4},"end":{"line":152,"column":7}},"59":{"start":{"line":155,"column":24},"end":{"line":155,"column":41}},"60":{"start":{"line":157,"column":4},"end":{"line":157,"column":26}},"61":{"start":{"line":159,"column":4},"end":{"line":159,"column":31}},"62":{"start":{"line":160,"column":4},"end":{"line":160,"column":41}},"63":{"start":{"line":165,"column":0},"end":{"line":196,"column":2}},"64":{"start":{"line":166,"column":2},"end":{"line":195,"column":3}},"65":{"start":{"line":167,"column":19},"end":{"line":167,"column":32}},"66":{"start":{"line":168,"column":41},"end":{"line":168,"column":49}},"67":{"start":{"line":171,"column":17},"end":{"line":171,"column":44}},"68":{"start":{"line":174,"column":4},"end":{"line":176,"column":5}},"69":{"start":{"line":175,"column":6},"end":{"line":175,"column":61}},"70":{"start":{"line":179,"column":4},"end":{"line":179,"column":43}},"71":{"start":{"line":180,"column":4},"end":{"line":180,"column":41}},"72":{"start":{"line":181,"column":4},"end":{"line":186,"column":7}},"73":{"start":{"line":189,"column":24},"end":{"line":189,"column":41}},"74":{"start":{"line":191,"column":4},"end":{"line":191,"column":26}},"75":{"start":{"line":193,"column":4},"end":{"line":193,"column":31}},"76":{"start":{"line":194,"column":4},"end":{"line":194,"column":41}},"77":{"start":{"line":200,"column":0},"end":{"line":217,"column":2}},"78":{"start":{"line":201,"column":2},"end":{"line":216,"column":3}},"79":{"start":{"line":202,"column":19},"end":{"line":202,"column":32}},"80":{"start":{"line":205,"column":17},"end":{"line":205,"column":77}},"81":{"start":{"line":208,"column":4},"end":{"line":210,"column":5}},"82":{"start":{"line":209,"column":6},"end":{"line":209,"column":61}},"83":{"start":{"line":212,"column":4},"end":{"line":212,"column":27}},"84":{"start":{"line":214,"column":4},"end":{"line":214,"column":31}},"85":{"start":{"line":215,"column":4},"end":{"line":215,"column":41}},"86":{"start":{"line":220,"column":0},"end":{"line":244,"column":2}},"87":{"start":{"line":221,"column":2},"end":{"line":243,"column":3}},"88":{"start":{"line":222,"column":19},"end":{"line":222,"column":32}},"89":{"start":{"line":223,"column":20},"end":{"line":223,"column":36}},"90":{"start":{"line":226,"column":4},"end":{"line":228,"column":5}},"91":{"start":{"line":227,"column":6},"end":{"line":227,"column":105}},"92":{"start":{"line":231,"column":17},"end":{"line":231,"column":44}},"93":{"start":{"line":232,"column":4},"end":{"line":234,"column":5}},"94":{"start":{"line":233,"column":6},"end":{"line":233,"column":61}},"95":{"start":{"line":237,"column":4},"end":{"line":237,"column":42}},"96":{"start":{"line":239,"column":4},"end":{"line":239,"column":66}},"97":{"start":{"line":241,"column":4},"end":{"line":241,"column":31}},"98":{"start":{"line":242,"column":4},"end":{"line":242,"column":41}}},"fnMap":{"0":{"name":"(anonymous_0)","decl":{"start":{"line":5,"column":21},"end":{"line":5,"column":22}},"loc":{"start":{"line":5,"column":41},"end":{"line":28,"column":1}},"line":5},"1":{"name":"(anonymous_1)","decl":{"start":{"line":31,"column":22},"end":{"line":31,"column":23}},"loc":{"start":{"line":31,"column":42},"end":{"line":56,"column":1}},"line":31},"2":{"name":"(anonymous_2)","decl":{"start":{"line":60,"column":22},"end":{"line":60,"column":23}},"loc":{"start":{"line":60,"column":42},"end":{"line":92,"column":1}},"line":60},"3":{"name":"(anonymous_3)","decl":{"start":{"line":96,"column":21},"end":{"line":96,"column":22}},"loc":{"start":{"line":96,"column":41},"end":{"line":127,"column":1}},"line":96},"4":{"name":"(anonymous_4)","decl":{"start":{"line":131,"column":23},"end":{"line":131,"column":24}},"loc":{"start":{"line":131,"column":43},"end":{"line":162,"column":1}},"line":131},"5":{"name":"(anonymous_5)","decl":{"start":{"line":165,"column":25},"end":{"line":165,"column":26}},"loc":{"start":{"line":165,"column":45},"end":{"line":196,"column":1}},"line":165},"6":{"name":"(anonymous_6)","decl":{"start":{"line":200,"column":25},"end":{"line":200,"column":26}},"loc":{"start":{"line":200,"column":45},"end":{"line":217,"column":1}},"line":200},"7":{"name":"(anonymous_7)","decl":{"start":{"line":220,"column":21},"end":{"line":220,"column":22}},"loc":{"start":{"line":220,"column":41},"end":{"line":244,"column":1}},"line":220}},"branchMap":{"0":{"loc":{"start":{"line":41,"column":4},"end":{"line":43,"column":5}},"type":"if","locations":[{"start":{"line":41,"column":4},"end":{"line":43,"column":5}},{"start":{},"end":{}}],"line":41},"1":{"loc":{"start":{"line":46,"column":4},"end":{"line":48,"column":5}},"type":"if","locations":[{"start":{"line":46,"column":4},"end":{"line":48,"column":5}},{"start":{},"end":{}}],"line":46},"2":{"loc":{"start":{"line":46,"column":8},"end":{"line":46,"column":55}},"type":"binary-expr","locations":[{"start":{"line":46,"column":8},"end":{"line":46,"column":43}},{"start":{"line":46,"column":47},"end":{"line":46,"column":55}}],"line":46},"3":{"loc":{"start":{"line":68,"column":4},"end":{"line":85,"column":5}},"type":"if","locations":[{"start":{"line":68,"column":4},"end":{"line":85,"column":5}},{"start":{"line":76,"column":11},"end":{"line":85,"column":5}}],"line":68},"4":{"loc":{"start":{"line":104,"column":4},"end":{"line":107,"column":5}},"type":"if","locations":[{"start":{"line":104,"column":4},"end":{"line":107,"column":5}},{"start":{},"end":{}}],"line":104},"5":{"loc":{"start":{"line":117,"column":4},"end":{"line":119,"column":5}},"type":"if","locations":[{"start":{"line":117,"column":4},"end":{"line":119,"column":5}},{"start":{},"end":{}}],"line":117},"6":{"loc":{"start":{"line":140,"column":4},"end":{"line":142,"column":5}},"type":"if","locations":[{"start":{"line":140,"column":4},"end":{"line":142,"column":5}},{"start":{},"end":{}}],"line":140},"7":{"loc":{"start":{"line":174,"column":4},"end":{"line":176,"column":5}},"type":"if","locations":[{"start":{"line":174,"column":4},"end":{"line":176,"column":5}},{"start":{},"end":{}}],"line":174},"8":{"loc":{"start":{"line":208,"column":4},"end":{"line":210,"column":5}},"type":"if","locations":[{"start":{"line":208,"column":4},"end":{"line":210,"column":5}},{"start":{},"end":{}}],"line":208},"9":{"loc":{"start":{"line":226,"column":4},"end":{"line":228,"column":5}},"type":"if","locations":[{"start":{"line":226,"column":4},"end":{"line":228,"column":5}},{"start":{},"end":{}}],"line":226},"10":{"loc":{"start":{"line":232,"column":4},"end":{"line":234,"column":5}},"type":"if","locations":[{"start":{"line":232,"column":4},"end":{"line":234,"column":5}},{"start":{},"end":{}}],"line":232}},"s":{"0":3,"1":3,"2":1,"3":1,"4":1,"5":1,"6":1,"7":1,"8":1,"9":1,"10":0,"11":0,"12":3,"13":1,"14":1,"15":1,"16":1,"17":1,"18":1,"19":0,"20":1,"21":0,"22":1,"23":0,"24":0,"25":3,"26":2,"27":2,"28":2,"29":2,"30":1,"31":1,"32":2,"33":0,"34":0,"35":3,"36":1,"37":1,"38":1,"39":1,"40":1,"41":1,"42":0,"43":1,"44":1,"45":0,"46":1,"47":0,"48":0,"49":3,"50":1,"51":1,"52":1,"53":1,"54":1,"55":0,"56":1,"57":1,"58":1,"59":1,"60":1,"61":0,"62":0,"63":3,"64":1,"65":1,"66":1,"67":1,"68":1,"69":0,"70":1,"71":1,"72":1,"73":1,"74":1,"75":0,"76":0,"77":3,"78":1,"79":1,"80":1,"81":1,"82":0,"83":1,"84":0,"85":0,"86":3,"87":1,"88":1,"89":1,"90":1,"91":0,"92":1,"93":1,"94":0,"95":1,"96":1,"97":0,"98":0},"f":{"0":1,"1":1,"2":2,"3":1,"4":1,"5":1,"6":1,"7":1},"b":{"0":[0,1],"1":[0,1],"2":[1,1],"3":[1,1],"4":[0,1],"5":[0,1],"6":[0,1],"7":[0,1],"8":[0,1],"9":[0,1],"10":[0,1]},"_coverageSchema":"1a1c01bbd47fc00a2c39e90264f33305004495a9","hash":"d1e02902d0eb21e06a5a3c0b686595ff604b906d"}
,"C:\\Users\\hp\\Downloads\\diplreact\\dipl\\Backend\\src\\controllers\\usercontoller.js": {"path":"C:\\Users\\hp\\Downloads\\diplreact\\dipl\\Backend\\src\\controllers\\usercontoller.js","statementMap":{"0":{"start":{"line":1,"column":15},"end":{"line":1,"column":34}},"1":{"start":{"line":2,"column":13},"end":{"line":2,"column":28}},"2":{"start":{"line":3,"column":15},"end":{"line":3,"column":32}},"3":{"start":{"line":4,"column":12},"end":{"line":4,"column":35}},"4":{"start":{"line":5,"column":13},"end":{"line":5,"column":44}},"5":{"start":{"line":6,"column":13},"end":{"line":6,"column":45}},"6":{"start":{"line":9,"column":16},"end":{"line":17,"column":2}},"7":{"start":{"line":11,"column":4},"end":{"line":11,"column":25}},"8":{"start":{"line":14,"column":25},"end":{"line":14,"column":75}},"9":{"start":{"line":15,"column":4},"end":{"line":15,"column":84}},"10":{"start":{"line":19,"column":19},"end":{"line":31,"column":1}},"11":{"start":{"line":21,"column":2},"end":{"line":30,"column":3}},"12":{"start":{"line":27,"column":4},"end":{"line":27,"column":19}},"13":{"start":{"line":29,"column":4},"end":{"line":29,"column":46}},"14":{"start":{"line":33,"column":15},"end":{"line":33,"column":46}},"15":{"start":{"line":36,"column":0},"end":{"line":87,"column":2}},"16":{"start":{"line":37,"column":2},"end":{"line":86,"column":3}},"17":{"start":{"line":38,"column":257},"end":{"line":38,"column":265}},"18":{"start":{"line":41,"column":23},"end":{"line":41,"column":52}},"19":{"start":{"line":42,"column":4},"end":{"line":44,"column":5}},"20":{"start":{"line":43,"column":6},"end":{"line":43,"column":82}},"21":{"start":{"line":47,"column":17},"end":{"line":47,"column":41}},"22":{"start":{"line":48,"column":27},"end":{"line":48,"column":60}},"23":{"start":{"line":51,"column":20},"end":{"line":77,"column":6}},"24":{"start":{"line":80,"column":22},"end":{"line":80,"column":42}},"25":{"start":{"line":82,"column":4},"end":{"line":82,"column":46}},"26":{"start":{"line":84,"column":4},"end":{"line":84,"column":31}},"27":{"start":{"line":85,"column":4},"end":{"line":85,"column":41}},"28":{"start":{"line":90,"column":0},"end":{"line":134,"column":2}},"29":{"start":{"line":91,"column":2},"end":{"line":133,"column":3}},"30":{"start":{"line":92,"column":32},"end":{"line":92,"column":40}},"31":{"start":{"line":95,"column":17},"end":{"line":95,"column":46}},"32":{"start":{"line":96,"column":4},"end":{"line":98,"column":5}},"33":{"start":{"line":97,"column":6},"end":{"line":97,"column":66}},"34":{"start":{"line":101,"column":20},"end":{"line":101,"column":65}},"35":{"start":{"line":102,"column":4},"end":{"line":104,"column":5}},"36":{"start":{"line":103,"column":6},"end":{"line":103,"column":66}},"37":{"start":{"line":107,"column":20},"end":{"line":113,"column":5}},"38":{"start":{"line":115,"column":4},"end":{"line":129,"column":6}},"39":{"start":{"line":120,"column":8},"end":{"line":120,"column":27}},"40":{"start":{"line":120,"column":17},"end":{"line":120,"column":27}},"41":{"start":{"line":121,"column":8},"end":{"line":126,"column":11}},"42":{"start":{"line":127,"column":8},"end":{"line":127,"column":51}},"43":{"start":{"line":131,"column":4},"end":{"line":131,"column":31}},"44":{"start":{"line":132,"column":4},"end":{"line":132,"column":41}},"45":{"start":{"line":137,"column":0},"end":{"line":231,"column":2}},"46":{"start":{"line":138,"column":2},"end":{"line":230,"column":3}},"47":{"start":{"line":164,"column":10},"end":{"line":164,"column":18}},"48":{"start":{"line":167,"column":6},"end":{"line":169,"column":7}},"49":{"start":{"line":167,"column":61},"end":{"line":167,"column":91}},"50":{"start":{"line":168,"column":10},"end":{"line":168,"column":95}},"51":{"start":{"line":172,"column":25},"end":{"line":172,"column":54}},"52":{"start":{"line":173,"column":6},"end":{"line":175,"column":7}},"53":{"start":{"line":174,"column":10},"end":{"line":174,"column":70}},"54":{"start":{"line":178,"column":19},"end":{"line":178,"column":43}},"55":{"start":{"line":179,"column":29},"end":{"line":179,"column":62}},"56":{"start":{"line":182,"column":22},"end":{"line":206,"column":8}},"57":{"start":{"line":209,"column":24},"end":{"line":209,"column":44}},"58":{"start":{"line":212,"column":6},"end":{"line":221,"column":7}},"59":{"start":{"line":213,"column":26},"end":{"line":213,"column":28}},"60":{"start":{"line":214,"column":10},"end":{"line":218,"column":11}},"61":{"start":{"line":215,"column":27},"end":{"line":215,"column":53}},"62":{"start":{"line":216,"column":29},"end":{"line":216,"column":85}},"63":{"start":{"line":217,"column":14},"end":{"line":217,"column":35}},"64":{"start":{"line":219,"column":10},"end":{"line":219,"column":36}},"65":{"start":{"line":220,"column":10},"end":{"line":220,"column":33}},"66":{"start":{"line":224,"column":26},"end":{"line":224,"column":78}},"67":{"start":{"line":226,"column":4},"end":{"line":226,"column":50}},"68":{"start":{"line":229,"column":6},"end":{"line":229,"column":54}},"69":{"start":{"line":235,"column":0},"end":{"line":243,"column":2}},"70":{"start":{"line":236,"column":2},"end":{"line":242,"column":3}},"71":{"start":{"line":237,"column":18},"end":{"line":237,"column":35}},"72":{"start":{"line":238,"column":4},"end":{"line":238,"column":20}},"73":{"start":{"line":240,"column":4},"end":{"line":240,"column":31}},"74":{"start":{"line":241,"column":4},"end":{"line":241,"column":41}},"75":{"start":{"line":247,"column":0},"end":{"line":271,"column":2}},"76":{"start":{"line":248,"column":2},"end":{"line":270,"column":3}},"77":{"start":{"line":249,"column":19},"end":{"line":249,"column":32}},"78":{"start":{"line":250,"column":32},"end":{"line":250,"column":43}},"79":{"start":{"line":251,"column":20},"end":{"line":251,"column":36}},"80":{"start":{"line":254,"column":4},"end":{"line":256,"column":5}},"81":{"start":{"line":255,"column":6},"end":{"line":255,"column":94}},"82":{"start":{"line":259,"column":17},"end":{"line":259,"column":44}},"83":{"start":{"line":262,"column":4},"end":{"line":264,"column":5}},"84":{"start":{"line":263,"column":6},"end":{"line":263,"column":61}},"85":{"start":{"line":266,"column":4},"end":{"line":266,"column":19}},"86":{"start":{"line":268,"column":4},"end":{"line":268,"column":31}},"87":{"start":{"line":269,"column":4},"end":{"line":269,"column":41}},"88":{"start":{"line":274,"column":0},"end":{"line":290,"column":2}},"89":{"start":{"line":275,"column":2},"end":{"line":289,"column":3}},"90":{"start":{"line":278,"column":4},"end":{"line":284,"column":5}},"91":{"start":{"line":280,"column":6},"end":{"line":280,"column":52}},"92":{"start":{"line":283,"column":6},"end":{"line":283,"column":70}},"93":{"start":{"line":286,"column":4},"end":{"line":286,"column":20}},"94":{"start":{"line":288,"column":4},"end":{"line":288,"column":49}},"95":{"start":{"line":294,"column":0},"end":{"line":363,"column":2}},"96":{"start":{"line":295,"column":2},"end":{"line":362,"column":3}},"97":{"start":{"line":318,"column":8},"end":{"line":318,"column":16}},"98":{"start":{"line":319,"column":19},"end":{"line":319,"column":32}},"99":{"start":{"line":322,"column":17},"end":{"line":322,"column":44}},"100":{"start":{"line":323,"column":4},"end":{"line":325,"column":5}},"101":{"start":{"line":324,"column":6},"end":{"line":324,"column":61}},"102":{"start":{"line":328,"column":4},"end":{"line":328,"column":34}},"103":{"start":{"line":329,"column":4},"end":{"line":329,"column":37}},"104":{"start":{"line":330,"column":4},"end":{"line":330,"column":52}},"105":{"start":{"line":331,"column":4},"end":{"line":331,"column":52}},"106":{"start":{"line":332,"column":4},"end":{"line":332,"column":49}},"107":{"start":{"line":333,"column":4},"end":{"line":333,"column":61}},"108":{"start":{"line":334,"column":4},"end":{"line":334,"column":46}},"109":{"start":{"line":335,"column":4},"end":{"line":335,"column":43}},"110":{"start":{"line":336,"column":4},"end":{"line":336,"column":46}},"111":{"start":{"line":337,"column":4},"end":{"line":337,"column":49}},"112":{"start":{"line":338,"column":4},"end":{"line":338,"column":34}},"113":{"start":{"line":339,"column":4},"end":{"line":339,"column":52}},"114":{"start":{"line":340,"column":4},"end":{"line":340,"column":46}},"115":{"start":{"line":341,"column":4},"end":{"line":341,"column":34}},"116":{"start":{"line":342,"column":4},"end":{"line":342,"column":58}},"117":{"start":{"line":343,"column":4},"end":{"line":343,"column":49}},"118":{"start":{"line":344,"column":4},"end":{"line":344,"column":55}},"119":{"start":{"line":345,"column":4},"end":{"line":345,"column":55}},"120":{"start":{"line":346,"column":4},"end":{"line":346,"column":46}},"121":{"start":{"line":347,"column":4},"end":{"line":347,"column":40}},"122":{"start":{"line":350,"column":4},"end":{"line":354,"column":5}},"123":{"start":{"line":351,"column":19},"end":{"line":351,"column":43}},"124":{"start":{"line":352,"column":29},"end":{"line":352,"column":62}},"125":{"start":{"line":353,"column":6},"end":{"line":353,"column":37}},"126":{"start":{"line":357,"column":24},"end":{"line":357,"column":41}},"127":{"start":{"line":358,"column":4},"end":{"line":358,"column":26}},"128":{"start":{"line":360,"column":4},"end":{"line":360,"column":31}},"129":{"start":{"line":361,"column":4},"end":{"line":361,"column":41}},"130":{"start":{"line":365,"column":0},"end":{"line":386,"column":2}},"131":{"start":{"line":366,"column":2},"end":{"line":385,"column":3}},"132":{"start":{"line":367,"column":19},"end":{"line":367,"column":32}},"133":{"start":{"line":370,"column":17},"end":{"line":370,"column":44}},"134":{"start":{"line":371,"column":4},"end":{"line":373,"column":5}},"135":{"start":{"line":372,"column":6},"end":{"line":372,"column":61}},"136":{"start":{"line":376,"column":24},"end":{"line":376,"column":61}},"137":{"start":{"line":377,"column":4},"end":{"line":379,"column":5}},"138":{"start":{"line":378,"column":6},"end":{"line":378,"column":61}},"139":{"start":{"line":381,"column":4},"end":{"line":381,"column":38}},"140":{"start":{"line":383,"column":4},"end":{"line":383,"column":31}},"141":{"start":{"line":384,"column":4},"end":{"line":384,"column":41}}},"fnMap":{"0":{"name":"(anonymous_0)","decl":{"start":{"line":10,"column":15},"end":{"line":10,"column":16}},"loc":{"start":{"line":10,"column":34},"end":{"line":12,"column":3}},"line":10},"1":{"name":"(anonymous_1)","decl":{"start":{"line":13,"column":12},"end":{"line":13,"column":13}},"loc":{"start":{"line":13,"column":37},"end":{"line":16,"column":3}},"line":13},"2":{"name":"(anonymous_2)","decl":{"start":{"line":19,"column":19},"end":{"line":19,"column":20}},"loc":{"start":{"line":19,"column":38},"end":{"line":31,"column":1}},"line":19},"3":{"name":"(anonymous_3)","decl":{"start":{"line":36,"column":23},"end":{"line":36,"column":24}},"loc":{"start":{"line":36,"column":43},"end":{"line":87,"column":1}},"line":36},"4":{"name":"(anonymous_4)","decl":{"start":{"line":90,"column":20},"end":{"line":90,"column":21}},"loc":{"start":{"line":90,"column":40},"end":{"line":134,"column":1}},"line":90},"5":{"name":"(anonymous_5)","decl":{"start":{"line":119,"column":6},"end":{"line":119,"column":7}},"loc":{"start":{"line":119,"column":22},"end":{"line":128,"column":7}},"line":119},"6":{"name":"(anonymous_6)","decl":{"start":{"line":137,"column":21},"end":{"line":137,"column":22}},"loc":{"start":{"line":137,"column":41},"end":{"line":231,"column":1}},"line":137},"7":{"name":"(anonymous_7)","decl":{"start":{"line":167,"column":53},"end":{"line":167,"column":54}},"loc":{"start":{"line":167,"column":61},"end":{"line":167,"column":91}},"line":167},"8":{"name":"(anonymous_8)","decl":{"start":{"line":235,"column":22},"end":{"line":235,"column":23}},"loc":{"start":{"line":235,"column":42},"end":{"line":243,"column":1}},"line":235},"9":{"name":"(anonymous_9)","decl":{"start":{"line":247,"column":22},"end":{"line":247,"column":23}},"loc":{"start":{"line":247,"column":42},"end":{"line":271,"column":1}},"line":247},"10":{"name":"(anonymous_10)","decl":{"start":{"line":274,"column":19},"end":{"line":274,"column":20}},"loc":{"start":{"line":274,"column":39},"end":{"line":290,"column":1}},"line":274},"11":{"name":"(anonymous_11)","decl":{"start":{"line":294,"column":21},"end":{"line":294,"column":22}},"loc":{"start":{"line":294,"column":41},"end":{"line":363,"column":1}},"line":294},"12":{"name":"(anonymous_12)","decl":{"start":{"line":365,"column":21},"end":{"line":365,"column":22}},"loc":{"start":{"line":365,"column":41},"end":{"line":386,"column":1}},"line":365}},"branchMap":{"0":{"loc":{"start":{"line":21,"column":2},"end":{"line":30,"column":3}},"type":"if","locations":[{"start":{"line":21,"column":2},"end":{"line":30,"column":3}},{"start":{"line":28,"column":9},"end":{"line":30,"column":3}}],"line":21},"1":{"loc":{"start":{"line":22,"column":4},"end":{"line":25,"column":33}},"type":"binary-expr","locations":[{"start":{"line":22,"column":4},"end":{"line":22,"column":34}},{"start":{"line":23,"column":4},"end":{"line":23,"column":33}},{"start":{"line":24,"column":4},"end":{"line":24,"column":39}},{"start":{"line":25,"column":4},"end":{"line":25,"column":33}}],"line":22},"2":{"loc":{"start":{"line":42,"column":4},"end":{"line":44,"column":5}},"type":"if","locations":[{"start":{"line":42,"column":4},"end":{"line":44,"column":5}},{"start":{},"end":{}}],"line":42},"3":{"loc":{"start":{"line":70,"column":19},"end":{"line":70,"column":85}},"type":"cond-expr","locations":[{"start":{"line":70,"column":48},"end":{"line":70,"column":59}},{"start":{"line":70,"column":62},"end":{"line":70,"column":85}}],"line":70},"4":{"loc":{"start":{"line":71,"column":17},"end":{"line":71,"column":77}},"type":"cond-expr","locations":[{"start":{"line":71,"column":44},"end":{"line":71,"column":53}},{"start":{"line":71,"column":56},"end":{"line":71,"column":77}}],"line":71},"5":{"loc":{"start":{"line":96,"column":4},"end":{"line":98,"column":5}},"type":"if","locations":[{"start":{"line":96,"column":4},"end":{"line":98,"column":5}},{"start":{},"end":{}}],"line":96},"6":{"loc":{"start":{"line":102,"column":4},"end":{"line":104,"column":5}},"type":"if","locations":[{"start":{"line":102,"column":4},"end":{"line":104,"column":5}},{"start":{},"end":{}}],"line":102},"7":{"loc":{"start":{"line":120,"column":8},"end":{"line":120,"column":27}},"type":"if","locations":[{"start":{"line":120,"column":8},"end":{"line":120,"column":27}},{"start":{},"end":{}}],"line":120},"8":{"loc":{"start":{"line":167,"column":6},"end":{"line":169,"column":7}},"type":"if","locations":[{"start":{"line":167,"column":6},"end":{"line":169,"column":7}},{"start":{},"end":{}}],"line":167},"9":{"loc":{"start":{"line":167,"column":10},"end":{"line":167,"column":92}},"type":"binary-expr","locations":[{"start":{"line":167,"column":10},"end":{"line":167,"column":19}},{"start":{"line":167,"column":23},"end":{"line":167,"column":92}}],"line":167},"10":{"loc":{"start":{"line":173,"column":6},"end":{"line":175,"column":7}},"type":"if","locations":[{"start":{"line":173,"column":6},"end":{"line":175,"column":7}},{"start":{},"end":{}}],"line":173},"11":{"loc":{"start":{"line":200,"column":23},"end":{"line":200,"column":89}},"type":"cond-expr","locations":[{"start":{"line":200,"column":52},"end":{"line":200,"column":63}},{"start":{"line":200,"column":66},"end":{"line":200,"column":89}}],"line":200},"12":{"loc":{"start":{"line":201,"column":21},"end":{"line":201,"column":81}},"type":"cond-expr","locations":[{"start":{"line":201,"column":48},"end":{"line":201,"column":57}},{"start":{"line":201,"column":60},"end":{"line":201,"column":81}}],"line":201},"13":{"loc":{"start":{"line":212,"column":6},"end":{"line":221,"column":7}},"type":"if","locations":[{"start":{"line":212,"column":6},"end":{"line":221,"column":7}},{"start":{},"end":{}}],"line":212},"14":{"loc":{"start":{"line":254,"column":4},"end":{"line":256,"column":5}},"type":"if","locations":[{"start":{"line":254,"column":4},"end":{"line":256,"column":5}},{"start":{},"end":{}}],"line":254},"15":{"loc":{"start":{"line":254,"column":8},"end":{"line":254,"column":49}},"type":"binary-expr","locations":[{"start":{"line":254,"column":8},"end":{"line":254,"column":38}},{"start":{"line":254,"column":41},"end":{"line":254,"column":49}}],"line":254},"16":{"loc":{"start":{"line":262,"column":4},"end":{"line":264,"column":5}},"type":"if","locations":[{"start":{"line":262,"column":4},"end":{"line":264,"column":5}},{"start":{},"end":{}}],"line":262},"17":{"loc":{"start":{"line":278,"column":4},"end":{"line":284,"column":5}},"type":"if","locations":[{"start":{"line":278,"column":4},"end":{"line":284,"column":5}},{"start":{"line":281,"column":11},"end":{"line":284,"column":5}}],"line":278},"18":{"loc":{"start":{"line":323,"column":4},"end":{"line":325,"column":5}},"type":"if","locations":[{"start":{"line":323,"column":4},"end":{"line":325,"column":5}},{"start":{},"end":{}}],"line":323},"19":{"loc":{"start":{"line":328,"column":16},"end":{"line":328,"column":33}},"type":"binary-expr","locations":[{"start":{"line":328,"column":16},"end":{"line":328,"column":20}},{"start":{"line":328,"column":24},"end":{"line":328,"column":33}}],"line":328},"20":{"loc":{"start":{"line":329,"column":17},"end":{"line":329,"column":36}},"type":"binary-expr","locations":[{"start":{"line":329,"column":17},"end":{"line":329,"column":22}},{"start":{"line":329,"column":26},"end":{"line":329,"column":36}}],"line":329},"21":{"loc":{"start":{"line":330,"column":22},"end":{"line":330,"column":51}},"type":"binary-expr","locations":[{"start":{"line":330,"column":22},"end":{"line":330,"column":32}},{"start":{"line":330,"column":36},"end":{"line":330,"column":51}}],"line":330},"22":{"loc":{"start":{"line":331,"column":22},"end":{"line":331,"column":51}},"type":"binary-expr","locations":[{"start":{"line":331,"column":22},"end":{"line":331,"column":32}},{"start":{"line":331,"column":36},"end":{"line":331,"column":51}}],"line":331},"23":{"loc":{"start":{"line":332,"column":21},"end":{"line":332,"column":48}},"type":"binary-expr","locations":[{"start":{"line":332,"column":21},"end":{"line":332,"column":30}},{"start":{"line":332,"column":34},"end":{"line":332,"column":48}}],"line":332},"24":{"loc":{"start":{"line":333,"column":25},"end":{"line":333,"column":60}},"type":"binary-expr","locations":[{"start":{"line":333,"column":25},"end":{"line":333,"column":38}},{"start":{"line":333,"column":42},"end":{"line":333,"column":60}}],"line":333},"25":{"loc":{"start":{"line":334,"column":20},"end":{"line":334,"column":45}},"type":"binary-expr","locations":[{"start":{"line":334,"column":20},"end":{"line":334,"column":28}},{"start":{"line":334,"column":32},"end":{"line":334,"column":45}}],"line":334},"26":{"loc":{"start":{"line":335,"column":19},"end":{"line":335,"column":42}},"type":"binary-expr","locations":[{"start":{"line":335,"column":19},"end":{"line":335,"column":26}},{"start":{"line":335,"column":30},"end":{"line":335,"column":42}}],"line":335},"27":{"loc":{"start":{"line":336,"column":20},"end":{"line":336,"column":45}},"type":"binary-expr","locations":[{"start":{"line":336,"column":20},"end":{"line":336,"column":28}},{"start":{"line":336,"column":32},"end":{"line":336,"column":45}}],"line":336},"28":{"loc":{"start":{"line":337,"column":21},"end":{"line":337,"column":48}},"type":"binary-expr","locations":[{"start":{"line":337,"column":21},"end":{"line":337,"column":30}},{"start":{"line":337,"column":34},"end":{"line":337,"column":48}}],"line":337},"29":{"loc":{"start":{"line":338,"column":16},"end":{"line":338,"column":33}},"type":"binary-expr","locations":[{"start":{"line":338,"column":16},"end":{"line":338,"column":20}},{"start":{"line":338,"column":24},"end":{"line":338,"column":33}}],"line":338},"30":{"loc":{"start":{"line":339,"column":22},"end":{"line":339,"column":51}},"type":"binary-expr","locations":[{"start":{"line":339,"column":22},"end":{"line":339,"column":32}},{"start":{"line":339,"column":36},"end":{"line":339,"column":51}}],"line":339},"31":{"loc":{"start":{"line":340,"column":20},"end":{"line":340,"column":45}},"type":"binary-expr","locations":[{"start":{"line":340,"column":20},"end":{"line":340,"column":28}},{"start":{"line":340,"column":32},"end":{"line":340,"column":45}}],"line":340},"32":{"loc":{"start":{"line":341,"column":16},"end":{"line":341,"column":33}},"type":"binary-expr","locations":[{"start":{"line":341,"column":16},"end":{"line":341,"column":20}},{"start":{"line":341,"column":24},"end":{"line":341,"column":33}}],"line":341},"33":{"loc":{"start":{"line":342,"column":24},"end":{"line":342,"column":57}},"type":"binary-expr","locations":[{"start":{"line":342,"column":24},"end":{"line":342,"column":36}},{"start":{"line":342,"column":40},"end":{"line":342,"column":57}}],"line":342},"34":{"loc":{"start":{"line":343,"column":21},"end":{"line":343,"column":48}},"type":"binary-expr","locations":[{"start":{"line":343,"column":21},"end":{"line":343,"column":30}},{"start":{"line":343,"column":34},"end":{"line":343,"column":48}}],"line":343},"35":{"loc":{"start":{"line":344,"column":23},"end":{"line":344,"column":54}},"type":"binary-expr","locations":[{"start":{"line":344,"column":23},"end":{"line":344,"column":34}},{"start":{"line":344,"column":38},"end":{"line":344,"column":54}}],"line":344},"36":{"loc":{"start":{"line":345,"column":23},"end":{"line":345,"column":54}},"type":"binary-expr","locations":[{"start":{"line":345,"column":23},"end":{"line":345,"column":34}},{"start":{"line":345,"column":38},"end":{"line":345,"column":54}}],"line":345},"37":{"loc":{"start":{"line":346,"column":20},"end":{"line":346,"column":45}},"type":"binary-expr","locations":[{"start":{"line":346,"column":20},"end":{"line":346,"column":28}},{"start":{"line":346,"column":32},"end":{"line":346,"column":45}}],"line":346},"38":{"loc":{"start":{"line":347,"column":18},"end":{"line":347,"column":39}},"type":"binary-expr","locations":[{"start":{"line":347,"column":18},"end":{"line":347,"column":24}},{"start":{"line":347,"column":28},"end":{"line":347,"column":39}}],"line":347},"39":{"loc":{"start":{"line":350,"column":4},"end":{"line":354,"column":5}},"type":"if","locations":[{"start":{"line":350,"column":4},"end":{"line":354,"column":5}},{"start":{},"end":{}}],"line":350},"40":{"loc":{"start":{"line":371,"column":4},"end":{"line":373,"column":5}},"type":"if","locations":[{"start":{"line":371,"column":4},"end":{"line":373,"column":5}},{"start":{},"end":{}}],"line":371},"41":{"loc":{"start":{"line":377,"column":4},"end":{"line":379,"column":5}},"type":"if","locations":[{"start":{"line":377,"column":4},"end":{"line":379,"column":5}},{"start":{},"end":{}}],"line":377}},"s":{"0":3,"1":3,"2":3,"3":3,"4":3,"5":3,"6":3,"7":0,"8":0,"9":0,"10":3,"11":0,"12":0,"13":0,"14":3,"15":3,"16":1,"17":1,"18":1,"19":1,"20":0,"21":1,"22":1,"23":1,"24":1,"25":1,"26":0,"27":0,"28":3,"29":5,"30":5,"31":5,"32":5,"33":0,"34":5,"35":5,"36":0,"37":5,"38":5,"39":5,"40":0,"41":5,"42":5,"43":0,"44":0,"45":3,"46":1,"47":1,"48":1,"49":0,"50":0,"51":1,"52":1,"53":1,"54":0,"55":0,"56":0,"57":0,"58":0,"59":0,"60":0,"61":0,"62":0,"63":0,"64":0,"65":0,"66":0,"67":0,"68":0,"69":3,"70":1,"71":1,"72":1,"73":0,"74":0,"75":3,"76":1,"77":1,"78":1,"79":1,"80":1,"81":0,"82":1,"83":1,"84":0,"85":1,"86":0,"87":0,"88":3,"89":0,"90":0,"91":0,"92":0,"93":0,"94":0,"95":3,"96":0,"97":0,"98":0,"99":0,"100":0,"101":0,"102":0,"103":0,"104":0,"105":0,"106":0,"107":0,"108":0,"109":0,"110":0,"111":0,"112":0,"113":0,"114":0,"115":0,"116":0,"117":0,"118":0,"119":0,"120":0,"121":0,"122":0,"123":0,"124":0,"125":0,"126":0,"127":0,"128":0,"129":0,"130":3,"131":1,"132":1,"133":1,"134":1,"135":0,"136":1,"137":1,"138":0,"139":1,"140":0,"141":0},"f":{"0":0,"1":0,"2":0,"3":1,"4":5,"5":5,"6":1,"7":0,"8":1,"9":1,"10":0,"11":0,"12":1},"b":{"0":[0,0],"1":[0,0,0,0],"2":[0,1],"3":[0,1],"4":[0,1],"5":[0,5],"6":[0,5],"7":[0,5],"8":[0,1],"9":[1,0],"10":[1,0],"11":[0,0],"12":[0,0],"13":[0,0],"14":[0,1],"15":[1,0],"16":[0,1],"17":[0,0],"18":[0,0],"19":[0,0],"20":[0,0],"21":[0,0],"22":[0,0],"23":[0,0],"24":[0,0],"25":[0,0],"26":[0,0],"27":[0,0],"28":[0,0],"29":[0,0],"30":[0,0],"31":[0,0],"32":[0,0],"33":[0,0],"34":[0,0],"35":[0,0],"36":[0,0],"37":[0,0],"38":[0,0],"39":[0,0],"40":[0,1],"41":[0,1]},"_coverageSchema":"1a1c01bbd47fc00a2c39e90264f33305004495a9","hash":"cafcc3f70eec7a504e90b4730aa99d8f57c13dae"}
,"C:\\Users\\hp\\Downloads\\diplreact\\dipl\\Backend\\src\\models\\TaskModels.js": {"path":"C:\\Users\\hp\\Downloads\\diplreact\\dipl\\Backend\\src\\models\\TaskModels.js","statementMap":{"0":{"start":{"line":1,"column":17},"end":{"line":1,"column":36}},"1":{"start":{"line":3,"column":19},"end":{"line":60,"column":1}},"2":{"start":{"line":62,"column":0},"end":{"line":62,"column":52}}},"fnMap":{},"branchMap":{},"s":{"0":3,"1":3,"2":3},"f":{},"b":{},"_coverageSchema":"1a1c01bbd47fc00a2c39e90264f33305004495a9","hash":"f86f7052d2d47b98473069e869f9906aa0cad07c"}
,"C:\\Users\\hp\\Downloads\\diplreact\\dipl\\Backend\\src\\models\\UsersModels.js": {"path":"C:\\Users\\hp\\Downloads\\diplreact\\dipl\\Backend\\src\\models\\UsersModels.js","statementMap":{"0":{"start":{"line":1,"column":17},"end":{"line":1,"column":36}},"1":{"start":{"line":3,"column":19},"end":{"line":66,"column":2}},"2":{"start":{"line":68,"column":0},"end":{"line":68,"column":52}}},"fnMap":{},"branchMap":{},"s":{"0":3,"1":3,"2":3},"f":{},"b":{},"_coverageSchema":"1a1c01bbd47fc00a2c39e90264f33305004495a9","hash":"4b888c2709a85dc9a281ade141a68b35713f144e"}
,"C:\\Users\\hp\\Downloads\\diplreact\\dipl\\Backend\\src\\models\\companiesModel.js": {"path":"C:\\Users\\hp\\Downloads\\diplreact\\dipl\\Backend\\src\\models\\companiesModel.js","statementMap":{"0":{"start":{"line":1,"column":17},"end":{"line":1,"column":36}},"1":{"start":{"line":2,"column":22},"end":{"line":49,"column":4}},"2":{"start":{"line":51,"column":2},"end":{"line":51,"column":60}}},"fnMap":{},"branchMap":{},"s":{"0":3,"1":3,"2":3},"f":{},"b":{},"_coverageSchema":"1a1c01bbd47fc00a2c39e90264f33305004495a9","hash":"db109f95f713f98b345750aa928ca04a407b40a0"}
,"C:\\Users\\hp\\Downloads\\diplreact\\dipl\\Backend\\src\\models\\fileupload.js": {"path":"C:\\Users\\hp\\Downloads\\diplreact\\dipl\\Backend\\src\\models\\fileupload.js","statementMap":{"0":{"start":{"line":1,"column":17},"end":{"line":1,"column":36}},"1":{"start":{"line":3,"column":19},"end":{"line":12,"column":2}},"2":{"start":{"line":14,"column":21},"end":{"line":14,"column":48}},"3":{"start":{"line":17,"column":0},"end":{"line":20,"column":3}},"4":{"start":{"line":18,"column":13},"end":{"line":18,"column":35}},"5":{"start":{"line":19,"column":2},"end":{"line":19,"column":59}},"6":{"start":{"line":22,"column":0},"end":{"line":39,"column":2}},"7":{"start":{"line":23,"column":23},"end":{"line":25,"column":4}},"8":{"start":{"line":27,"column":2},"end":{"line":29,"column":5}},"9":{"start":{"line":28,"column":4},"end":{"line":28,"column":46}},"10":{"start":{"line":31,"column":2},"end":{"line":33,"column":5}},"11":{"start":{"line":32,"column":4},"end":{"line":32,"column":48}},"12":{"start":{"line":35,"column":2},"end":{"line":35,"column":32}},"13":{"start":{"line":38,"column":2},"end":{"line":38,"column":25}},"14":{"start":{"line":41,"column":0},"end":{"line":41,"column":61}}},"fnMap":{"0":{"name":"(anonymous_0)","decl":{"start":{"line":17,"column":36},"end":{"line":17,"column":37}},"loc":{"start":{"line":17,"column":42},"end":{"line":20,"column":1}},"line":17},"1":{"name":"(anonymous_1)","decl":{"start":{"line":22,"column":32},"end":{"line":22,"column":33}},"loc":{"start":{"line":22,"column":76},"end":{"line":39,"column":1}},"line":22},"2":{"name":"(anonymous_2)","decl":{"start":{"line":27,"column":30},"end":{"line":27,"column":31}},"loc":{"start":{"line":27,"column":36},"end":{"line":29,"column":3}},"line":27},"3":{"name":"(anonymous_3)","decl":{"start":{"line":31,"column":29},"end":{"line":31,"column":30}},"loc":{"start":{"line":31,"column":38},"end":{"line":33,"column":3}},"line":31}},"branchMap":{},"s":{"0":3,"1":3,"2":3,"3":3,"4":3,"5":3,"6":3,"7":0,"8":0,"9":0,"10":0,"11":0,"12":0,"13":0,"14":3},"f":{"0":3,"1":0,"2":0,"3":0},"b":{},"_coverageSchema":"1a1c01bbd47fc00a2c39e90264f33305004495a9","hash":"523466dab035104c35a94fe61317acc2eca988e7"}
,"C:\\Users\\hp\\Downloads\\diplreact\\dipl\\Backend\\src\\routes\\companiesroutes.js": {"path":"C:\\Users\\hp\\Downloads\\diplreact\\dipl\\Backend\\src\\routes\\companiesroutes.js","statementMap":{"0":{"start":{"line":1,"column":16},"end":{"line":1,"column":34}},"1":{"start":{"line":2,"column":15},"end":{"line":2,"column":31}},"2":{"start":{"line":3,"column":26},"end":{"line":3,"column":69}},"3":{"start":{"line":6,"column":0},"end":{"line":6,"column":51}},"4":{"start":{"line":9,"column":0},"end":{"line":9,"column":53}},"5":{"start":{"line":12,"column":0},"end":{"line":12,"column":50}},"6":{"start":{"line":15,"column":0},"end":{"line":15,"column":52}},"7":{"start":{"line":18,"column":0},"end":{"line":18,"column":55}},"8":{"start":{"line":20,"column":0},"end":{"line":20,"column":24}}},"fnMap":{},"branchMap":{},"s":{"0":3,"1":3,"2":3,"3":3,"4":3,"5":3,"6":3,"7":3,"8":3},"f":{},"b":{},"_coverageSchema":"1a1c01bbd47fc00a2c39e90264f33305004495a9","hash":"ca247f1fe2079ae26a3f464a5bf3e1a6247bdfc0"}
,"C:\\Users\\hp\\Downloads\\diplreact\\dipl\\Backend\\src\\routes\\taskroutes.js": {"path":"C:\\Users\\hp\\Downloads\\diplreact\\dipl\\Backend\\src\\routes\\taskroutes.js","statementMap":{"0":{"start":{"line":1,"column":16},"end":{"line":1,"column":34}},"1":{"start":{"line":2,"column":15},"end":{"line":2,"column":31}},"2":{"start":{"line":3,"column":30},"end":{"line":3,"column":57}},"3":{"start":{"line":14,"column":4},"end":{"line":14,"column":44}},"4":{"start":{"line":17,"column":0},"end":{"line":17,"column":30}},"5":{"start":{"line":20,"column":0},"end":{"line":20,"column":47}},"6":{"start":{"line":23,"column":0},"end":{"line":23,"column":50}},"7":{"start":{"line":26,"column":0},"end":{"line":26,"column":29}},"8":{"start":{"line":29,"column":0},"end":{"line":29,"column":31}},"9":{"start":{"line":32,"column":0},"end":{"line":32,"column":34}},"10":{"start":{"line":35,"column":0},"end":{"line":35,"column":42}},"11":{"start":{"line":38,"column":0},"end":{"line":38,"column":46}},"12":{"start":{"line":41,"column":0},"end":{"line":41,"column":43}},"13":{"start":{"line":43,"column":0},"end":{"line":43,"column":24}}},"fnMap":{},"branchMap":{},"s":{"0":3,"1":3,"2":3,"3":3,"4":3,"5":3,"6":3,"7":3,"8":3,"9":3,"10":3,"11":3,"12":3,"13":3},"f":{},"b":{},"_coverageSchema":"1a1c01bbd47fc00a2c39e90264f33305004495a9","hash":"0ddd830388342ea011a25ba04dd1e5c82745b558"}
,"C:\\Users\\hp\\Downloads\\diplreact\\dipl\\Backend\\src\\routes\\usersroutes.js": {"path":"C:\\Users\\hp\\Downloads\\diplreact\\dipl\\Backend\\src\\routes\\usersroutes.js","statementMap":{"0":{"start":{"line":1,"column":16},"end":{"line":1,"column":34}},"1":{"start":{"line":2,"column":15},"end":{"line":2,"column":31}},"2":{"start":{"line":3,"column":15},"end":{"line":3,"column":32}},"3":{"start":{"line":4,"column":17},"end":{"line":4,"column":36}},"4":{"start":{"line":5,"column":16},"end":{"line":5,"column":34}},"5":{"start":{"line":6,"column":13},"end":{"line":6,"column":37}},"6":{"start":{"line":7,"column":30},"end":{"line":7,"column":57}},"7":{"start":{"line":8,"column":13},"end":{"line":8,"column":45}},"8":{"start":{"line":9,"column":13},"end":{"line":9,"column":44}},"9":{"start":{"line":19,"column":4},"end":{"line":19,"column":43}},"10":{"start":{"line":22,"column":16},"end":{"line":22,"column":38}},"11":{"start":{"line":23,"column":19},"end":{"line":34,"column":1}},"12":{"start":{"line":24,"column":2},"end":{"line":33,"column":3}},"13":{"start":{"line":30,"column":4},"end":{"line":30,"column":19}},"14":{"start":{"line":32,"column":4},"end":{"line":32,"column":46}},"15":{"start":{"line":36,"column":15},"end":{"line":42,"column":2}},"16":{"start":{"line":45,"column":0},"end":{"line":45,"column":137}},"17":{"start":{"line":46,"column":0},"end":{"line":46,"column":33}},"18":{"start":{"line":49,"column":16},"end":{"line":55,"column":1}},"19":{"start":{"line":50,"column":2},"end":{"line":54,"column":3}},"20":{"start":{"line":51,"column":4},"end":{"line":51,"column":11}},"21":{"start":{"line":53,"column":4},"end":{"line":53,"column":80}},"22":{"start":{"line":58,"column":0},"end":{"line":58,"column":30}},"23":{"start":{"line":61,"column":0},"end":{"line":61,"column":50}},"24":{"start":{"line":64,"column":0},"end":{"line":68,"column":50}},"25":{"start":{"line":71,"column":0},"end":{"line":71,"column":51}},"26":{"start":{"line":73,"column":0},"end":{"line":80,"column":3}},"27":{"start":{"line":74,"column":2},"end":{"line":79,"column":3}},"28":{"start":{"line":75,"column":17},"end":{"line":75,"column":69}},"29":{"start":{"line":76,"column":4},"end":{"line":76,"column":36}},"30":{"start":{"line":78,"column":4},"end":{"line":78,"column":52}},"31":{"start":{"line":82,"column":0},"end":{"line":105,"column":3}},"32":{"start":{"line":83,"column":2},"end":{"line":104,"column":3}},"33":{"start":{"line":84,"column":19},"end":{"line":84,"column":65}},"34":{"start":{"line":85,"column":15},"end":{"line":85,"column":37}},"35":{"start":{"line":86,"column":19},"end":{"line":88,"column":6}},"36":{"start":{"line":90,"column":17},"end":{"line":90,"column":58}},"37":{"start":{"line":92,"column":4},"end":{"line":94,"column":5}},"38":{"start":{"line":93,"column":6},"end":{"line":93,"column":63}},"39":{"start":{"line":96,"column":4},"end":{"line":96,"column":52}},"40":{"start":{"line":97,"column":4},"end":{"line":97,"column":78}},"41":{"start":{"line":99,"column":27},"end":{"line":99,"column":60}},"42":{"start":{"line":100,"column":4},"end":{"line":100,"column":29}},"43":{"start":{"line":102,"column":4},"end":{"line":102,"column":47}},"44":{"start":{"line":103,"column":4},"end":{"line":103,"column":52}},"45":{"start":{"line":107,"column":0},"end":{"line":107,"column":48}},"46":{"start":{"line":110,"column":0},"end":{"line":110,"column":40}},"47":{"start":{"line":113,"column":0},"end":{"line":113,"column":43}},"48":{"start":{"line":115,"column":0},"end":{"line":115,"column":24}}},"fnMap":{"0":{"name":"(anonymous_0)","decl":{"start":{"line":23,"column":19},"end":{"line":23,"column":20}},"loc":{"start":{"line":23,"column":38},"end":{"line":34,"column":1}},"line":23},"1":{"name":"(anonymous_1)","decl":{"start":{"line":49,"column":16},"end":{"line":49,"column":17}},"loc":{"start":{"line":49,"column":36},"end":{"line":55,"column":1}},"line":49},"2":{"name":"(anonymous_2)","decl":{"start":{"line":73,"column":43},"end":{"line":73,"column":44}},"loc":{"start":{"line":73,"column":63},"end":{"line":80,"column":1}},"line":73},"3":{"name":"(anonymous_3)","decl":{"start":{"line":82,"column":52},"end":{"line":82,"column":53}},"loc":{"start":{"line":82,"column":72},"end":{"line":105,"column":1}},"line":82}},"branchMap":{"0":{"loc":{"start":{"line":24,"column":2},"end":{"line":33,"column":3}},"type":"if","locations":[{"start":{"line":24,"column":2},"end":{"line":33,"column":3}},{"start":{"line":31,"column":9},"end":{"line":33,"column":3}}],"line":24},"1":{"loc":{"start":{"line":25,"column":4},"end":{"line":28,"column":33}},"type":"binary-expr","locations":[{"start":{"line":25,"column":4},"end":{"line":25,"column":34}},{"start":{"line":26,"column":4},"end":{"line":26,"column":33}},{"start":{"line":27,"column":4},"end":{"line":27,"column":39}},{"start":{"line":28,"column":4},"end":{"line":28,"column":33}}],"line":25},"2":{"loc":{"start":{"line":50,"column":2},"end":{"line":54,"column":3}},"type":"if","locations":[{"start":{"line":50,"column":2},"end":{"line":54,"column":3}},{"start":{"line":52,"column":9},"end":{"line":54,"column":3}}],"line":50},"3":{"loc":{"start":{"line":50,"column":6},"end":{"line":50,"column":34}},"type":"binary-expr","locations":[{"start":{"line":50,"column":6},"end":{"line":50,"column":14}},{"start":{"line":50,"column":18},"end":{"line":50,"column":34}}],"line":50},"4":{"loc":{"start":{"line":92,"column":4},"end":{"line":94,"column":5}},"type":"if","locations":[{"start":{"line":92,"column":4},"end":{"line":94,"column":5}},{"start":{},"end":{}}],"line":92}},"s":{"0":3,"1":3,"2":3,"3":3,"4":3,"5":3,"6":3,"7":3,"8":3,"9":3,"10":3,"11":3,"12":0,"13":0,"14":0,"15":3,"16":3,"17":3,"18":3,"19":2,"20":2,"21":0,"22":3,"23":3,"24":3,"25":3,"26":3,"27":0,"28":0,"29":0,"30":0,"31":3,"32":0,"33":0,"34":0,"35":0,"36":0,"37":0,"38":0,"39":0,"40":0,"41":0,"42":0,"43":0,"44":0,"45":3,"46":3,"47":3,"48":3},"f":{"0":0,"1":2,"2":0,"3":0},"b":{"0":[0,0],"1":[0,0,0,0],"2":[2,0],"3":[2,2],"4":[0,0]},"_coverageSchema":"1a1c01bbd47fc00a2c39e90264f33305004495a9","hash":"733694e0579f49557624b773d6311edcbcf8b500"}
}
