TN:
SF:src\controllers\companyController.js
FN:5,(anonymous_0)
FN:15,(anonymous_1)
FN:26,(anonymous_2)
FN:40,(anonymous_3)
FN:40,(anonymous_4)
FN:61,(anonymous_5)
FN:76,(anonymous_6)
FNF:7
FNH:4
FNDA:0,(anonymous_0)
FNDA:1,(anonymous_1)
FNDA:1,(anonymous_2)
FNDA:1,(anonymous_3)
FNDA:1,(anonymous_4)
FNDA:0,(anonymous_5)
FNDA:0,(anonymous_6)
DA:1,3
DA:2,3
DA:5,3
DA:6,0
DA:7,0
DA:8,0
DA:10,0
DA:15,3
DA:16,1
DA:17,1
DA:18,1
DA:19,1
DA:21,0
DA:26,3
DA:27,1
DA:28,1
DA:31,1
DA:34,1
DA:35,0
DA:39,1
DA:40,1
DA:42,1
DA:43,0
DA:46,1
DA:53,1
DA:54,1
DA:56,0
DA:61,3
DA:62,0
DA:63,0
DA:68,0
DA:69,0
DA:71,0
DA:76,3
DA:77,0
DA:78,0
DA:79,0
DA:80,0
DA:82,0
LF:39
LH:21
BRDA:18,0,0,0
BRDA:18,0,1,1
BRDA:34,1,0,0
BRDA:34,1,1,1
BRDA:42,2,0,0
BRDA:42,2,1,1
BRDA:68,3,0,0
BRDA:68,3,1,0
BRDA:79,4,0,0
BRDA:79,4,1,0
BRF:10
BRH:3
end_of_record
TN:
SF:src\controllers\taskcontroller.js
FN:5,(anonymous_0)
FN:31,(anonymous_1)
FN:60,(anonymous_2)
FN:96,(anonymous_3)
FN:131,(anonymous_4)
FN:165,(anonymous_5)
FN:200,(anonymous_6)
FN:220,(anonymous_7)
FNF:8
FNH:8
FNDA:1,(anonymous_0)
FNDA:1,(anonymous_1)
FNDA:2,(anonymous_2)
FNDA:1,(anonymous_3)
FNDA:1,(anonymous_4)
FNDA:1,(anonymous_5)
FNDA:1,(anonymous_6)
FNDA:1,(anonymous_7)
DA:1,3
DA:5,3
DA:6,1
DA:7,1
DA:8,1
DA:9,1
DA:10,1
DA:12,1
DA:22,1
DA:23,1
DA:25,0
DA:26,0
DA:31,3
DA:32,1
DA:33,1
DA:34,1
DA:35,1
DA:38,1
DA:41,1
DA:42,0
DA:46,1
DA:47,0
DA:51,1
DA:53,0
DA:54,0
DA:60,3
DA:61,2
DA:62,2
DA:63,2
DA:68,2
DA:69,1
DA:78,1
DA:87,2
DA:89,0
DA:90,0
DA:96,3
DA:97,1
DA:98,1
DA:99,1
DA:100,1
DA:101,1
DA:104,1
DA:105,0
DA:110,1
DA:117,1
DA:118,0
DA:122,1
DA:124,0
DA:125,0
DA:131,3
DA:132,1
DA:133,1
DA:134,1
DA:137,1
DA:140,1
DA:141,0
DA:145,1
DA:146,1
DA:147,1
DA:155,1
DA:157,1
DA:159,0
DA:160,0
DA:165,3
DA:166,1
DA:167,1
DA:168,1
DA:171,1
DA:174,1
DA:175,0
DA:179,1
DA:180,1
DA:181,1
DA:189,1
DA:191,1
DA:193,0
DA:194,0
DA:200,3
DA:201,1
DA:202,1
DA:205,1
DA:208,1
DA:209,0
DA:212,1
DA:214,0
DA:215,0
DA:220,3
DA:221,1
DA:222,1
DA:223,1
DA:226,1
DA:227,0
DA:231,1
DA:232,1
DA:233,0
DA:237,1
DA:239,1
DA:241,0
DA:242,0
LF:99
LH:74
BRDA:41,0,0,0
BRDA:41,0,1,1
BRDA:46,1,0,0
BRDA:46,1,1,1
BRDA:46,2,0,1
BRDA:46,2,1,1
BRDA:68,3,0,1
BRDA:68,3,1,1
BRDA:104,4,0,0
BRDA:104,4,1,1
BRDA:117,5,0,0
BRDA:117,5,1,1
BRDA:140,6,0,0
BRDA:140,6,1,1
BRDA:174,7,0,0
BRDA:174,7,1,1
BRDA:208,8,0,0
BRDA:208,8,1,1
BRDA:226,9,0,0
BRDA:226,9,1,1
BRDA:232,10,0,0
BRDA:232,10,1,1
BRF:22
BRH:13
end_of_record
TN:
SF:src\controllers\usercontoller.js
FN:10,(anonymous_0)
FN:13,(anonymous_1)
FN:19,(anonymous_2)
FN:36,(anonymous_3)
FN:90,(anonymous_4)
FN:119,(anonymous_5)
FN:137,(anonymous_6)
FN:167,(anonymous_7)
FN:235,(anonymous_8)
FN:247,(anonymous_9)
FN:274,(anonymous_10)
FN:294,(anonymous_11)
FN:365,(anonymous_12)
FNF:13
FNH:7
FNDA:0,(anonymous_0)
FNDA:0,(anonymous_1)
FNDA:0,(anonymous_2)
FNDA:1,(anonymous_3)
FNDA:5,(anonymous_4)
FNDA:5,(anonymous_5)
FNDA:1,(anonymous_6)
FNDA:0,(anonymous_7)
FNDA:1,(anonymous_8)
FNDA:1,(anonymous_9)
FNDA:0,(anonymous_10)
FNDA:0,(anonymous_11)
FNDA:1,(anonymous_12)
DA:1,3
DA:2,3
DA:3,3
DA:4,3
DA:5,3
DA:6,3
DA:9,3
DA:11,0
DA:14,0
DA:15,0
DA:19,3
DA:21,0
DA:27,0
DA:29,0
DA:33,3
DA:36,3
DA:37,1
DA:38,1
DA:41,1
DA:42,1
DA:43,0
DA:47,1
DA:48,1
DA:51,1
DA:80,1
DA:82,1
DA:84,0
DA:85,0
DA:90,3
DA:91,5
DA:92,5
DA:95,5
DA:96,5
DA:97,0
DA:101,5
DA:102,5
DA:103,0
DA:107,5
DA:115,5
DA:120,5
DA:121,5
DA:127,5
DA:131,0
DA:132,0
DA:137,3
DA:138,1
DA:164,1
DA:167,1
DA:168,0
DA:172,1
DA:173,1
DA:174,1
DA:178,0
DA:179,0
DA:182,0
DA:209,0
DA:212,0
DA:213,0
DA:214,0
DA:215,0
DA:216,0
DA:217,0
DA:219,0
DA:220,0
DA:224,0
DA:226,0
DA:229,0
DA:235,3
DA:236,1
DA:237,1
DA:238,1
DA:240,0
DA:241,0
DA:247,3
DA:248,1
DA:249,1
DA:250,1
DA:251,1
DA:254,1
DA:255,0
DA:259,1
DA:262,1
DA:263,0
DA:266,1
DA:268,0
DA:269,0
DA:274,3
DA:275,0
DA:278,0
DA:280,0
DA:283,0
DA:286,0
DA:288,0
DA:294,3
DA:295,0
DA:318,0
DA:319,0
DA:322,0
DA:323,0
DA:324,0
DA:328,0
DA:329,0
DA:330,0
DA:331,0
DA:332,0
DA:333,0
DA:334,0
DA:335,0
DA:336,0
DA:337,0
DA:338,0
DA:339,0
DA:340,0
DA:341,0
DA:342,0
DA:343,0
DA:344,0
DA:345,0
DA:346,0
DA:347,0
DA:350,0
DA:351,0
DA:352,0
DA:353,0
DA:357,0
DA:358,0
DA:360,0
DA:361,0
DA:365,3
DA:366,1
DA:367,1
DA:370,1
DA:371,1
DA:372,0
DA:376,1
DA:377,1
DA:378,0
DA:381,1
DA:383,0
DA:384,0
LF:140
LH:61
BRDA:21,0,0,0
BRDA:21,0,1,0
BRDA:22,1,0,0
BRDA:22,1,1,0
BRDA:22,1,2,0
BRDA:22,1,3,0
BRDA:42,2,0,0
BRDA:42,2,1,1
BRDA:70,3,0,0
BRDA:70,3,1,1
BRDA:71,4,0,0
BRDA:71,4,1,1
BRDA:96,5,0,0
BRDA:96,5,1,5
BRDA:102,6,0,0
BRDA:102,6,1,5
BRDA:120,7,0,0
BRDA:120,7,1,5
BRDA:167,8,0,0
BRDA:167,8,1,1
BRDA:167,9,0,1
BRDA:167,9,1,0
BRDA:173,10,0,1
BRDA:173,10,1,0
BRDA:200,11,0,0
BRDA:200,11,1,0
BRDA:201,12,0,0
BRDA:201,12,1,0
BRDA:212,13,0,0
BRDA:212,13,1,0
BRDA:254,14,0,0
BRDA:254,14,1,1
BRDA:254,15,0,1
BRDA:254,15,1,0
BRDA:262,16,0,0
BRDA:262,16,1,1
BRDA:278,17,0,0
BRDA:278,17,1,0
BRDA:323,18,0,0
BRDA:323,18,1,0
BRDA:328,19,0,0
BRDA:328,19,1,0
BRDA:329,20,0,0
BRDA:329,20,1,0
BRDA:330,21,0,0
BRDA:330,21,1,0
BRDA:331,22,0,0
BRDA:331,22,1,0
BRDA:332,23,0,0
BRDA:332,23,1,0
BRDA:333,24,0,0
BRDA:333,24,1,0
BRDA:334,25,0,0
BRDA:334,25,1,0
BRDA:335,26,0,0
BRDA:335,26,1,0
BRDA:336,27,0,0
BRDA:336,27,1,0
BRDA:337,28,0,0
BRDA:337,28,1,0
BRDA:338,29,0,0
BRDA:338,29,1,0
BRDA:339,30,0,0
BRDA:339,30,1,0
BRDA:340,31,0,0
BRDA:340,31,1,0
BRDA:341,32,0,0
BRDA:341,32,1,0
BRDA:342,33,0,0
BRDA:342,33,1,0
BRDA:343,34,0,0
BRDA:343,34,1,0
BRDA:344,35,0,0
BRDA:344,35,1,0
BRDA:345,36,0,0
BRDA:345,36,1,0
BRDA:346,37,0,0
BRDA:346,37,1,0
BRDA:347,38,0,0
BRDA:347,38,1,0
BRDA:350,39,0,0
BRDA:350,39,1,0
BRDA:371,40,0,0
BRDA:371,40,1,1
BRDA:377,41,0,0
BRDA:377,41,1,1
BRF:86
BRH:14
end_of_record
TN:
SF:src\models\TaskModels.js
FNF:0
FNH:0
DA:1,3
DA:3,3
DA:62,3
LF:3
LH:3
BRF:0
BRH:0
end_of_record
TN:
SF:src\models\UsersModels.js
FNF:0
FNH:0
DA:1,3
DA:3,3
DA:68,3
LF:3
LH:3
BRF:0
BRH:0
end_of_record
TN:
SF:src\models\companiesModel.js
FNF:0
FNH:0
DA:1,3
DA:2,3
DA:51,3
LF:3
LH:3
BRF:0
BRH:0
end_of_record
TN:
SF:src\models\fileupload.js
FN:17,(anonymous_0)
FN:22,(anonymous_1)
FN:27,(anonymous_2)
FN:31,(anonymous_3)
FNF:4
FNH:1
FNDA:3,(anonymous_0)
FNDA:0,(anonymous_1)
FNDA:0,(anonymous_2)
FNDA:0,(anonymous_3)
DA:1,3
DA:3,3
DA:14,3
DA:17,3
DA:18,3
DA:19,3
DA:22,3
DA:23,0
DA:27,0
DA:28,0
DA:31,0
DA:32,0
DA:35,0
DA:38,0
DA:41,3
LF:15
LH:8
BRF:0
BRH:0
end_of_record
TN:
SF:src\routes\companiesroutes.js
FNF:0
FNH:0
DA:1,3
DA:2,3
DA:3,3
DA:6,3
DA:9,3
DA:12,3
DA:15,3
DA:18,3
DA:20,3
LF:9
LH:9
BRF:0
BRH:0
end_of_record
TN:
SF:src\routes\taskroutes.js
FNF:0
FNH:0
DA:1,3
DA:2,3
DA:3,3
DA:14,3
DA:17,3
DA:20,3
DA:23,3
DA:26,3
DA:29,3
DA:32,3
DA:35,3
DA:38,3
DA:41,3
DA:43,3
LF:14
LH:14
BRF:0
BRH:0
end_of_record
TN:
SF:src\routes\usersroutes.js
FN:23,(anonymous_0)
FN:49,(anonymous_1)
FN:73,(anonymous_2)
FN:82,(anonymous_3)
FNF:4
FNH:1
FNDA:0,(anonymous_0)
FNDA:2,(anonymous_1)
FNDA:0,(anonymous_2)
FNDA:0,(anonymous_3)
DA:1,3
DA:2,3
DA:3,3
DA:4,3
DA:5,3
DA:6,3
DA:7,3
DA:8,3
DA:9,3
DA:19,3
DA:22,3
DA:23,3
DA:24,0
DA:30,0
DA:32,0
DA:36,3
DA:45,3
DA:46,3
DA:49,3
DA:50,2
DA:51,2
DA:53,0
DA:58,3
DA:61,3
DA:64,3
DA:71,3
DA:73,3
DA:74,0
DA:75,0
DA:76,0
DA:78,0
DA:82,3
DA:83,0
DA:84,0
DA:85,0
DA:86,0
DA:90,0
DA:92,0
DA:93,0
DA:96,0
DA:97,0
DA:99,0
DA:100,0
DA:102,0
DA:103,0
DA:107,3
DA:110,3
DA:113,3
DA:115,3
LF:49
LH:28
BRDA:24,0,0,0
BRDA:24,0,1,0
BRDA:25,1,0,0
BRDA:25,1,1,0
BRDA:25,1,2,0
BRDA:25,1,3,0
BRDA:50,2,0,2
BRDA:50,2,1,0
BRDA:50,3,0,2
BRDA:50,3,1,2
BRDA:92,4,0,0
BRDA:92,4,1,0
BRF:12
BRH:3
end_of_record
